# JRE version: OpenJDK Runtime Environment Temurin-17.0.4.1+1 (17.0.4.1+1) (build 17.0.4.1+1)
# Java VM: OpenJDK 64-Bit Server VM Temurin-17.0.4.1+1 (17.0.4.1+1, mixed mode, tiered, compressed oops, compressed class ptrs, parallel gc, windows-amd64)
GC Precious Log:
 CPUs: 4 total, 4 available
 Memory: 4095M
 Large Page Support: Disabled
 NUMA Support: Disabled
 Compressed Oops: Enabled (32-bit)
 Alignments: Space 512K, Generation 512K, Heap 2M
 Heap Min Capacity: 100M
 Heap Initial Capacity: 100M
 Heap Max Capacity: 1G
 Pre-touch: Disabled
 Parallel Workers: 4
Heap:
 PSYoungGen      total 11776K, used 11321K [0x00000000eab00000, 0x00000000ec100000, 0x0000000100000000)
  eden space 8704K, 100% used [0x00000000eab00000,0x00000000eb380000,0x00000000eb380000)
  from space 3072K, 85% used [0x00000000ebe00000,0x00000000ec08e518,0x00000000ec100000)
  to   space 5632K, 42% used [0x00000000eb600000,0x00000000eb859210,0x00000000ebb80000)
 ParOldGen       total 151552K, used 141820K [0x00000000c0000000, 0x00000000c9400000, 0x00000000eab00000)
  object space 151552K, 93% used [0x00000000c0000000,0x00000000c8a7f0c8,0x00000000c9400000)
 Metaspace       used 76263K, committed 77184K, reserved 1122304K
  class space    used 7426K, committed 7808K, reserved 1048576K
GC Heap History (20 events):
Event: 814.988 GC heap after
{Heap after GC invocations=2686 (full 85):
 PSYoungGen      total 7680K, used 2397K [0x00000000eab00000, 0x00000000eb600000, 0x0000000100000000)
  eden space 4608K, 0% used [0x00000000eab00000,0x00000000eab00000,0x00000000eaf80000)
  from space 3072K, 78% used [0x00000000eaf80000,0x00000000eb1d7790,0x00000000eb280000)
  to   space 3072K, 0% used [0x00000000eb300000,0x00000000eb300000,0x00000000eb600000)
 ParOldGen       total 151552K, used 115657K [0x00000000c0000000, 0x00000000c9400000, 0x00000000eab00000)
  object space 151552K, 76% used [0x00000000c0000000,0x00000000c70f2708,0x00000000c9400000)
 Metaspace       used 76247K, committed 77184K, reserved 1122304K
  class space    used 7426K, committed 7808K, reserved 1048576K
}
Event: 815.038 GC heap before
{Heap before GC invocations=2687 (full 85):
 PSYoungGen      total 7680K, used 7005K [0x00000000eab00000, 0x00000000eb600000, 0x0000000100000000)
  eden space 4608K, 100% used [0x00000000eab00000,0x00000000eaf80000,0x00000000eaf80000)
  from space 3072K, 78% used [0x00000000eaf80000,0x00000000eb1d7790,0x00000000eb280000)
  to   space 3072K, 0% used [0x00000000eb300000,0x00000000eb300000,0x00000000eb600000)
 ParOldGen       total 151552K, used 115657K [0x00000000c0000000, 0x00000000c9400000, 0x00000000eab00000)
  object space 151552K, 76% used [0x00000000c0000000,0x00000000c70f2708,0x00000000c9400000)
 Metaspace       used 76247K, committed 77184K, reserved 1122304K
  class space    used 7426K, committed 7808K, reserved 1048576K
}
Event: 815.044 GC heap after
{Heap after GC invocations=2687 (full 85):
 PSYoungGen      total 7168K, used 1440K [0x00000000eab00000, 0x00000000eb480000, 0x0000000100000000)
  eden space 5632K, 0% used [0x00000000eab00000,0x00000000eab00000,0x00000000eb080000)
  from space 1536K, 93% used [0x00000000eb300000,0x00000000eb468000,0x00000000eb480000)
  to   space 2048K, 0% used [0x00000000eb080000,0x00000000eb080000,0x00000000eb280000)
 ParOldGen       total 151552K, used 118025K [0x00000000c0000000, 0x00000000c9400000, 0x00000000eab00000)
  object space 151552K, 77% used [0x00000000c0000000,0x00000000c73427d8,0x00000000c9400000)
 Metaspace       used 76247K, committed 77184K, reserved 1122304K
  class space    used 7426K, committed 7808K, reserved 1048576K
}
Event: 815.085 GC heap before
{Heap before GC invocations=2688 (full 85):
 PSYoungGen      total 7168K, used 7072K [0x00000000eab00000, 0x00000000eb480000, 0x0000000100000000)
  eden space 5632K, 100% used [0x00000000eab00000,0x00000000eb080000,0x00000000eb080000)
  from space 1536K, 93% used [0x00000000eb300000,0x00000000eb468000,0x00000000eb480000)
  to   space 2048K, 0% used [0x00000000eb080000,0x00000000eb080000,0x00000000eb280000)
 ParOldGen       total 151552K, used 118025K [0x00000000c0000000, 0x00000000c9400000, 0x00000000eab00000)
  object space 151552K, 77% used [0x00000000c0000000,0x00000000c73427d8,0x00000000c9400000)
 Metaspace       used 76247K, committed 77184K, reserved 1122304K
  class space    used 7426K, committed 7808K, reserved 1048576K
}
Event: 815.092 GC heap after
{Heap after GC invocations=2688 (full 85):
 PSYoungGen      total 7680K, used 2040K [0x00000000eab00000, 0x00000000eba00000, 0x0000000100000000)
  eden space 5632K, 0% used [0x00000000eab00000,0x00000000eab00000,0x00000000eb080000)
  from space 2048K, 99% used [0x00000000eb080000,0x00000000eb27e0a0,0x00000000eb280000)
  to   space 4096K, 0% used [0x00000000eb600000,0x00000000eb600000,0x00000000eba00000)
 ParOldGen       total 151552K, used 119403K [0x00000000c0000000, 0x00000000c9400000, 0x00000000eab00000)
  object space 151552K, 78% used [0x00000000c0000000,0x00000000c749ac08,0x00000000c9400000)
 Metaspace       used 76247K, committed 77184K, reserved 1122304K
  class space    used 7426K, committed 7808K, reserved 1048576K
}
Event: 815.138 GC heap before
{Heap before GC invocations=2689 (full 85):
 PSYoungGen      total 7680K, used 7672K [0x00000000eab00000, 0x00000000eba00000, 0x0000000100000000)
  eden space 5632K, 100% used [0x00000000eab00000,0x00000000eb080000,0x00000000eb080000)
  from space 2048K, 99% used [0x00000000eb080000,0x00000000eb27e0a0,0x00000000eb280000)
  to   space 4096K, 0% used [0x00000000eb600000,0x00000000eb600000,0x00000000eba00000)
 ParOldGen       total 151552K, used 119403K [0x00000000c0000000, 0x00000000c9400000, 0x00000000eab00000)
  object space 151552K, 78% used [0x00000000c0000000,0x00000000c749ac08,0x00000000c9400000)
 Metaspace       used 76247K, committed 77184K, reserved 1122304K
  class space    used 7426K, committed 7808K, reserved 1048576K
}
Event: 815.144 GC heap after
{Heap after GC invocations=2689 (full 85):
 PSYoungGen      total 7680K, used 288K [0x00000000eab00000, 0x00000000eb680000, 0x0000000100000000)
  eden space 7168K, 0% used [0x00000000eab00000,0x00000000eab00000,0x00000000eb200000)
  from space 512K, 56% used [0x00000000eb600000,0x00000000eb648000,0x00000000eb680000)
  to   space 1536K, 0% used [0x00000000eb380000,0x00000000eb380000,0x00000000eb500000)
 ParOldGen       total 151552K, used 121373K [0x00000000c0000000, 0x00000000c9400000, 0x00000000eab00000)
  object space 151552K, 80% used [0x00000000c0000000,0x00000000c7687590,0x00000000c9400000)
 Metaspace       used 76247K, committed 77184K, reserved 1122304K
  class space    used 7426K, committed 7808K, reserved 1048576K
}
Event: 815.209 GC heap before
{Heap before GC invocations=2690 (full 85):
 PSYoungGen      total 7680K, used 7456K [0x00000000eab00000, 0x00000000eb680000, 0x0000000100000000)
  eden space 7168K, 100% used [0x00000000eab00000,0x00000000eb200000,0x00000000eb200000)
  from space 512K, 56% used [0x00000000eb600000,0x00000000eb648000,0x00000000eb680000)
  to   space 1536K, 0% used [0x00000000eb380000,0x00000000eb380000,0x00000000eb500000)
 ParOldGen       total 151552K, used 121373K [0x00000000c0000000, 0x00000000c9400000, 0x00000000eab00000)
  object space 151552K, 80% used [0x00000000c0000000,0x00000000c7687590,0x00000000c9400000)
 Metaspace       used 76247K, committed 77184K, reserved 1122304K
  class space    used 7426K, committed 7808K, reserved 1048576K
}
Event: 815.213 GC heap after
{Heap after GC invocations=2690 (full 85):
 PSYoungGen      total 8704K, used 1529K [0x00000000eab00000, 0x00000000eb800000, 0x0000000100000000)
  eden space 7168K, 0% used [0x00000000eab00000,0x00000000eab00000,0x00000000eb200000)
  from space 1536K, 99% used [0x00000000eb380000,0x00000000eb4fe410,0x00000000eb500000)
  to   space 3072K, 0% used [0x00000000eb500000,0x00000000eb500000,0x00000000eb800000)
 ParOldGen       total 151552K, used 122229K [0x00000000c0000000, 0x00000000c9400000, 0x00000000eab00000)
  object space 151552K, 80% used [0x00000000c0000000,0x00000000c775d650,0x00000000c9400000)
 Metaspace       used 76247K, committed 77184K, reserved 1122304K
  class space    used 7426K, committed 7808K, reserved 1048576K
}
Event: 815.268 GC heap before
{Heap before GC invocations=2691 (full 85):
 PSYoungGen      total 8704K, used 8102K [0x00000000eab00000, 0x00000000eb800000, 0x0000000100000000)
  eden space 7168K, 91% used [0x00000000eab00000,0x00000000eb16b420,0x00000000eb200000)
  from space 1536K, 99% used [0x00000000eb380000,0x00000000eb4fe410,0x00000000eb500000)
  to   space 3072K, 0% used [0x00000000eb500000,0x00000000eb500000,0x00000000eb800000)
 ParOldGen       total 151552K, used 122229K [0x00000000c0000000, 0x00000000c9400000, 0x00000000eab00000)
  object space 151552K, 80% used [0x00000000c0000000,0x00000000c775d650,0x00000000c9400000)
 Metaspace       used 76248K, committed 77184K, reserved 1122304K
  class space    used 7426K, committed 7808K, reserved 1048576K
}
Event: 815.274 GC heap after
{Heap after GC invocations=2691 (full 85):
 PSYoungGen      total 9728K, used 2278K [0x00000000eab00000, 0x00000000eb780000, 0x0000000100000000)
  eden space 7168K, 0% used [0x00000000eab00000,0x00000000eab00000,0x00000000eb200000)
  from space 2560K, 88% used [0x00000000eb500000,0x00000000eb7398a0,0x00000000eb780000)
  to   space 2560K, 0% used [0x00000000eb280000,0x00000000eb280000,0x00000000eb500000)
 ParOldGen       total 151552K, used 123778K [0x00000000c0000000, 0x00000000c9400000, 0x00000000eab00000)
  object space 151552K, 81% used [0x00000000c0000000,0x00000000c78e0a90,0x00000000c9400000)
 Metaspace       used 76248K, committed 77184K, reserved 1122304K
  class space    used 7426K, committed 7808K, reserved 1048576K
}
Event: 815.314 GC heap before
{Heap before GC invocations=2692 (full 85):
 PSYoungGen      total 9728K, used 9021K [0x00000000eab00000, 0x00000000eb780000, 0x0000000100000000)
  eden space 7168K, 94% used [0x00000000eab00000,0x00000000eb195ea0,0x00000000eb200000)
  from space 2560K, 88% used [0x00000000eb500000,0x00000000eb7398a0,0x00000000eb780000)
  to   space 2560K, 0% used [0x00000000eb280000,0x00000000eb280000,0x00000000eb500000)
 ParOldGen       total 151552K, used 123778K [0x00000000c0000000, 0x00000000c9400000, 0x00000000eab00000)
  object space 151552K, 81% used [0x00000000c0000000,0x00000000c78e0a90,0x00000000c9400000)
 Metaspace       used 76249K, committed 77184K, reserved 1122304K
  class space    used 7426K, committed 7808K, reserved 1048576K
}
Event: 815.322 GC heap after
{Heap after GC invocations=2692 (full 85):
 PSYoungGen      total 9728K, used 2534K [0x00000000eab00000, 0x00000000ec000000, 0x0000000100000000)
  eden space 7168K, 0% used [0x00000000eab00000,0x00000000eab00000,0x00000000eb200000)
  from space 2560K, 99% used [0x00000000eb280000,0x00000000eb4f9be8,0x00000000eb500000)
  to   space 7168K, 0% used [0x00000000eb900000,0x00000000eb900000,0x00000000ec000000)
 ParOldGen       total 151552K, used 127340K [0x00000000c0000000, 0x00000000c9400000, 0x00000000eab00000)
  object space 151552K, 84% used [0x00000000c0000000,0x00000000c7c5b150,0x00000000c9400000)
 Metaspace       used 76249K, committed 77184K, reserved 1122304K
  class space    used 7426K, committed 7808K, reserved 1048576K
}
Event: 815.345 GC heap before
{Heap before GC invocations=2693 (full 85):
 PSYoungGen      total 9728K, used 9702K [0x00000000eab00000, 0x00000000ec000000, 0x0000000100000000)
  eden space 7168K, 100% used [0x00000000eab00000,0x00000000eb200000,0x00000000eb200000)
  from space 2560K, 99% used [0x00000000eb280000,0x00000000eb4f9be8,0x00000000eb500000)
  to   space 7168K, 0% used [0x00000000eb900000,0x00000000eb900000,0x00000000ec000000)
 ParOldGen       total 151552K, used 127340K [0x00000000c0000000, 0x00000000c9400000, 0x00000000eab00000)
  object space 151552K, 84% used [0x00000000c0000000,0x00000000c7c5b150,0x00000000c9400000)
 Metaspace       used 76249K, committed 77184K, reserved 1122304K
  class space    used 7426K, committed 7808K, reserved 1048576K
}
Event: 815.352 GC heap after
{Heap after GC invocations=2693 (full 85):
 PSYoungGen      total 13312K, used 4408K [0x00000000eab00000, 0x00000000ebd80000, 0x0000000100000000)
  eden space 8704K, 0% used [0x00000000eab00000,0x00000000eab00000,0x00000000eb380000)
  from space 4608K, 95% used [0x00000000eb900000,0x00000000ebd4e320,0x00000000ebd80000)
  to   space 5120K, 0% used [0x00000000eb380000,0x00000000eb380000,0x00000000eb880000)
 ParOldGen       total 151552K, used 129877K [0x00000000c0000000, 0x00000000c9400000, 0x00000000eab00000)
  object space 151552K, 85% used [0x00000000c0000000,0x00000000c7ed5630,0x00000000c9400000)
 Metaspace       used 76249K, committed 77184K, reserved 1122304K
  class space    used 7426K, committed 7808K, reserved 1048576K
}
Event: 815.439 GC heap before
{Heap before GC invocations=2694 (full 85):
 PSYoungGen      total 13312K, used 13112K [0x00000000eab00000, 0x00000000ebd80000, 0x0000000100000000)
  eden space 8704K, 100% used [0x00000000eab00000,0x00000000eb380000,0x00000000eb380000)
  from space 4608K, 95% used [0x00000000eb900000,0x00000000ebd4e320,0x00000000ebd80000)
  to   space 5120K, 0% used [0x00000000eb380000,0x00000000eb380000,0x00000000eb880000)
 ParOldGen       total 151552K, used 129877K [0x00000000c0000000, 0x00000000c9400000, 0x00000000eab00000)
  object space 151552K, 85% used [0x00000000c0000000,0x00000000c7ed5630,0x00000000c9400000)
 Metaspace       used 76250K, committed 77184K, reserved 1122304K
  class space    used 7426K, committed 7808K, reserved 1048576K
}
Event: 815.448 GC heap after
{Heap after GC invocations=2694 (full 85):
 PSYoungGen      total 13824K, used 5117K [0x00000000eab00000, 0x00000000ec880000, 0x0000000100000000)
  eden space 8704K, 0% used [0x00000000eab00000,0x00000000eab00000,0x00000000eb380000)
  from space 5120K, 99% used [0x00000000eb380000,0x00000000eb87f750,0x00000000eb880000)
  to   space 10752K, 0% used [0x00000000ebe00000,0x00000000ebe00000,0x00000000ec880000)
 ParOldGen       total 151552K, used 134293K [0x00000000c0000000, 0x00000000c9400000, 0x00000000eab00000)
  object space 151552K, 88% used [0x00000000c0000000,0x00000000c8325640,0x00000000c9400000)
 Metaspace       used 76250K, committed 77184K, reserved 1122304K
  class space    used 7426K, committed 7808K, reserved 1048576K
}
Event: 815.512 GC heap before
{Heap before GC invocations=2695 (full 85):
 PSYoungGen      total 13824K, used 13821K [0x00000000eab00000, 0x00000000ec880000, 0x0000000100000000)
  eden space 8704K, 100% used [0x00000000eab00000,0x00000000eb380000,0x00000000eb380000)
  from space 5120K, 99% used [0x00000000eb380000,0x00000000eb87f750,0x00000000eb880000)
  to   space 10752K, 0% used [0x00000000ebe00000,0x00000000ebe00000,0x00000000ec880000)
 ParOldGen       total 151552K, used 134293K [0x00000000c0000000, 0x00000000c9400000, 0x00000000eab00000)
  object space 151552K, 88% used [0x00000000c0000000,0x00000000c8325640,0x00000000c9400000)
 Metaspace       used 76250K, committed 77184K, reserved 1122304K
  class space    used 7426K, committed 7808K, reserved 1048576K
}
Event: 815.521 GC heap after
{Heap after GC invocations=2695 (full 85):
 PSYoungGen      total 11776K, used 2617K [0x00000000eab00000, 0x00000000ec100000, 0x0000000100000000)
  eden space 8704K, 0% used [0x00000000eab00000,0x00000000eab00000,0x00000000eb380000)
  from space 3072K, 85% used [0x00000000ebe00000,0x00000000ec08e518,0x00000000ec100000)
  to   space 5632K, 0% used [0x00000000eb600000,0x00000000eb600000,0x00000000ebb80000)
 ParOldGen       total 151552K, used 139384K [0x00000000c0000000, 0x00000000c9400000, 0x00000000eab00000)
  object space 151552K, 91% used [0x00000000c0000000,0x00000000c881e1f8,0x00000000c9400000)
 Metaspace       used 76250K, committed 77184K, reserved 1122304K
  class space    used 7426K, committed 7808K, reserved 1048576K
}
Event: 815.585 GC heap before
{Heap before GC invocations=2696 (full 85):
 PSYoungGen      total 11776K, used 11321K [0x00000000eab00000, 0x00000000ec100000, 0x0000000100000000)
  eden space 8704K, 100% used [0x00000000eab00000,0x00000000eb380000,0x00000000eb380000)
  from space 3072K, 85% used [0x00000000ebe00000,0x00000000ec08e518,0x00000000ec100000)
  to   space 5632K, 0% used [0x00000000eb600000,0x00000000eb600000,0x00000000ebb80000)
 ParOldGen       total 151552K, used 139384K [0x00000000c0000000, 0x00000000c9400000, 0x00000000eab00000)
  object space 151552K, 91% used [0x00000000c0000000,0x00000000c881e1f8,0x00000000c9400000)
 Metaspace       used 76263K, committed 77184K, reserved 1122304K
  class space    used 7426K, committed 7808K, reserved 1048576K
}

