# JRE version: OpenJDK Runtime Environment Temurin-17.0.4.1+1 (17.0.4.1+1) (build 17.0.4.1+1)
# Java VM: OpenJDK 64-Bit Server VM Temurin-17.0.4.1+1 (17.0.4.1+1, mixed mode, tiered, compressed oops, compressed class ptrs, parallel gc, windows-amd64)
GC Precious Log:
 CPUs: 4 total, 4 available
 Memory: 4095M
 Large Page Support: Disabled
 NUMA Support: Disabled
 Compressed Oops: Enabled (32-bit)
 Alignments: Space 512K, Generation 512K, Heap 2M
 Heap Min Capacity: 100M
 Heap Initial Capacity: 100M
 Heap Max Capacity: 1G
 Pre-touch: Disabled
 Parallel Workers: 4
Heap:
 PSYoungGen      total 6656K, used 3072K [0x00000000eab00000, 0x00000000eb600000, 0x0000000100000000)
  eden space 3072K, 100% used [0x00000000eab00000,0x00000000eae00000,0x00000000eae00000)
  from space 3584K, 0% used [0x00000000eb180000,0x00000000eb180000,0x00000000eb500000)
  to   space 3584K, 0% used [0x00000000eae00000,0x00000000eae00000,0x00000000eb180000)
 ParOldGen       total 263168K, used 116692K [0x00000000c0000000, 0x00000000d0100000, 0x00000000eab00000)
  object space 263168K, 44% used [0x00000000c0000000,0x00000000c71f50d0,0x00000000d0100000)
 Metaspace       used 83312K, committed 84352K, reserved 1130496K
  class space    used 7805K, committed 8256K, reserved 1048576K
GC Heap History (20 events):
Event: 2450.447 GC heap before
{Heap before GC invocations=18090 (full 312):
 PSYoungGen      total 2560K, used 2381K [0x00000000eab00000, 0x00000000eae80000, 0x0000000100000000)
  eden space 2048K, 100% used [0x00000000eab00000,0x00000000ead00000,0x00000000ead00000)
  from space 512K, 65% used [0x00000000eae00000,0x00000000eae53788,0x00000000eae80000)
  to   space 512K, 0% used [0x00000000ead80000,0x00000000ead80000,0x00000000eae00000)
 ParOldGen       total 252928K, used 243559K [0x00000000c0000000, 0x00000000cf700000, 0x00000000eab00000)
  object space 252928K, 96% used [0x00000000c0000000,0x00000000cedd9f18,0x00000000cf700000)
 Metaspace       used 83320K, committed 84352K, reserved 1130496K
  class space    used 7807K, committed 8256K, reserved 1048576K
}
Event: 2450.450 GC heap after
{Heap after GC invocations=18090 (full 312):
 PSYoungGen      total 2560K, used 512K [0x00000000eab00000, 0x00000000eb000000, 0x0000000100000000)
  eden space 2048K, 0% used [0x00000000eab00000,0x00000000eab00000,0x00000000ead00000)
  from space 512K, 100% used [0x00000000ead80000,0x00000000eae00000,0x00000000eae00000)
  to   space 1536K, 0% used [0x00000000eae80000,0x00000000eae80000,0x00000000eb000000)
 ParOldGen       total 252928K, used 244063K [0x00000000c0000000, 0x00000000cf700000, 0x00000000eab00000)
  object space 252928K, 96% used [0x00000000c0000000,0x00000000cee57e50,0x00000000cf700000)
 Metaspace       used 83320K, committed 84352K, reserved 1130496K
  class space    used 7807K, committed 8256K, reserved 1048576K
}
Event: 2450.464 GC heap before
{Heap before GC invocations=18091 (full 312):
 PSYoungGen      total 2560K, used 2560K [0x00000000eab00000, 0x00000000eb000000, 0x0000000100000000)
  eden space 2048K, 100% used [0x00000000eab00000,0x00000000ead00000,0x00000000ead00000)
  from space 512K, 100% used [0x00000000ead80000,0x00000000eae00000,0x00000000eae00000)
  to   space 1536K, 0% used [0x00000000eae80000,0x00000000eae80000,0x00000000eb000000)
 ParOldGen       total 252928K, used 244063K [0x00000000c0000000, 0x00000000cf700000, 0x00000000eab00000)
  object space 252928K, 96% used [0x00000000c0000000,0x00000000cee57e50,0x00000000cf700000)
 Metaspace       used 83322K, committed 84352K, reserved 1130496K
  class space    used 7807K, committed 8256K, reserved 1048576K
}
Event: 2450.467 GC heap after
{Heap after GC invocations=18091 (full 312):
 PSYoungGen      total 3072K, used 835K [0x00000000eab00000, 0x00000000eaf80000, 0x0000000100000000)
  eden space 2048K, 0% used [0x00000000eab00000,0x00000000eab00000,0x00000000ead00000)
  from space 1024K, 81% used [0x00000000eae80000,0x00000000eaf50c38,0x00000000eaf80000)
  to   space 1024K, 0% used [0x00000000ead80000,0x00000000ead80000,0x00000000eae80000)
 ParOldGen       total 252928K, used 244591K [0x00000000c0000000, 0x00000000cf700000, 0x00000000eab00000)
  object space 252928K, 96% used [0x00000000c0000000,0x00000000ceedbe50,0x00000000cf700000)
 Metaspace       used 83322K, committed 84352K, reserved 1130496K
  class space    used 7807K, committed 8256K, reserved 1048576K
}
Event: 2450.655 GC heap before
{Heap before GC invocations=18092 (full 312):
 PSYoungGen      total 3072K, used 2883K [0x00000000eab00000, 0x00000000eaf80000, 0x0000000100000000)
  eden space 2048K, 100% used [0x00000000eab00000,0x00000000ead00000,0x00000000ead00000)
  from space 1024K, 81% used [0x00000000eae80000,0x00000000eaf50c38,0x00000000eaf80000)
  to   space 1024K, 0% used [0x00000000ead80000,0x00000000ead80000,0x00000000eae80000)
 ParOldGen       total 252928K, used 244591K [0x00000000c0000000, 0x00000000cf700000, 0x00000000eab00000)
  object space 252928K, 96% used [0x00000000c0000000,0x00000000ceedbe50,0x00000000cf700000)
 Metaspace       used 83322K, committed 84352K, reserved 1130496K
  class space    used 7807K, committed 8256K, reserved 1048576K
}
Event: 2450.657 GC heap after
{Heap after GC invocations=18092 (full 312):
 PSYoungGen      total 2560K, used 384K [0x00000000eab00000, 0x00000000eaf00000, 0x0000000100000000)
  eden space 2048K, 0% used [0x00000000eab00000,0x00000000eab00000,0x00000000ead00000)
  from space 512K, 75% used [0x00000000ead80000,0x00000000eade0000,0x00000000eae00000)
  to   space 1024K, 0% used [0x00000000eae00000,0x00000000eae00000,0x00000000eaf00000)
 ParOldGen       total 252928K, used 245359K [0x00000000c0000000, 0x00000000cf700000, 0x00000000eab00000)
  object space 252928K, 97% used [0x00000000c0000000,0x00000000cef9bc00,0x00000000cf700000)
 Metaspace       used 83322K, committed 84352K, reserved 1130496K
  class space    used 7807K, committed 8256K, reserved 1048576K
}
Event: 2450.665 GC heap before
{Heap before GC invocations=18093 (full 312):
 PSYoungGen      total 2560K, used 2432K [0x00000000eab00000, 0x00000000eaf00000, 0x0000000100000000)
  eden space 2048K, 100% used [0x00000000eab00000,0x00000000ead00000,0x00000000ead00000)
  from space 512K, 75% used [0x00000000ead80000,0x00000000eade0000,0x00000000eae00000)
  to   space 1024K, 0% used [0x00000000eae00000,0x00000000eae00000,0x00000000eaf00000)
 ParOldGen       total 252928K, used 245359K [0x00000000c0000000, 0x00000000cf700000, 0x00000000eab00000)
  object space 252928K, 97% used [0x00000000c0000000,0x00000000cef9bc00,0x00000000cf700000)
 Metaspace       used 83322K, committed 84352K, reserved 1130496K
  class space    used 7807K, committed 8256K, reserved 1048576K
}
Event: 2450.667 GC heap after
{Heap after GC invocations=18093 (full 312):
 PSYoungGen      total 3072K, used 865K [0x00000000eab00000, 0x00000000eaf00000, 0x0000000100000000)
  eden space 2048K, 0% used [0x00000000eab00000,0x00000000eab00000,0x00000000ead00000)
  from space 1024K, 84% used [0x00000000eae00000,0x00000000eaed8628,0x00000000eaf00000)
  to   space 1024K, 0% used [0x00000000ead00000,0x00000000ead00000,0x00000000eae00000)
 ParOldGen       total 252928K, used 245746K [0x00000000c0000000, 0x00000000cf700000, 0x00000000eab00000)
  object space 252928K, 97% used [0x00000000c0000000,0x00000000ceffca88,0x00000000cf700000)
 Metaspace       used 83322K, committed 84352K, reserved 1130496K
  class space    used 7807K, committed 8256K, reserved 1048576K
}
Event: 2450.692 GC heap before
{Heap before GC invocations=18094 (full 312):
 PSYoungGen      total 3072K, used 2913K [0x00000000eab00000, 0x00000000eaf00000, 0x0000000100000000)
  eden space 2048K, 100% used [0x00000000eab00000,0x00000000ead00000,0x00000000ead00000)
  from space 1024K, 84% used [0x00000000eae00000,0x00000000eaed8628,0x00000000eaf00000)
  to   space 1024K, 0% used [0x00000000ead00000,0x00000000ead00000,0x00000000eae00000)
 ParOldGen       total 252928K, used 245746K [0x00000000c0000000, 0x00000000cf700000, 0x00000000eab00000)
  object space 252928K, 97% used [0x00000000c0000000,0x00000000ceffca88,0x00000000cf700000)
 Metaspace       used 83322K, committed 84352K, reserved 1130496K
  class space    used 7807K, committed 8256K, reserved 1048576K
}
Event: 2450.695 GC heap after
{Heap after GC invocations=18094 (full 312):
 PSYoungGen      total 3072K, used 704K [0x00000000eab00000, 0x00000000eaf00000, 0x0000000100000000)
  eden space 2048K, 0% used [0x00000000eab00000,0x00000000eab00000,0x00000000ead00000)
  from space 1024K, 68% used [0x00000000ead00000,0x00000000eadb0000,0x00000000eae00000)
  to   space 1024K, 0% used [0x00000000eae00000,0x00000000eae00000,0x00000000eaf00000)
 ParOldGen       total 252928K, used 246566K [0x00000000c0000000, 0x00000000cf700000, 0x00000000eab00000)
  object space 252928K, 97% used [0x00000000c0000000,0x00000000cf0c99b0,0x00000000cf700000)
 Metaspace       used 83322K, committed 84352K, reserved 1130496K
  class space    used 7807K, committed 8256K, reserved 1048576K
}
Event: 2450.711 GC heap before
{Heap before GC invocations=18095 (full 312):
 PSYoungGen      total 3072K, used 2752K [0x00000000eab00000, 0x00000000eaf00000, 0x0000000100000000)
  eden space 2048K, 100% used [0x00000000eab00000,0x00000000ead00000,0x00000000ead00000)
  from space 1024K, 68% used [0x00000000ead00000,0x00000000eadb0000,0x00000000eae00000)
  to   space 1024K, 0% used [0x00000000eae00000,0x00000000eae00000,0x00000000eaf00000)
 ParOldGen       total 252928K, used 248424K [0x00000000c0000000, 0x00000000cf700000, 0x00000000eab00000)
  object space 252928K, 98% used [0x00000000c0000000,0x00000000cf29a2c8,0x00000000cf700000)
 Metaspace       used 83322K, committed 84352K, reserved 1130496K
  class space    used 7807K, committed 8256K, reserved 1048576K
}
Event: 2450.715 GC heap after
{Heap after GC invocations=18095 (full 312):
 PSYoungGen      total 3072K, used 880K [0x00000000eab00000, 0x00000000eaf00000, 0x0000000100000000)
  eden space 2048K, 0% used [0x00000000eab00000,0x00000000eab00000,0x00000000ead00000)
  from space 1024K, 85% used [0x00000000eae00000,0x00000000eaedc1d0,0x00000000eaf00000)
  to   space 1024K, 0% used [0x00000000ead00000,0x00000000ead00000,0x00000000eae00000)
 ParOldGen       total 252928K, used 249071K [0x00000000c0000000, 0x00000000cf700000, 0x00000000eab00000)
  object space 252928K, 98% used [0x00000000c0000000,0x00000000cf33bfd8,0x00000000cf700000)
 Metaspace       used 83322K, committed 84352K, reserved 1130496K
  class space    used 7807K, committed 8256K, reserved 1048576K
}
Event: 2450.725 GC heap before
{Heap before GC invocations=18096 (full 312):
 PSYoungGen      total 3072K, used 2563K [0x00000000eab00000, 0x00000000eaf00000, 0x0000000100000000)
  eden space 2048K, 82% used [0x00000000eab00000,0x00000000eaca4b48,0x00000000ead00000)
  from space 1024K, 85% used [0x00000000eae00000,0x00000000eaedc1d0,0x00000000eaf00000)
  to   space 1024K, 0% used [0x00000000ead00000,0x00000000ead00000,0x00000000eae00000)
 ParOldGen       total 252928K, used 249071K [0x00000000c0000000, 0x00000000cf700000, 0x00000000eab00000)
  object space 252928K, 98% used [0x00000000c0000000,0x00000000cf33bfd8,0x00000000cf700000)
 Metaspace       used 83322K, committed 84352K, reserved 1130496K
  class space    used 7807K, committed 8256K, reserved 1048576K
}
Event: 2450.728 GC heap after
{Heap after GC invocations=18096 (full 312):
 PSYoungGen      total 3072K, used 1011K [0x00000000eab00000, 0x00000000eb280000, 0x0000000100000000)
  eden space 2048K, 0% used [0x00000000eab00000,0x00000000eab00000,0x00000000ead00000)
  from space 1024K, 98% used [0x00000000ead00000,0x00000000eadfcde0,0x00000000eae00000)
  to   space 2560K, 0% used [0x00000000eb000000,0x00000000eb000000,0x00000000eb280000)
 ParOldGen       total 252928K, used 250213K [0x00000000c0000000, 0x00000000cf700000, 0x00000000eab00000)
  object space 252928K, 98% used [0x00000000c0000000,0x00000000cf459508,0x00000000cf700000)
 Metaspace       used 83322K, committed 84352K, reserved 1130496K
  class space    used 7807K, committed 8256K, reserved 1048576K
}
Event: 2450.732 GC heap before
{Heap before GC invocations=18097 (full 312):
 PSYoungGen      total 3072K, used 2166K [0x00000000eab00000, 0x00000000eb280000, 0x0000000100000000)
  eden space 2048K, 56% used [0x00000000eab00000,0x00000000eac20dd8,0x00000000ead00000)
  from space 1024K, 98% used [0x00000000ead00000,0x00000000eadfcde0,0x00000000eae00000)
  to   space 2560K, 0% used [0x00000000eb000000,0x00000000eb000000,0x00000000eb280000)
 ParOldGen       total 252928K, used 250213K [0x00000000c0000000, 0x00000000cf700000, 0x00000000eab00000)
  object space 252928K, 98% used [0x00000000c0000000,0x00000000cf459508,0x00000000cf700000)
 Metaspace       used 83322K, committed 84352K, reserved 1130496K
  class space    used 7807K, committed 8256K, reserved 1048576K
}
Event: 2450.735 GC heap after
{Heap after GC invocations=18097 (full 312):
 PSYoungGen      total 4096K, used 1060K [0x00000000eab00000, 0x00000000eb180000, 0x0000000100000000)
  eden space 2560K, 0% used [0x00000000eab00000,0x00000000eab00000,0x00000000ead80000)
  from space 1536K, 69% used [0x00000000eb000000,0x00000000eb1090e0,0x00000000eb180000)
  to   space 1536K, 0% used [0x00000000eae80000,0x00000000eae80000,0x00000000eb000000)
 ParOldGen       total 252928K, used 251244K [0x00000000c0000000, 0x00000000cf700000, 0x00000000eab00000)
  object space 252928K, 99% used [0x00000000c0000000,0x00000000cf55b1b0,0x00000000cf700000)
 Metaspace       used 83322K, committed 84352K, reserved 1130496K
  class space    used 7807K, committed 8256K, reserved 1048576K
}
Event: 2450.755 GC heap before
{Heap before GC invocations=18098 (full 312):
 PSYoungGen      total 4096K, used 3397K [0x00000000eab00000, 0x00000000eb180000, 0x0000000100000000)
  eden space 2560K, 91% used [0x00000000eab00000,0x00000000ead486a0,0x00000000ead80000)
  from space 1536K, 69% used [0x00000000eb000000,0x00000000eb1090e0,0x00000000eb180000)
  to   space 1536K, 0% used [0x00000000eae80000,0x00000000eae80000,0x00000000eb000000)
 ParOldGen       total 252928K, used 251244K [0x00000000c0000000, 0x00000000cf700000, 0x00000000eab00000)
  object space 252928K, 99% used [0x00000000c0000000,0x00000000cf55b1b0,0x00000000cf700000)
 Metaspace       used 83322K, committed 84352K, reserved 1130496K
  class space    used 7807K, committed 8256K, reserved 1048576K
}
Event: 2450.758 GC heap after
{Heap after GC invocations=18098 (full 312):
 PSYoungGen      total 4608K, used 1510K [0x00000000eab00000, 0x00000000eb500000, 0x0000000100000000)
  eden space 3072K, 0% used [0x00000000eab00000,0x00000000eab00000,0x00000000eae00000)
  from space 1536K, 98% used [0x00000000eae80000,0x00000000eaff9ae8,0x00000000eb000000)
  to   space 3584K, 0% used [0x00000000eb180000,0x00000000eb180000,0x00000000eb500000)
 ParOldGen       total 252928K, used 252582K [0x00000000c0000000, 0x00000000cf700000, 0x00000000eab00000)
  object space 252928K, 99% used [0x00000000c0000000,0x00000000cf6a9bc8,0x00000000cf700000)
 Metaspace       used 83322K, committed 84352K, reserved 1130496K
  class space    used 7807K, committed 8256K, reserved 1048576K
}
Event: 2450.758 GC heap before
{Heap before GC invocations=18099 (full 313):
 PSYoungGen      total 4608K, used 1510K [0x00000000eab00000, 0x00000000eb500000, 0x0000000100000000)
  eden space 3072K, 0% used [0x00000000eab00000,0x00000000eab00000,0x00000000eae00000)
  from space 1536K, 98% used [0x00000000eae80000,0x00000000eaff9ae8,0x00000000eb000000)
  to   space 3584K, 0% used [0x00000000eb180000,0x00000000eb180000,0x00000000eb500000)
 ParOldGen       total 252928K, used 252582K [0x00000000c0000000, 0x00000000cf700000, 0x00000000eab00000)
  object space 252928K, 99% used [0x00000000c0000000,0x00000000cf6a9bc8,0x00000000cf700000)
 Metaspace       used 83322K, committed 84352K, reserved 1130496K
  class space    used 7807K, committed 8256K, reserved 1048576K
}
Event: 2451.643 GC heap after
{Heap after GC invocations=18099 (full 313):
 PSYoungGen      total 6656K, used 0K [0x00000000eab00000, 0x00000000eb600000, 0x0000000100000000)
  eden space 3072K, 0% used [0x00000000eab00000,0x00000000eab00000,0x00000000eae00000)
  from space 3584K, 0% used [0x00000000eb180000,0x00000000eb180000,0x00000000eb500000)
  to   space 3584K, 0% used [0x00000000eae00000,0x00000000eae00000,0x00000000eb180000)
 ParOldGen       total 263168K, used 116692K [0x00000000c0000000, 0x00000000d0100000, 0x00000000eab00000)
  object space 263168K, 44% used [0x00000000c0000000,0x00000000c71f50d0,0x00000000d0100000)
 Metaspace       used 83312K, committed 84352K, reserved 1130496K
  class space    used 7805K, committed 8256K, reserved 1048576K
}

