# JRE version: OpenJDK Runtime Environment Temurin-17.0.4.1+1 (17.0.4.1+1) (build 17.0.4.1+1)
# Java VM: OpenJDK 64-Bit Server VM Temurin-17.0.4.1+1 (17.0.4.1+1, mixed mode, tiered, compressed oops, compressed class ptrs, parallel gc, windows-amd64)
GC Precious Log:
 CPUs: 4 total, 4 available
 Memory: 4095M
 Large Page Support: Disabled
 NUMA Support: Disabled
 Compressed Oops: Enabled (32-bit)
 Alignments: Space 512K, Generation 512K, Heap 2M
 Heap Min Capacity: 100M
 Heap Initial Capacity: 100M
 Heap Max Capacity: 1G
 Pre-touch: Disabled
 Parallel Workers: 4
Heap:
 PSYoungGen      total 8704K, used 8672K [0x00000000eab00000, 0x00000000eba80000, 0x0000000100000000)
  eden space 6656K, 99% used [0x00000000eab00000,0x00000000eb17ffe0,0x00000000eb180000)
  from space 2048K, 98% used [0x00000000eb180000,0x00000000eb3780d0,0x00000000eb380000)
  to   space 4608K, 0% used [0x00000000eb600000,0x00000000eb600000,0x00000000eba80000)
 ParOldGen       total 97792K, used 75662K [0x00000000c0000000, 0x00000000c5f80000, 0x00000000eab00000)
  object space 97792K, 77% used [0x00000000c0000000,0x00000000c49e3ad8,0x00000000c5f80000)
 Metaspace       used 76859K, committed 77824K, reserved 1122304K
  class space    used 7595K, committed 8000K, reserved 1048576K
GC Heap History (20 events):
Event: 421.367 GC heap before
{Heap before GC invocations=2999 (full 90):
 PSYoungGen      total 4096K, used 4096K [0x00000000eab00000, 0x00000000eb400000, 0x0000000100000000)
  eden space 3072K, 100% used [0x00000000eab00000,0x00000000eae00000,0x00000000eae00000)
  from space 1024K, 100% used [0x00000000eae00000,0x00000000eaf00000,0x00000000eaf00000)
  to   space 2560K, 0% used [0x00000000eb180000,0x00000000eb180000,0x00000000eb400000)
 ParOldGen       total 99328K, used 96043K [0x00000000c0000000, 0x00000000c6100000, 0x00000000eab00000)
  object space 99328K, 96% used [0x00000000c0000000,0x00000000c5dcad88,0x00000000c6100000)
 Metaspace       used 76859K, committed 77824K, reserved 1122304K
  class space    used 7595K, committed 8000K, reserved 1048576K
}
Event: 421.371 GC heap after
{Heap after GC invocations=2999 (full 90):
 PSYoungGen      total 5120K, used 928K [0x00000000eab00000, 0x00000000eb280000, 0x0000000100000000)
  eden space 4096K, 0% used [0x00000000eab00000,0x00000000eab00000,0x00000000eaf00000)
  from space 1024K, 90% used [0x00000000eb180000,0x00000000eb268020,0x00000000eb280000)
  to   space 1536K, 0% used [0x00000000eaf80000,0x00000000eaf80000,0x00000000eb100000)
 ParOldGen       total 99328K, used 97058K [0x00000000c0000000, 0x00000000c6100000, 0x00000000eab00000)
  object space 99328K, 97% used [0x00000000c0000000,0x00000000c5ec89b0,0x00000000c6100000)
 Metaspace       used 76859K, committed 77824K, reserved 1122304K
  class space    used 7595K, committed 8000K, reserved 1048576K
}
Event: 421.390 GC heap before
{Heap before GC invocations=3000 (full 90):
 PSYoungGen      total 5120K, used 5024K [0x00000000eab00000, 0x00000000eb280000, 0x0000000100000000)
  eden space 4096K, 100% used [0x00000000eab00000,0x00000000eaf00000,0x00000000eaf00000)
  from space 1024K, 90% used [0x00000000eb180000,0x00000000eb268020,0x00000000eb280000)
  to   space 1536K, 0% used [0x00000000eaf80000,0x00000000eaf80000,0x00000000eb100000)
 ParOldGen       total 99328K, used 97058K [0x00000000c0000000, 0x00000000c6100000, 0x00000000eab00000)
  object space 99328K, 97% used [0x00000000c0000000,0x00000000c5ec89b0,0x00000000c6100000)
 Metaspace       used 76859K, committed 77824K, reserved 1122304K
  class space    used 7595K, committed 8000K, reserved 1048576K
}
Event: 421.395 GC heap after
{Heap after GC invocations=3000 (full 90):
 PSYoungGen      total 6144K, used 1530K [0x00000000eab00000, 0x00000000eb400000, 0x0000000100000000)
  eden space 4608K, 0% used [0x00000000eab00000,0x00000000eab00000,0x00000000eaf80000)
  from space 1536K, 99% used [0x00000000eaf80000,0x00000000eb0fe940,0x00000000eb100000)
  to   space 2048K, 0% used [0x00000000eb200000,0x00000000eb200000,0x00000000eb400000)
 ParOldGen       total 99328K, used 98270K [0x00000000c0000000, 0x00000000c6100000, 0x00000000eab00000)
  object space 99328K, 98% used [0x00000000c0000000,0x00000000c5ff7948,0x00000000c6100000)
 Metaspace       used 76859K, committed 77824K, reserved 1122304K
  class space    used 7595K, committed 8000K, reserved 1048576K
}
Event: 421.395 GC heap before
{Heap before GC invocations=3001 (full 91):
 PSYoungGen      total 6144K, used 1530K [0x00000000eab00000, 0x00000000eb400000, 0x0000000100000000)
  eden space 4608K, 0% used [0x00000000eab00000,0x00000000eab00000,0x00000000eaf80000)
  from space 1536K, 99% used [0x00000000eaf80000,0x00000000eb0fe940,0x00000000eb100000)
  to   space 2048K, 0% used [0x00000000eb200000,0x00000000eb200000,0x00000000eb400000)
 ParOldGen       total 99328K, used 98270K [0x00000000c0000000, 0x00000000c6100000, 0x00000000eab00000)
  object space 99328K, 98% used [0x00000000c0000000,0x00000000c5ff7948,0x00000000c6100000)
 Metaspace       used 76859K, committed 77824K, reserved 1122304K
  class space    used 7595K, committed 8000K, reserved 1048576K
}
Event: 421.540 GC heap after
{Heap after GC invocations=3001 (full 91):
 PSYoungGen      total 7168K, used 0K [0x00000000eab00000, 0x00000000eb480000, 0x0000000100000000)
  eden space 5120K, 0% used [0x00000000eab00000,0x00000000eab00000,0x00000000eb000000)
  from space 2048K, 0% used [0x00000000eb200000,0x00000000eb200000,0x00000000eb400000)
  to   space 2048K, 0% used [0x00000000eb000000,0x00000000eb000000,0x00000000eb200000)
 ParOldGen       total 97792K, used 61689K [0x00000000c0000000, 0x00000000c5f80000, 0x00000000eab00000)
  object space 97792K, 63% used [0x00000000c0000000,0x00000000c3c3e448,0x00000000c5f80000)
 Metaspace       used 76859K, committed 77824K, reserved 1122304K
  class space    used 7595K, committed 8000K, reserved 1048576K
}
Event: 421.565 GC heap before
{Heap before GC invocations=3002 (full 91):
 PSYoungGen      total 7168K, used 5120K [0x00000000eab00000, 0x00000000eb480000, 0x0000000100000000)
  eden space 5120K, 100% used [0x00000000eab00000,0x00000000eb000000,0x00000000eb000000)
  from space 2048K, 0% used [0x00000000eb200000,0x00000000eb200000,0x00000000eb400000)
  to   space 2048K, 0% used [0x00000000eb000000,0x00000000eb000000,0x00000000eb200000)
 ParOldGen       total 97792K, used 61689K [0x00000000c0000000, 0x00000000c5f80000, 0x00000000eab00000)
  object space 97792K, 63% used [0x00000000c0000000,0x00000000c3c3e448,0x00000000c5f80000)
 Metaspace       used 76859K, committed 77824K, reserved 1122304K
  class space    used 7595K, committed 8000K, reserved 1048576K
}
Event: 421.574 GC heap after
{Heap after GC invocations=3002 (full 91):
 PSYoungGen      total 7168K, used 2048K [0x00000000eab00000, 0x00000000eb800000, 0x0000000100000000)
  eden space 5120K, 0% used [0x00000000eab00000,0x00000000eab00000,0x00000000eb000000)
  from space 2048K, 100% used [0x00000000eb000000,0x00000000eb200000,0x00000000eb200000)
  to   space 4096K, 0% used [0x00000000eb400000,0x00000000eb400000,0x00000000eb800000)
 ParOldGen       total 97792K, used 63209K [0x00000000c0000000, 0x00000000c5f80000, 0x00000000eab00000)
  object space 97792K, 64% used [0x00000000c0000000,0x00000000c3dba448,0x00000000c5f80000)
 Metaspace       used 76859K, committed 77824K, reserved 1122304K
  class space    used 7595K, committed 8000K, reserved 1048576K
}
Event: 421.591 GC heap before
{Heap before GC invocations=3003 (full 91):
 PSYoungGen      total 7168K, used 7168K [0x00000000eab00000, 0x00000000eb800000, 0x0000000100000000)
  eden space 5120K, 100% used [0x00000000eab00000,0x00000000eb000000,0x00000000eb000000)
  from space 2048K, 100% used [0x00000000eb000000,0x00000000eb200000,0x00000000eb200000)
  to   space 4096K, 0% used [0x00000000eb400000,0x00000000eb400000,0x00000000eb800000)
 ParOldGen       total 97792K, used 63209K [0x00000000c0000000, 0x00000000c5f80000, 0x00000000eab00000)
  object space 97792K, 64% used [0x00000000c0000000,0x00000000c3dba448,0x00000000c5f80000)
 Metaspace       used 76859K, committed 77824K, reserved 1122304K
  class space    used 7595K, committed 8000K, reserved 1048576K
}
Event: 421.602 GC heap after
{Heap after GC invocations=3003 (full 91):
 PSYoungGen      total 9216K, used 3886K [0x00000000eab00000, 0x00000000eb900000, 0x0000000100000000)
  eden space 5120K, 0% used [0x00000000eab00000,0x00000000eab00000,0x00000000eb000000)
  from space 4096K, 94% used [0x00000000eb400000,0x00000000eb7cbb90,0x00000000eb800000)
  to   space 4096K, 0% used [0x00000000eb000000,0x00000000eb000000,0x00000000eb400000)
 ParOldGen       total 97792K, used 65285K [0x00000000c0000000, 0x00000000c5f80000, 0x00000000eab00000)
  object space 97792K, 66% used [0x00000000c0000000,0x00000000c3fc1620,0x00000000c5f80000)
 Metaspace       used 76859K, committed 77824K, reserved 1122304K
  class space    used 7595K, committed 8000K, reserved 1048576K
}
Event: 421.648 GC heap before
{Heap before GC invocations=3004 (full 91):
 PSYoungGen      total 9216K, used 9006K [0x00000000eab00000, 0x00000000eb900000, 0x0000000100000000)
  eden space 5120K, 100% used [0x00000000eab00000,0x00000000eb000000,0x00000000eb000000)
  from space 4096K, 94% used [0x00000000eb400000,0x00000000eb7cbb90,0x00000000eb800000)
  to   space 4096K, 0% used [0x00000000eb000000,0x00000000eb000000,0x00000000eb400000)
 ParOldGen       total 97792K, used 65285K [0x00000000c0000000, 0x00000000c5f80000, 0x00000000eab00000)
  object space 97792K, 66% used [0x00000000c0000000,0x00000000c3fc1620,0x00000000c5f80000)
 Metaspace       used 76859K, committed 77824K, reserved 1122304K
  class space    used 7595K, committed 8000K, reserved 1048576K
}
Event: 421.656 GC heap after
{Heap after GC invocations=3004 (full 91):
 PSYoungGen      total 9216K, used 2150K [0x00000000eab00000, 0x00000000eb700000, 0x0000000100000000)
  eden space 5120K, 0% used [0x00000000eab00000,0x00000000eab00000,0x00000000eb000000)
  from space 4096K, 52% used [0x00000000eb000000,0x00000000eb219bd8,0x00000000eb400000)
  to   space 3072K, 0% used [0x00000000eb400000,0x00000000eb400000,0x00000000eb700000)
 ParOldGen       total 97792K, used 69120K [0x00000000c0000000, 0x00000000c5f80000, 0x00000000eab00000)
  object space 97792K, 70% used [0x00000000c0000000,0x00000000c4380188,0x00000000c5f80000)
 Metaspace       used 76859K, committed 77824K, reserved 1122304K
  class space    used 7595K, committed 8000K, reserved 1048576K
}
Event: 421.723 GC heap before
{Heap before GC invocations=3005 (full 91):
 PSYoungGen      total 9216K, used 7270K [0x00000000eab00000, 0x00000000eb700000, 0x0000000100000000)
  eden space 5120K, 100% used [0x00000000eab00000,0x00000000eb000000,0x00000000eb000000)
  from space 4096K, 52% used [0x00000000eb000000,0x00000000eb219bd8,0x00000000eb400000)
  to   space 3072K, 0% used [0x00000000eb400000,0x00000000eb400000,0x00000000eb700000)
 ParOldGen       total 97792K, used 69120K [0x00000000c0000000, 0x00000000c5f80000, 0x00000000eab00000)
  object space 97792K, 70% used [0x00000000c0000000,0x00000000c4380188,0x00000000c5f80000)
 Metaspace       used 76859K, committed 77824K, reserved 1122304K
  class space    used 7595K, committed 8000K, reserved 1048576K
}
Event: 421.728 GC heap after
{Heap after GC invocations=3005 (full 91):
 PSYoungGen      total 7680K, used 1152K [0x00000000eab00000, 0x00000000eb580000, 0x0000000100000000)
  eden space 6144K, 0% used [0x00000000eab00000,0x00000000eab00000,0x00000000eb100000)
  from space 1536K, 75% used [0x00000000eb400000,0x00000000eb520000,0x00000000eb580000)
  to   space 2048K, 0% used [0x00000000eb180000,0x00000000eb180000,0x00000000eb380000)
 ParOldGen       total 97792K, used 71217K [0x00000000c0000000, 0x00000000c5f80000, 0x00000000eab00000)
  object space 97792K, 72% used [0x00000000c0000000,0x00000000c458c520,0x00000000c5f80000)
 Metaspace       used 76859K, committed 77824K, reserved 1122304K
  class space    used 7595K, committed 8000K, reserved 1048576K
}
Event: 421.758 GC heap before
{Heap before GC invocations=3006 (full 91):
 PSYoungGen      total 7680K, used 7296K [0x00000000eab00000, 0x00000000eb580000, 0x0000000100000000)
  eden space 6144K, 100% used [0x00000000eab00000,0x00000000eb100000,0x00000000eb100000)
  from space 1536K, 75% used [0x00000000eb400000,0x00000000eb520000,0x00000000eb580000)
  to   space 2048K, 0% used [0x00000000eb180000,0x00000000eb180000,0x00000000eb380000)
 ParOldGen       total 97792K, used 71217K [0x00000000c0000000, 0x00000000c5f80000, 0x00000000eab00000)
  object space 97792K, 72% used [0x00000000c0000000,0x00000000c458c520,0x00000000c5f80000)
 Metaspace       used 76859K, committed 77824K, reserved 1122304K
  class space    used 7595K, committed 8000K, reserved 1048576K
}
Event: 421.764 GC heap after
{Heap after GC invocations=3006 (full 91):
 PSYoungGen      total 8704K, used 1690K [0x00000000eab00000, 0x00000000eb680000, 0x0000000100000000)
  eden space 6656K, 0% used [0x00000000eab00000,0x00000000eab00000,0x00000000eb180000)
  from space 2048K, 82% used [0x00000000eb180000,0x00000000eb326900,0x00000000eb380000)
  to   space 2048K, 0% used [0x00000000eb480000,0x00000000eb480000,0x00000000eb680000)
 ParOldGen       total 97792K, used 72281K [0x00000000c0000000, 0x00000000c5f80000, 0x00000000eab00000)
  object space 97792K, 73% used [0x00000000c0000000,0x00000000c4696530,0x00000000c5f80000)
 Metaspace       used 76859K, committed 77824K, reserved 1122304K
  class space    used 7595K, committed 8000K, reserved 1048576K
}
Event: 421.875 GC heap before
{Heap before GC invocations=3007 (full 91):
 PSYoungGen      total 8704K, used 8346K [0x00000000eab00000, 0x00000000eb680000, 0x0000000100000000)
  eden space 6656K, 100% used [0x00000000eab00000,0x00000000eb180000,0x00000000eb180000)
  from space 2048K, 82% used [0x00000000eb180000,0x00000000eb326900,0x00000000eb380000)
  to   space 2048K, 0% used [0x00000000eb480000,0x00000000eb480000,0x00000000eb680000)
 ParOldGen       total 97792K, used 72281K [0x00000000c0000000, 0x00000000c5f80000, 0x00000000eab00000)
  object space 97792K, 73% used [0x00000000c0000000,0x00000000c4696530,0x00000000c5f80000)
 Metaspace       used 76859K, committed 77824K, reserved 1122304K
  class space    used 7595K, committed 8000K, reserved 1048576K
}
Event: 421.882 GC heap after
{Heap after GC invocations=3007 (full 91):
 PSYoungGen      total 8704K, used 1812K [0x00000000eab00000, 0x00000000eb680000, 0x0000000100000000)
  eden space 6656K, 0% used [0x00000000eab00000,0x00000000eab00000,0x00000000eb180000)
  from space 2048K, 88% used [0x00000000eb480000,0x00000000eb645290,0x00000000eb680000)
  to   space 2048K, 0% used [0x00000000eb180000,0x00000000eb180000,0x00000000eb380000)
 ParOldGen       total 97792K, used 73886K [0x00000000c0000000, 0x00000000c5f80000, 0x00000000eab00000)
  object space 97792K, 75% used [0x00000000c0000000,0x00000000c4827838,0x00000000c5f80000)
 Metaspace       used 76859K, committed 77824K, reserved 1122304K
  class space    used 7595K, committed 8000K, reserved 1048576K
}
Event: 422.155 GC heap before
{Heap before GC invocations=3008 (full 91):
 PSYoungGen      total 8704K, used 8468K [0x00000000eab00000, 0x00000000eb680000, 0x0000000100000000)
  eden space 6656K, 100% used [0x00000000eab00000,0x00000000eb180000,0x00000000eb180000)
  from space 2048K, 88% used [0x00000000eb480000,0x00000000eb645290,0x00000000eb680000)
  to   space 2048K, 0% used [0x00000000eb180000,0x00000000eb180000,0x00000000eb380000)
 ParOldGen       total 97792K, used 73886K [0x00000000c0000000, 0x00000000c5f80000, 0x00000000eab00000)
  object space 97792K, 75% used [0x00000000c0000000,0x00000000c4827838,0x00000000c5f80000)
 Metaspace       used 76859K, committed 77824K, reserved 1122304K
  class space    used 7595K, committed 8000K, reserved 1048576K
}
Event: 422.161 GC heap after
{Heap after GC invocations=3008 (full 91):
 PSYoungGen      total 8704K, used 2016K [0x00000000eab00000, 0x00000000eba80000, 0x0000000100000000)
  eden space 6656K, 0% used [0x00000000eab00000,0x00000000eab00000,0x00000000eb180000)
  from space 2048K, 98% used [0x00000000eb180000,0x00000000eb3780d0,0x00000000eb380000)
  to   space 4608K, 0% used [0x00000000eb600000,0x00000000eb600000,0x00000000eba80000)
 ParOldGen       total 97792K, used 75662K [0x00000000c0000000, 0x00000000c5f80000, 0x00000000eab00000)
  object space 97792K, 77% used [0x00000000c0000000,0x00000000c49e3ad8,0x00000000c5f80000)
 Metaspace       used 76859K, committed 77824K, reserved 1122304K
  class space    used 7595K, committed 8000K, reserved 1048576K
}

