# JRE version: OpenJDK Runtime Environment Temurin-17.0.3+7 (17.0.3+7) (build 17.0.3+7)
# Java VM: OpenJDK 64-Bit Server VM Temurin-17.0.3+7 (17.0.3+7, mixed mode, tiered, compressed oops, compressed class ptrs, parallel gc, windows-amd64)
GC Precious Log:
 CPUs: 4 total, 4 available
 Memory: 4095M
 Large Page Support: Disabled
 NUMA Support: Disabled
 Compressed Oops: Enabled (32-bit)
 Alignments: Space 512K, Generation 512K, Heap 2M
 Heap Min Capacity: 100M
 Heap Initial Capacity: 100M
 Heap Max Capacity: 1G
 Pre-touch: Disabled
 Parallel Workers: 4
Heap:
 PSYoungGen      total 13824K, used 13812K [0x00000000eab00000, 0x00000000ebb80000, 0x0000000100000000)
  eden space 11776K, 100% used [0x00000000eab00000,0x00000000eb680000,0x00000000eb680000)
  from space 2048K, 99% used [0x00000000eb680000,0x00000000eb87d2a0,0x00000000eb880000)
  to   space 2560K, 0% used [0x00000000eb900000,0x00000000eb900000,0x00000000ebb80000)
 ParOldGen       total 176128K, used 100850K [0x00000000c0000000, 0x00000000cac00000, 0x00000000eab00000)
  object space 176128K, 57% used [0x00000000c0000000,0x00000000c627cba0,0x00000000cac00000)
 Metaspace       used 78961K, committed 79936K, reserved 1122304K
  class space    used 7586K, committed 8000K, reserved 1048576K
GC Heap History (20 events):
Event: 2856.514 GC heap before
{Heap before GC invocations=8458 (full 176):
 PSYoungGen      total 14336K, used 14073K [0x00000000eab00000, 0x00000000ebb80000, 0x0000000100000000)
  eden space 11776K, 100% used [0x00000000eab00000,0x00000000eb680000,0x00000000eb680000)
  from space 2560K, 89% used [0x00000000eb800000,0x00000000eba3e400,0x00000000eba80000)
  to   space 1024K, 0% used [0x00000000eba80000,0x00000000eba80000,0x00000000ebb80000)
 ParOldGen       total 182784K, used 176241K [0x00000000c0000000, 0x00000000cb280000, 0x00000000eab00000)
  object space 182784K, 96% used [0x00000000c0000000,0x00000000cac1c430,0x00000000cb280000)
 Metaspace       used 78961K, committed 79936K, reserved 1122304K
  class space    used 7586K, committed 8000K, reserved 1048576K
}
Event: 2856.519 GC heap after
{Heap after GC invocations=8458 (full 176):
 PSYoungGen      total 12800K, used 1024K [0x00000000eab00000, 0x00000000ebb80000, 0x0000000100000000)
  eden space 11776K, 0% used [0x00000000eab00000,0x00000000eab00000,0x00000000eb680000)
  from space 1024K, 100% used [0x00000000eba80000,0x00000000ebb80000,0x00000000ebb80000)
  to   space 2560K, 0% used [0x00000000eb680000,0x00000000eb680000,0x00000000eb900000)
 ParOldGen       total 182784K, used 177135K [0x00000000c0000000, 0x00000000cb280000, 0x00000000eab00000)
  object space 182784K, 96% used [0x00000000c0000000,0x00000000cacfbcd0,0x00000000cb280000)
 Metaspace       used 78961K, committed 79936K, reserved 1122304K
  class space    used 7586K, committed 8000K, reserved 1048576K
}
Event: 2856.566 GC heap before
{Heap before GC invocations=8459 (full 176):
 PSYoungGen      total 12800K, used 12713K [0x00000000eab00000, 0x00000000ebb80000, 0x0000000100000000)
  eden space 11776K, 99% used [0x00000000eab00000,0x00000000eb66a620,0x00000000eb680000)
  from space 1024K, 100% used [0x00000000eba80000,0x00000000ebb80000,0x00000000ebb80000)
  to   space 2560K, 0% used [0x00000000eb680000,0x00000000eb680000,0x00000000eb900000)
 ParOldGen       total 182784K, used 177135K [0x00000000c0000000, 0x00000000cb280000, 0x00000000eab00000)
  object space 182784K, 96% used [0x00000000c0000000,0x00000000cacfbcd0,0x00000000cb280000)
 Metaspace       used 78961K, committed 79936K, reserved 1122304K
  class space    used 7586K, committed 8000K, reserved 1048576K
}
Event: 2856.571 GC heap after
{Heap after GC invocations=8459 (full 176):
 PSYoungGen      total 14336K, used 753K [0x00000000eab00000, 0x00000000ebb00000, 0x0000000100000000)
  eden space 11776K, 0% used [0x00000000eab00000,0x00000000eab00000,0x00000000eb680000)
  from space 2560K, 29% used [0x00000000eb680000,0x00000000eb73c618,0x00000000eb900000)
  to   space 1536K, 0% used [0x00000000eb980000,0x00000000eb980000,0x00000000ebb00000)
 ParOldGen       total 182784K, used 178147K [0x00000000c0000000, 0x00000000cb280000, 0x00000000eab00000)
  object space 182784K, 97% used [0x00000000c0000000,0x00000000cadf8cc8,0x00000000cb280000)
 Metaspace       used 78961K, committed 79936K, reserved 1122304K
  class space    used 7586K, committed 8000K, reserved 1048576K
}
Event: 2856.685 GC heap before
{Heap before GC invocations=8460 (full 176):
 PSYoungGen      total 14336K, used 12529K [0x00000000eab00000, 0x00000000ebb00000, 0x0000000100000000)
  eden space 11776K, 100% used [0x00000000eab00000,0x00000000eb680000,0x00000000eb680000)
  from space 2560K, 29% used [0x00000000eb680000,0x00000000eb73c618,0x00000000eb900000)
  to   space 1536K, 0% used [0x00000000eb980000,0x00000000eb980000,0x00000000ebb00000)
 ParOldGen       total 182784K, used 178147K [0x00000000c0000000, 0x00000000cb280000, 0x00000000eab00000)
  object space 182784K, 97% used [0x00000000c0000000,0x00000000cadf8cc8,0x00000000cb280000)
 Metaspace       used 78961K, committed 79936K, reserved 1122304K
  class space    used 7586K, committed 8000K, reserved 1048576K
}
Event: 2856.690 GC heap after
{Heap after GC invocations=8460 (full 176):
 PSYoungGen      total 13312K, used 1503K [0x00000000eab00000, 0x00000000ebb00000, 0x0000000100000000)
  eden space 11776K, 0% used [0x00000000eab00000,0x00000000eab00000,0x00000000eb680000)
  from space 1536K, 97% used [0x00000000eb980000,0x00000000ebaf7cb8,0x00000000ebb00000)
  to   space 2048K, 0% used [0x00000000eb700000,0x00000000eb700000,0x00000000eb900000)
 ParOldGen       total 182784K, used 178810K [0x00000000c0000000, 0x00000000cb280000, 0x00000000eab00000)
  object space 182784K, 97% used [0x00000000c0000000,0x00000000cae9eab0,0x00000000cb280000)
 Metaspace       used 78961K, committed 79936K, reserved 1122304K
  class space    used 7586K, committed 8000K, reserved 1048576K
}
Event: 2856.979 GC heap before
{Heap before GC invocations=8461 (full 176):
 PSYoungGen      total 13312K, used 13279K [0x00000000eab00000, 0x00000000ebb00000, 0x0000000100000000)
  eden space 11776K, 99% used [0x00000000eab00000,0x00000000eb67ff98,0x00000000eb680000)
  from space 1536K, 97% used [0x00000000eb980000,0x00000000ebaf7cb8,0x00000000ebb00000)
  to   space 2048K, 0% used [0x00000000eb700000,0x00000000eb700000,0x00000000eb900000)
 ParOldGen       total 182784K, used 178810K [0x00000000c0000000, 0x00000000cb280000, 0x00000000eab00000)
  object space 182784K, 97% used [0x00000000c0000000,0x00000000cae9eab0,0x00000000cb280000)
 Metaspace       used 78961K, committed 79936K, reserved 1122304K
  class space    used 7586K, committed 8000K, reserved 1048576K
}
Event: 2856.984 GC heap after
{Heap after GC invocations=8461 (full 176):
 PSYoungGen      total 13824K, used 2027K [0x00000000eab00000, 0x00000000ebc80000, 0x0000000100000000)
  eden space 11776K, 0% used [0x00000000eab00000,0x00000000eab00000,0x00000000eb680000)
  from space 2048K, 98% used [0x00000000eb700000,0x00000000eb8face8,0x00000000eb900000)
  to   space 3072K, 0% used [0x00000000eb980000,0x00000000eb980000,0x00000000ebc80000)
 ParOldGen       total 182784K, used 179466K [0x00000000c0000000, 0x00000000cb280000, 0x00000000eab00000)
  object space 182784K, 98% used [0x00000000c0000000,0x00000000caf42ad0,0x00000000cb280000)
 Metaspace       used 78961K, committed 79936K, reserved 1122304K
  class space    used 7586K, committed 8000K, reserved 1048576K
}
Event: 2857.153 GC heap before
{Heap before GC invocations=8462 (full 176):
 PSYoungGen      total 13824K, used 13330K [0x00000000eab00000, 0x00000000ebc80000, 0x0000000100000000)
  eden space 11776K, 95% used [0x00000000eab00000,0x00000000eb609b88,0x00000000eb680000)
  from space 2048K, 98% used [0x00000000eb700000,0x00000000eb8face8,0x00000000eb900000)
  to   space 3072K, 0% used [0x00000000eb980000,0x00000000eb980000,0x00000000ebc80000)
 ParOldGen       total 182784K, used 179466K [0x00000000c0000000, 0x00000000cb280000, 0x00000000eab00000)
  object space 182784K, 98% used [0x00000000c0000000,0x00000000caf42ad0,0x00000000cb280000)
 Metaspace       used 78961K, committed 79936K, reserved 1122304K
  class space    used 7586K, committed 8000K, reserved 1048576K
}
Event: 2857.161 GC heap after
{Heap after GC invocations=8462 (full 176):
 PSYoungGen      total 13824K, used 2004K [0x00000000eab00000, 0x00000000ebb80000, 0x0000000100000000)
  eden space 11776K, 0% used [0x00000000eab00000,0x00000000eab00000,0x00000000eb680000)
  from space 2048K, 97% used [0x00000000eb980000,0x00000000ebb75200,0x00000000ebb80000)
  to   space 2560K, 0% used [0x00000000eb680000,0x00000000eb680000,0x00000000eb900000)
 ParOldGen       total 182784K, used 180700K [0x00000000c0000000, 0x00000000cb280000, 0x00000000eab00000)
  object space 182784K, 98% used [0x00000000c0000000,0x00000000cb0773c0,0x00000000cb280000)
 Metaspace       used 78961K, committed 79936K, reserved 1122304K
  class space    used 7586K, committed 8000K, reserved 1048576K
}
Event: 2857.219 GC heap before
{Heap before GC invocations=8463 (full 176):
 PSYoungGen      total 13824K, used 13780K [0x00000000eab00000, 0x00000000ebb80000, 0x0000000100000000)
  eden space 11776K, 100% used [0x00000000eab00000,0x00000000eb680000,0x00000000eb680000)
  from space 2048K, 97% used [0x00000000eb980000,0x00000000ebb75200,0x00000000ebb80000)
  to   space 2560K, 0% used [0x00000000eb680000,0x00000000eb680000,0x00000000eb900000)
 ParOldGen       total 182784K, used 180700K [0x00000000c0000000, 0x00000000cb280000, 0x00000000eab00000)
  object space 182784K, 98% used [0x00000000c0000000,0x00000000cb0773c0,0x00000000cb280000)
 Metaspace       used 78961K, committed 79936K, reserved 1122304K
  class space    used 7586K, committed 8000K, reserved 1048576K
}
Event: 2857.224 GC heap after
{Heap after GC invocations=8463 (full 176):
 PSYoungGen      total 14336K, used 2541K [0x00000000eab00000, 0x00000000ebc80000, 0x0000000100000000)
  eden space 11776K, 0% used [0x00000000eab00000,0x00000000eab00000,0x00000000eb680000)
  from space 2560K, 99% used [0x00000000eb680000,0x00000000eb8fb428,0x00000000eb900000)
  to   space 3072K, 0% used [0x00000000eb980000,0x00000000eb980000,0x00000000ebc80000)
 ParOldGen       total 182784K, used 180932K [0x00000000c0000000, 0x00000000cb280000, 0x00000000eab00000)
  object space 182784K, 98% used [0x00000000c0000000,0x00000000cb0b13c0,0x00000000cb280000)
 Metaspace       used 78961K, committed 79936K, reserved 1122304K
  class space    used 7586K, committed 8000K, reserved 1048576K
}
Event: 2857.343 GC heap before
{Heap before GC invocations=8464 (full 176):
 PSYoungGen      total 14336K, used 14283K [0x00000000eab00000, 0x00000000ebc80000, 0x0000000100000000)
  eden space 11776K, 99% used [0x00000000eab00000,0x00000000eb6777d8,0x00000000eb680000)
  from space 2560K, 99% used [0x00000000eb680000,0x00000000eb8fb428,0x00000000eb900000)
  to   space 3072K, 0% used [0x00000000eb980000,0x00000000eb980000,0x00000000ebc80000)
 ParOldGen       total 182784K, used 180932K [0x00000000c0000000, 0x00000000cb280000, 0x00000000eab00000)
  object space 182784K, 98% used [0x00000000c0000000,0x00000000cb0b13c0,0x00000000cb280000)
 Metaspace       used 78961K, committed 79936K, reserved 1122304K
  class space    used 7586K, committed 8000K, reserved 1048576K
}
Event: 2857.349 GC heap after
{Heap after GC invocations=8464 (full 176):
 PSYoungGen      total 12800K, used 951K [0x00000000eab00000, 0x00000000eba80000, 0x0000000100000000)
  eden space 11776K, 0% used [0x00000000eab00000,0x00000000eab00000,0x00000000eb680000)
  from space 1024K, 92% used [0x00000000eb980000,0x00000000eba6dc20,0x00000000eba80000)
  to   space 2048K, 0% used [0x00000000eb680000,0x00000000eb680000,0x00000000eb880000)
 ParOldGen       total 182784K, used 182751K [0x00000000c0000000, 0x00000000cb280000, 0x00000000eab00000)
  object space 182784K, 99% used [0x00000000c0000000,0x00000000cb277fb8,0x00000000cb280000)
 Metaspace       used 78961K, committed 79936K, reserved 1122304K
  class space    used 7586K, committed 8000K, reserved 1048576K
}
Event: 2857.349 GC heap before
{Heap before GC invocations=8465 (full 177):
 PSYoungGen      total 12800K, used 951K [0x00000000eab00000, 0x00000000eba80000, 0x0000000100000000)
  eden space 11776K, 0% used [0x00000000eab00000,0x00000000eab00000,0x00000000eb680000)
  from space 1024K, 92% used [0x00000000eb980000,0x00000000eba6dc20,0x00000000eba80000)
  to   space 2048K, 0% used [0x00000000eb680000,0x00000000eb680000,0x00000000eb880000)
 ParOldGen       total 182784K, used 182751K [0x00000000c0000000, 0x00000000cb280000, 0x00000000eab00000)
  object space 182784K, 99% used [0x00000000c0000000,0x00000000cb277fb8,0x00000000cb280000)
 Metaspace       used 78961K, committed 79936K, reserved 1122304K
  class space    used 7586K, committed 8000K, reserved 1048576K
}
Event: 2857.612 GC heap after
{Heap after GC invocations=8465 (full 177):
 PSYoungGen      total 13824K, used 0K [0x00000000eab00000, 0x00000000eba80000, 0x0000000100000000)
  eden space 11776K, 0% used [0x00000000eab00000,0x00000000eab00000,0x00000000eb680000)
  from space 2048K, 0% used [0x00000000eb680000,0x00000000eb680000,0x00000000eb880000)
  to   space 2048K, 0% used [0x00000000eb880000,0x00000000eb880000,0x00000000eba80000)
 ParOldGen       total 176128K, used 100072K [0x00000000c0000000, 0x00000000cac00000, 0x00000000eab00000)
  object space 176128K, 56% used [0x00000000c0000000,0x00000000c61ba250,0x00000000cac00000)
 Metaspace       used 78961K, committed 79936K, reserved 1122304K
  class space    used 7586K, committed 8000K, reserved 1048576K
}
Event: 2857.745 GC heap before
{Heap before GC invocations=8466 (full 177):
 PSYoungGen      total 13824K, used 11768K [0x00000000eab00000, 0x00000000eba80000, 0x0000000100000000)
  eden space 11776K, 99% used [0x00000000eab00000,0x00000000eb67e3f8,0x00000000eb680000)
  from space 2048K, 0% used [0x00000000eb680000,0x00000000eb680000,0x00000000eb880000)
  to   space 2048K, 0% used [0x00000000eb880000,0x00000000eb880000,0x00000000eba80000)
 ParOldGen       total 176128K, used 100072K [0x00000000c0000000, 0x00000000cac00000, 0x00000000eab00000)
  object space 176128K, 56% used [0x00000000c0000000,0x00000000c61ba250,0x00000000cac00000)
 Metaspace       used 78961K, committed 79936K, reserved 1122304K
  class space    used 7586K, committed 8000K, reserved 1048576K
}
Event: 2857.748 GC heap after
{Heap after GC invocations=8466 (full 177):
 PSYoungGen      total 13824K, used 1598K [0x00000000eab00000, 0x00000000eba80000, 0x0000000100000000)
  eden space 11776K, 0% used [0x00000000eab00000,0x00000000eab00000,0x00000000eb680000)
  from space 2048K, 78% used [0x00000000eb880000,0x00000000eba0f870,0x00000000eba80000)
  to   space 2048K, 0% used [0x00000000eb680000,0x00000000eb680000,0x00000000eb880000)
 ParOldGen       total 176128K, used 100818K [0x00000000c0000000, 0x00000000cac00000, 0x00000000eab00000)
  object space 176128K, 57% used [0x00000000c0000000,0x00000000c6274ba0,0x00000000cac00000)
 Metaspace       used 78961K, committed 79936K, reserved 1122304K
  class space    used 7586K, committed 8000K, reserved 1048576K
}
Event: 2857.780 GC heap before
{Heap before GC invocations=8467 (full 177):
 PSYoungGen      total 13824K, used 12830K [0x00000000eab00000, 0x00000000eba80000, 0x0000000100000000)
  eden space 11776K, 95% used [0x00000000eab00000,0x00000000eb5f7fa8,0x00000000eb680000)
  from space 2048K, 78% used [0x00000000eb880000,0x00000000eba0f870,0x00000000eba80000)
  to   space 2048K, 0% used [0x00000000eb680000,0x00000000eb680000,0x00000000eb880000)
 ParOldGen       total 176128K, used 100818K [0x00000000c0000000, 0x00000000cac00000, 0x00000000eab00000)
  object space 176128K, 57% used [0x00000000c0000000,0x00000000c6274ba0,0x00000000cac00000)
 Metaspace       used 78961K, committed 79936K, reserved 1122304K
  class space    used 7586K, committed 8000K, reserved 1048576K
}
Event: 2857.784 GC heap after
{Heap after GC invocations=8467 (full 177):
 PSYoungGen      total 13824K, used 2036K [0x00000000eab00000, 0x00000000ebb80000, 0x0000000100000000)
  eden space 11776K, 0% used [0x00000000eab00000,0x00000000eab00000,0x00000000eb680000)
  from space 2048K, 99% used [0x00000000eb680000,0x00000000eb87d2a0,0x00000000eb880000)
  to   space 2560K, 0% used [0x00000000eb900000,0x00000000eb900000,0x00000000ebb80000)
 ParOldGen       total 176128K, used 100850K [0x00000000c0000000, 0x00000000cac00000, 0x00000000eab00000)
  object space 176128K, 57% used [0x00000000c0000000,0x00000000c627cba0,0x00000000cac00000)
 Metaspace       used 78961K, committed 79936K, reserved 1122304K
  class space    used 7586K, committed 8000K, reserved 1048576K
}

