# JRE version: OpenJDK Runtime Environment Temurin-17.0.4.1+1 (17.0.4.1+1) (build 17.0.4.1+1)
# Java VM: OpenJDK 64-Bit Server VM Temurin-17.0.4.1+1 (17.0.4.1+1, mixed mode, tiered, compressed oops, compressed class ptrs, parallel gc, windows-amd64)
GC Precious Log:
 CPUs: 4 total, 4 available
 Memory: 4095M
 Large Page Support: Disabled
 NUMA Support: Disabled
 Compressed Oops: Enabled (32-bit)
 Alignments: Space 512K, Generation 512K, Heap 2M
 Heap Min Capacity: 100M
 Heap Initial Capacity: 100M
 Heap Max Capacity: 1G
 Pre-touch: Disabled
 Parallel Workers: 4
Heap:
 PSYoungGen      total 7168K, used 6495K [0x00000000eab00000, 0x00000000eb580000, 0x0000000100000000)
  eden space 3584K, 99% used [0x00000000eab00000,0x00000000eae7ffe0,0x00000000eae80000)
  from space 3584K, 81% used [0x00000000eae80000,0x00000000eb158000,0x00000000eb200000)
  to   space 3072K, 91% used [0x00000000eb280000,0x00000000eb53e900,0x00000000eb580000)
 ParOldGen       total 181760K, used 153095K [0x00000000c0000000, 0x00000000cb180000, 0x00000000eab00000)
  object space 181760K, 84% used [0x00000000c0000000,0x00000000c9581ef8,0x00000000cb180000)
 Metaspace       used 83467K, committed 84416K, reserved 1130496K
  class space    used 8112K, committed 8512K, reserved 1048576K
GC Heap History (20 events):
Event: 8814.806 GC heap after
{Heap after GC invocations=4727 (full 111):
 PSYoungGen      total 4608K, used 627K [0x00000000eab00000, 0x00000000eb100000, 0x0000000100000000)
  eden space 3584K, 0% used [0x00000000eab00000,0x00000000eab00000,0x00000000eae80000)
  from space 1024K, 61% used [0x00000000eb000000,0x00000000eb09cea0,0x00000000eb100000)
  to   space 1024K, 0% used [0x00000000eae80000,0x00000000eae80000,0x00000000eaf80000)
 ParOldGen       total 181760K, used 138517K [0x00000000c0000000, 0x00000000cb180000, 0x00000000eab00000)
  object space 181760K, 76% used [0x00000000c0000000,0x00000000c8745660,0x00000000cb180000)
 Metaspace       used 83462K, committed 84416K, reserved 1130496K
  class space    used 8112K, committed 8512K, reserved 1048576K
}
Event: 8814.985 GC heap before
{Heap before GC invocations=4728 (full 111):
 PSYoungGen      total 4608K, used 4211K [0x00000000eab00000, 0x00000000eb100000, 0x0000000100000000)
  eden space 3584K, 100% used [0x00000000eab00000,0x00000000eae80000,0x00000000eae80000)
  from space 1024K, 61% used [0x00000000eb000000,0x00000000eb09cea0,0x00000000eb100000)
  to   space 1024K, 0% used [0x00000000eae80000,0x00000000eae80000,0x00000000eaf80000)
 ParOldGen       total 181760K, used 138517K [0x00000000c0000000, 0x00000000cb180000, 0x00000000eab00000)
  object space 181760K, 76% used [0x00000000c0000000,0x00000000c8745660,0x00000000cb180000)
 Metaspace       used 83465K, committed 84416K, reserved 1130496K
  class space    used 8112K, committed 8512K, reserved 1048576K
}
Event: 8814.991 GC heap after
{Heap after GC invocations=4728 (full 111):
 PSYoungGen      total 4608K, used 928K [0x00000000eab00000, 0x00000000eb080000, 0x0000000100000000)
  eden space 3584K, 0% used [0x00000000eab00000,0x00000000eab00000,0x00000000eae80000)
  from space 1024K, 90% used [0x00000000eae80000,0x00000000eaf68000,0x00000000eaf80000)
  to   space 1024K, 0% used [0x00000000eaf80000,0x00000000eaf80000,0x00000000eb080000)
 ParOldGen       total 181760K, used 139049K [0x00000000c0000000, 0x00000000cb180000, 0x00000000eab00000)
  object space 181760K, 76% used [0x00000000c0000000,0x00000000c87ca520,0x00000000cb180000)
 Metaspace       used 83465K, committed 84416K, reserved 1130496K
  class space    used 8112K, committed 8512K, reserved 1048576K
}
Event: 8815.140 GC heap before
{Heap before GC invocations=4729 (full 111):
 PSYoungGen      total 4608K, used 4505K [0x00000000eab00000, 0x00000000eb080000, 0x0000000100000000)
  eden space 3584K, 99% used [0x00000000eab00000,0x00000000eae7e538,0x00000000eae80000)
  from space 1024K, 90% used [0x00000000eae80000,0x00000000eaf68000,0x00000000eaf80000)
  to   space 1024K, 0% used [0x00000000eaf80000,0x00000000eaf80000,0x00000000eb080000)
 ParOldGen       total 181760K, used 139049K [0x00000000c0000000, 0x00000000cb180000, 0x00000000eab00000)
  object space 181760K, 76% used [0x00000000c0000000,0x00000000c87ca520,0x00000000cb180000)
 Metaspace       used 83465K, committed 84416K, reserved 1130496K
  class space    used 8112K, committed 8512K, reserved 1048576K
}
Event: 8815.144 GC heap after
{Heap after GC invocations=4729 (full 111):
 PSYoungGen      total 4608K, used 560K [0x00000000eab00000, 0x00000000eb080000, 0x0000000100000000)
  eden space 3584K, 0% used [0x00000000eab00000,0x00000000eab00000,0x00000000eae80000)
  from space 1024K, 54% used [0x00000000eaf80000,0x00000000eb00c298,0x00000000eb080000)
  to   space 1024K, 0% used [0x00000000eae80000,0x00000000eae80000,0x00000000eaf80000)
 ParOldGen       total 181760K, used 139923K [0x00000000c0000000, 0x00000000cb180000, 0x00000000eab00000)
  object space 181760K, 76% used [0x00000000c0000000,0x00000000c88a4fe8,0x00000000cb180000)
 Metaspace       used 83465K, committed 84416K, reserved 1130496K
  class space    used 8112K, committed 8512K, reserved 1048576K
}
Event: 8815.431 GC heap before
{Heap before GC invocations=4730 (full 111):
 PSYoungGen      total 4608K, used 4144K [0x00000000eab00000, 0x00000000eb080000, 0x0000000100000000)
  eden space 3584K, 100% used [0x00000000eab00000,0x00000000eae80000,0x00000000eae80000)
  from space 1024K, 54% used [0x00000000eaf80000,0x00000000eb00c298,0x00000000eb080000)
  to   space 1024K, 0% used [0x00000000eae80000,0x00000000eae80000,0x00000000eaf80000)
 ParOldGen       total 181760K, used 139923K [0x00000000c0000000, 0x00000000cb180000, 0x00000000eab00000)
  object space 181760K, 76% used [0x00000000c0000000,0x00000000c88a4fe8,0x00000000cb180000)
 Metaspace       used 83467K, committed 84416K, reserved 1130496K
  class space    used 8112K, committed 8512K, reserved 1048576K
}
Event: 8815.435 GC heap after
{Heap after GC invocations=4730 (full 111):
 PSYoungGen      total 4608K, used 736K [0x00000000eab00000, 0x00000000eb080000, 0x0000000100000000)
  eden space 3584K, 0% used [0x00000000eab00000,0x00000000eab00000,0x00000000eae80000)
  from space 1024K, 71% used [0x00000000eae80000,0x00000000eaf38000,0x00000000eaf80000)
  to   space 1024K, 0% used [0x00000000eaf80000,0x00000000eaf80000,0x00000000eb080000)
 ParOldGen       total 181760K, used 140401K [0x00000000c0000000, 0x00000000cb180000, 0x00000000eab00000)
  object space 181760K, 77% used [0x00000000c0000000,0x00000000c891c640,0x00000000cb180000)
 Metaspace       used 83467K, committed 84416K, reserved 1130496K
  class space    used 8112K, committed 8512K, reserved 1048576K
}
Event: 8815.774 GC heap before
{Heap before GC invocations=4731 (full 111):
 PSYoungGen      total 4608K, used 4320K [0x00000000eab00000, 0x00000000eb080000, 0x0000000100000000)
  eden space 3584K, 100% used [0x00000000eab00000,0x00000000eae80000,0x00000000eae80000)
  from space 1024K, 71% used [0x00000000eae80000,0x00000000eaf38000,0x00000000eaf80000)
  to   space 1024K, 0% used [0x00000000eaf80000,0x00000000eaf80000,0x00000000eb080000)
 ParOldGen       total 181760K, used 140401K [0x00000000c0000000, 0x00000000cb180000, 0x00000000eab00000)
  object space 181760K, 77% used [0x00000000c0000000,0x00000000c891c640,0x00000000cb180000)
 Metaspace       used 83467K, committed 84416K, reserved 1130496K
  class space    used 8112K, committed 8512K, reserved 1048576K
}
Event: 8815.777 GC heap after
{Heap after GC invocations=4731 (full 111):
 PSYoungGen      total 4608K, used 487K [0x00000000eab00000, 0x00000000eb080000, 0x0000000100000000)
  eden space 3584K, 0% used [0x00000000eab00000,0x00000000eab00000,0x00000000eae80000)
  from space 1024K, 47% used [0x00000000eaf80000,0x00000000eaff9ca0,0x00000000eb080000)
  to   space 1024K, 0% used [0x00000000eae80000,0x00000000eae80000,0x00000000eaf80000)
 ParOldGen       total 181760K, used 141130K [0x00000000c0000000, 0x00000000cb180000, 0x00000000eab00000)
  object space 181760K, 77% used [0x00000000c0000000,0x00000000c89d2920,0x00000000cb180000)
 Metaspace       used 83467K, committed 84416K, reserved 1130496K
  class space    used 8112K, committed 8512K, reserved 1048576K
}
Event: 8815.806 GC heap before
{Heap before GC invocations=4732 (full 111):
 PSYoungGen      total 4608K, used 4071K [0x00000000eab00000, 0x00000000eb080000, 0x0000000100000000)
  eden space 3584K, 100% used [0x00000000eab00000,0x00000000eae80000,0x00000000eae80000)
  from space 1024K, 47% used [0x00000000eaf80000,0x00000000eaff9ca0,0x00000000eb080000)
  to   space 1024K, 0% used [0x00000000eae80000,0x00000000eae80000,0x00000000eaf80000)
 ParOldGen       total 181760K, used 141130K [0x00000000c0000000, 0x00000000cb180000, 0x00000000eab00000)
  object space 181760K, 77% used [0x00000000c0000000,0x00000000c89d2920,0x00000000cb180000)
 Metaspace       used 83467K, committed 84416K, reserved 1130496K
  class space    used 8112K, committed 8512K, reserved 1048576K
}
Event: 8815.814 GC heap after
{Heap after GC invocations=4732 (full 111):
 PSYoungGen      total 4608K, used 994K [0x00000000eab00000, 0x00000000eb580000, 0x0000000100000000)
  eden space 3584K, 0% used [0x00000000eab00000,0x00000000eab00000,0x00000000eae80000)
  from space 1024K, 97% used [0x00000000eae80000,0x00000000eaf78bb0,0x00000000eaf80000)
  to   space 3584K, 0% used [0x00000000eb200000,0x00000000eb200000,0x00000000eb580000)
 ParOldGen       total 181760K, used 143129K [0x00000000c0000000, 0x00000000cb180000, 0x00000000eab00000)
  object space 181760K, 78% used [0x00000000c0000000,0x00000000c8bc6640,0x00000000cb180000)
 Metaspace       used 83467K, committed 84416K, reserved 1130496K
  class space    used 8112K, committed 8512K, reserved 1048576K
}
Event: 8815.854 GC heap before
{Heap before GC invocations=4733 (full 111):
 PSYoungGen      total 4608K, used 4578K [0x00000000eab00000, 0x00000000eb580000, 0x0000000100000000)
  eden space 3584K, 99% used [0x00000000eab00000,0x00000000eae7ffa8,0x00000000eae80000)
  from space 1024K, 97% used [0x00000000eae80000,0x00000000eaf78bb0,0x00000000eaf80000)
  to   space 3584K, 0% used [0x00000000eb200000,0x00000000eb200000,0x00000000eb580000)
 ParOldGen       total 181760K, used 143129K [0x00000000c0000000, 0x00000000cb180000, 0x00000000eab00000)
  object space 181760K, 78% used [0x00000000c0000000,0x00000000c8bc6640,0x00000000cb180000)
 Metaspace       used 83467K, committed 84416K, reserved 1130496K
  class space    used 8112K, committed 8512K, reserved 1048576K
}
Event: 8815.859 GC heap after
{Heap after GC invocations=4733 (full 111):
 PSYoungGen      total 5120K, used 1060K [0x00000000eab00000, 0x00000000eb380000, 0x0000000100000000)
  eden space 3584K, 0% used [0x00000000eab00000,0x00000000eab00000,0x00000000eae80000)
  from space 1536K, 69% used [0x00000000eb200000,0x00000000eb309210,0x00000000eb380000)
  to   space 2048K, 0% used [0x00000000eaf80000,0x00000000eaf80000,0x00000000eb180000)
 ParOldGen       total 181760K, used 144130K [0x00000000c0000000, 0x00000000cb180000, 0x00000000eab00000)
  object space 181760K, 79% used [0x00000000c0000000,0x00000000c8cc0af8,0x00000000cb180000)
 Metaspace       used 83467K, committed 84416K, reserved 1130496K
  class space    used 8112K, committed 8512K, reserved 1048576K
}
Event: 8815.921 GC heap before
{Heap before GC invocations=4734 (full 111):
 PSYoungGen      total 5120K, used 4644K [0x00000000eab00000, 0x00000000eb380000, 0x0000000100000000)
  eden space 3584K, 100% used [0x00000000eab00000,0x00000000eae80000,0x00000000eae80000)
  from space 1536K, 69% used [0x00000000eb200000,0x00000000eb309210,0x00000000eb380000)
  to   space 2048K, 0% used [0x00000000eaf80000,0x00000000eaf80000,0x00000000eb180000)
 ParOldGen       total 181760K, used 144130K [0x00000000c0000000, 0x00000000cb180000, 0x00000000eab00000)
  object space 181760K, 79% used [0x00000000c0000000,0x00000000c8cc0af8,0x00000000cb180000)
 Metaspace       used 83467K, committed 84416K, reserved 1130496K
  class space    used 8112K, committed 8512K, reserved 1048576K
}
Event: 8815.928 GC heap after
{Heap after GC invocations=4734 (full 111):
 PSYoungGen      total 5632K, used 2048K [0x00000000eab00000, 0x00000000eb580000, 0x0000000100000000)
  eden space 3584K, 0% used [0x00000000eab00000,0x00000000eab00000,0x00000000eae80000)
  from space 2048K, 100% used [0x00000000eaf80000,0x00000000eb180000,0x00000000eb180000)
  to   space 3584K, 0% used [0x00000000eb200000,0x00000000eb200000,0x00000000eb580000)
 ParOldGen       total 181760K, used 145188K [0x00000000c0000000, 0x00000000cb180000, 0x00000000eab00000)
  object space 181760K, 79% used [0x00000000c0000000,0x00000000c8dc9060,0x00000000cb180000)
 Metaspace       used 83467K, committed 84416K, reserved 1130496K
  class space    used 8112K, committed 8512K, reserved 1048576K
}
Event: 8815.952 GC heap before
{Heap before GC invocations=4735 (full 111):
 PSYoungGen      total 5632K, used 5632K [0x00000000eab00000, 0x00000000eb580000, 0x0000000100000000)
  eden space 3584K, 100% used [0x00000000eab00000,0x00000000eae80000,0x00000000eae80000)
  from space 2048K, 100% used [0x00000000eaf80000,0x00000000eb180000,0x00000000eb180000)
  to   space 3584K, 0% used [0x00000000eb200000,0x00000000eb200000,0x00000000eb580000)
 ParOldGen       total 181760K, used 145188K [0x00000000c0000000, 0x00000000cb180000, 0x00000000eab00000)
  object space 181760K, 79% used [0x00000000c0000000,0x00000000c8dc9060,0x00000000cb180000)
 Metaspace       used 83467K, committed 84416K, reserved 1130496K
  class space    used 8112K, committed 8512K, reserved 1048576K
}
Event: 8815.970 GC heap after
{Heap after GC invocations=4735 (full 111):
 PSYoungGen      total 7168K, used 3008K [0x00000000eab00000, 0x00000000eb680000, 0x0000000100000000)
  eden space 3584K, 0% used [0x00000000eab00000,0x00000000eab00000,0x00000000eae80000)
  from space 3584K, 83% used [0x00000000eb200000,0x00000000eb4f0000,0x00000000eb580000)
  to   space 3584K, 0% used [0x00000000eae80000,0x00000000eae80000,0x00000000eb200000)
 ParOldGen       total 181760K, used 147239K [0x00000000c0000000, 0x00000000cb180000, 0x00000000eab00000)
  object space 181760K, 81% used [0x00000000c0000000,0x00000000c8fc9ef8,0x00000000cb180000)
 Metaspace       used 83467K, committed 84416K, reserved 1130496K
  class space    used 8112K, committed 8512K, reserved 1048576K
}
Event: 8815.989 GC heap before
{Heap before GC invocations=4736 (full 111):
 PSYoungGen      total 7168K, used 6592K [0x00000000eab00000, 0x00000000eb680000, 0x0000000100000000)
  eden space 3584K, 100% used [0x00000000eab00000,0x00000000eae80000,0x00000000eae80000)
  from space 3584K, 83% used [0x00000000eb200000,0x00000000eb4f0000,0x00000000eb580000)
  to   space 3584K, 0% used [0x00000000eae80000,0x00000000eae80000,0x00000000eb200000)
 ParOldGen       total 181760K, used 147239K [0x00000000c0000000, 0x00000000cb180000, 0x00000000eab00000)
  object space 181760K, 81% used [0x00000000c0000000,0x00000000c8fc9ef8,0x00000000cb180000)
 Metaspace       used 83467K, committed 84416K, reserved 1130496K
  class space    used 8112K, committed 8512K, reserved 1048576K
}
Event: 8816.006 GC heap after
{Heap after GC invocations=4736 (full 111):
 PSYoungGen      total 7168K, used 2912K [0x00000000eab00000, 0x00000000eb580000, 0x0000000100000000)
  eden space 3584K, 0% used [0x00000000eab00000,0x00000000eab00000,0x00000000eae80000)
  from space 3584K, 81% used [0x00000000eae80000,0x00000000eb158000,0x00000000eb200000)
  to   space 3072K, 0% used [0x00000000eb280000,0x00000000eb280000,0x00000000eb580000)
 ParOldGen       total 181760K, used 150223K [0x00000000c0000000, 0x00000000cb180000, 0x00000000eab00000)
  object space 181760K, 82% used [0x00000000c0000000,0x00000000c92b3ef8,0x00000000cb180000)
 Metaspace       used 83467K, committed 84416K, reserved 1130496K
  class space    used 8112K, committed 8512K, reserved 1048576K
}
Event: 8816.026 GC heap before
{Heap before GC invocations=4737 (full 111):
 PSYoungGen      total 7168K, used 6495K [0x00000000eab00000, 0x00000000eb580000, 0x0000000100000000)
  eden space 3584K, 99% used [0x00000000eab00000,0x00000000eae7ffe0,0x00000000eae80000)
  from space 3584K, 81% used [0x00000000eae80000,0x00000000eb158000,0x00000000eb200000)
  to   space 3072K, 0% used [0x00000000eb280000,0x00000000eb280000,0x00000000eb580000)
 ParOldGen       total 181760K, used 150223K [0x00000000c0000000, 0x00000000cb180000, 0x00000000eab00000)
  object space 181760K, 82% used [0x00000000c0000000,0x00000000c92b3ef8,0x00000000cb180000)
 Metaspace       used 83467K, committed 84416K, reserved 1130496K
  class space    used 8112K, committed 8512K, reserved 1048576K
}

