# JRE version: Java(TM) SE Runtime Environment (8.0_202-b08) (build 1.8.0_202-b08)
# Java VM: Java HotSpot(TM) 64-Bit Server VM (25.202-b08 mixed mode windows-amd64 compressed oops)
Heap:
 PSYoungGen      total 136704K, used 23583K [0x0000000780000000, 0x000000078bc00000, 0x00000007c0000000)
  eden space 132608K, 17% used [0x0000000780000000,0x0000000781707d30,0x0000000788180000)
  from space 4096K, 0% used [0x000000078b800000,0x000000078b800000,0x000000078bc00000)
  to   space 27136K, 0% used [0x0000000788700000,0x0000000788700000,0x000000078a180000)
 ParOldGen       total 150528K, used 61914K [0x0000000700000000, 0x0000000709300000, 0x0000000780000000)
  object space 150528K, 41% used [0x0000000700000000,0x0000000703c76ad8,0x0000000709300000)
 Metaspace       used 65192K, capacity 69669K, committed 69720K, reserved 1110016K
  class space    used 9014K, capacity 9843K, committed 9856K, reserved 1048576K
GC Heap History (10 events):
Event: 29.400 GC heap before
{Heap before GC invocations=22 (full 3):
 PSYoungGen      total 134656K, used 2477K [0x0000000780000000, 0x000000078a300000, 0x00000007c0000000)
  eden space 122880K, 0% used [0x0000000780000000,0x0000000780000000,0x0000000787800000)
  from space 11776K, 21% used [0x0000000787800000,0x0000000787a6b508,0x0000000788380000)
  to   space 11776K, 0% used [0x0000000789780000,0x0000000789780000,0x000000078a300000)
 ParOldGen       total 56832K, used 36469K [0x0000000700000000, 0x0000000703780000, 0x0000000780000000)
  object space 56832K, 64% used [0x0000000700000000,0x000000070239d468,0x0000000703780000)
 Metaspace       used 55470K, capacity 59071K, committed 59096K, reserved 1099776K
  class space    used 7788K, capacity 8426K, committed 8448K, reserved 1048576K
Event: 29.711 GC heap after
Heap after GC invocations=22 (full 3):
 PSYoungGen      total 134656K, used 0K [0x0000000780000000, 0x000000078a300000, 0x00000007c0000000)
  eden space 122880K, 0% used [0x0000000780000000,0x0000000780000000,0x0000000787800000)
  from space 11776K, 0% used [0x0000000787800000,0x0000000787800000,0x0000000788380000)
  to   space 11776K, 0% used [0x0000000789780000,0x0000000789780000,0x000000078a300000)
 ParOldGen       total 88576K, used 30071K [0x0000000700000000, 0x0000000705680000, 0x0000000780000000)
  object space 88576K, 33% used [0x0000000700000000,0x0000000701d5de18,0x0000000705680000)
 Metaspace       used 55420K, capacity 58903K, committed 59096K, reserved 1099776K
  class space    used 7772K, capacity 8398K, committed 8448K, reserved 1048576K
}
Event: 33.136 GC heap before
{Heap before GC invocations=23 (full 3):
 PSYoungGen      total 134656K, used 122880K [0x0000000780000000, 0x000000078a300000, 0x00000007c0000000)
  eden space 122880K, 100% used [0x0000000780000000,0x0000000787800000,0x0000000787800000)
  from space 11776K, 0% used [0x0000000787800000,0x0000000787800000,0x0000000788380000)
  to   space 11776K, 0% used [0x0000000789780000,0x0000000789780000,0x000000078a300000)
 ParOldGen       total 88576K, used 30071K [0x0000000700000000, 0x0000000705680000, 0x0000000780000000)
  object space 88576K, 33% used [0x0000000700000000,0x0000000701d5de18,0x0000000705680000)
 Metaspace       used 61124K, capacity 65087K, committed 65368K, reserved 1105920K
  class space    used 8623K, capacity 9332K, committed 9344K, reserved 1048576K
Event: 33.192 GC heap after
Heap after GC invocations=23 (full 3):
 PSYoungGen      total 148992K, used 11751K [0x0000000780000000, 0x000000078af80000, 0x00000007c0000000)
  eden space 137216K, 0% used [0x0000000780000000,0x0000000780000000,0x0000000788600000)
  from space 11776K, 99% used [0x0000000789780000,0x000000078a2f9c70,0x000000078a300000)
  to   space 17920K, 0% used [0x0000000788600000,0x0000000788600000,0x0000000789780000)
 ParOldGen       total 88576K, used 42067K [0x0000000700000000, 0x0000000705680000, 0x0000000780000000)
  object space 88576K, 47% used [0x0000000700000000,0x0000000702914c70,0x0000000705680000)
 Metaspace       used 61124K, capacity 65087K, committed 65368K, reserved 1105920K
  class space    used 8623K, capacity 9332K, committed 9344K, reserved 1048576K
}
Event: 192.282 GC heap before
{Heap before GC invocations=24 (full 3):
 PSYoungGen      total 148992K, used 148967K [0x0000000780000000, 0x000000078af80000, 0x00000007c0000000)
  eden space 137216K, 100% used [0x0000000780000000,0x0000000788600000,0x0000000788600000)
  from space 11776K, 99% used [0x0000000789780000,0x000000078a2f9c70,0x000000078a300000)
  to   space 17920K, 0% used [0x0000000788600000,0x0000000788600000,0x0000000789780000)
 ParOldGen       total 88576K, used 42067K [0x0000000700000000, 0x0000000705680000, 0x0000000780000000)
  object space 88576K, 47% used [0x0000000700000000,0x0000000702914c70,0x0000000705680000)
 Metaspace       used 63964K, capacity 68129K, committed 68312K, reserved 1107968K
  class space    used 8923K, capacity 9665K, committed 9728K, reserved 1048576K
Event: 194.086 GC heap after
Heap after GC invocations=24 (full 3):
 PSYoungGen      total 155136K, used 17902K [0x0000000780000000, 0x000000078d300000, 0x00000007c0000000)
  eden space 137216K, 0% used [0x0000000780000000,0x0000000780000000,0x0000000788600000)
  from space 17920K, 99% used [0x0000000788600000,0x000000078977b9a0,0x0000000789780000)
  to   space 27648K, 0% used [0x000000078b800000,0x000000078b800000,0x000000078d300000)
 ParOldGen       total 88576K, used 61417K [0x0000000700000000, 0x0000000705680000, 0x0000000780000000)
  object space 88576K, 69% used [0x0000000700000000,0x0000000703bfa6d0,0x0000000705680000)
 Metaspace       used 63964K, capacity 68129K, committed 68312K, reserved 1107968K
  class space    used 8923K, capacity 9665K, committed 9728K, reserved 1048576K
}
Event: 1372.411 GC heap before
{Heap before GC invocations=25 (full 3):
 PSYoungGen      total 155136K, used 155118K [0x0000000780000000, 0x000000078d300000, 0x00000007c0000000)
  eden space 137216K, 100% used [0x0000000780000000,0x0000000788600000,0x0000000788600000)
  from space 17920K, 99% used [0x0000000788600000,0x000000078977b9a0,0x0000000789780000)
  to   space 27648K, 0% used [0x000000078b800000,0x000000078b800000,0x000000078d300000)
 ParOldGen       total 88576K, used 61417K [0x0000000700000000, 0x0000000705680000, 0x0000000780000000)
  object space 88576K, 69% used [0x0000000700000000,0x0000000703bfa6d0,0x0000000705680000)
 Metaspace       used 65168K, capacity 69625K, committed 69720K, reserved 1110016K
  class space    used 9016K, capacity 9847K, committed 9856K, reserved 1048576K
Event: 1373.269 GC heap after
Heap after GC invocations=25 (full 3):
 PSYoungGen      total 136704K, used 3746K [0x0000000780000000, 0x000000078bc00000, 0x00000007c0000000)
  eden space 132608K, 0% used [0x0000000780000000,0x0000000780000000,0x0000000788180000)
  from space 4096K, 91% used [0x000000078b800000,0x000000078bba8940,0x000000078bc00000)
  to   space 27136K, 0% used [0x0000000788700000,0x0000000788700000,0x000000078a180000)
 ParOldGen       total 88576K, used 78906K [0x0000000700000000, 0x0000000705680000, 0x0000000780000000)
  object space 88576K, 89% used [0x0000000700000000,0x0000000704d0eb48,0x0000000705680000)
 Metaspace       used 65168K, capacity 69625K, committed 69720K, reserved 1110016K
  class space    used 9016K, capacity 9847K, committed 9856K, reserved 1048576K
}
Event: 1373.282 GC heap before
{Heap before GC invocations=26 (full 4):
 PSYoungGen      total 136704K, used 3746K [0x0000000780000000, 0x000000078bc00000, 0x00000007c0000000)
  eden space 132608K, 0% used [0x0000000780000000,0x0000000780000000,0x0000000788180000)
  from space 4096K, 91% used [0x000000078b800000,0x000000078bba8940,0x000000078bc00000)
  to   space 27136K, 0% used [0x0000000788700000,0x0000000788700000,0x000000078a180000)
 ParOldGen       total 88576K, used 78906K [0x0000000700000000, 0x0000000705680000, 0x0000000780000000)
  object space 88576K, 89% used [0x0000000700000000,0x0000000704d0eb48,0x0000000705680000)
 Metaspace       used 65168K, capacity 69625K, committed 69720K, reserved 1110016K
  class space    used 9016K, capacity 9847K, committed 9856K, reserved 1048576K
Event: 1376.346 GC heap after
Heap after GC invocations=26 (full 4):
 PSYoungGen      total 136704K, used 0K [0x0000000780000000, 0x000000078bc00000, 0x00000007c0000000)
  eden space 132608K, 0% used [0x0000000780000000,0x0000000780000000,0x0000000788180000)
  from space 4096K, 0% used [0x000000078b800000,0x000000078b800000,0x000000078bc00000)
  to   space 27136K, 0% used [0x0000000788700000,0x0000000788700000,0x000000078a180000)
 ParOldGen       total 150528K, used 61914K [0x0000000700000000, 0x0000000709300000, 0x0000000780000000)
  object space 150528K, 41% used [0x0000000700000000,0x0000000703c76ad8,0x0000000709300000)
 Metaspace       used 65157K, capacity 69601K, committed 69720K, reserved 1110016K
  class space    used 9014K, capacity 9843K, committed 9856K, reserved 1048576K
}

