# JRE version: OpenJDK Runtime Environment Temurin-17.0.3+7 (17.0.3+7) (build 17.0.3+7)
# Java VM: OpenJDK 64-Bit Server VM Temurin-17.0.3+7 (17.0.3+7, mixed mode, tiered, compressed oops, compressed class ptrs, parallel gc, windows-amd64)
GC Precious Log:
 CPUs: 4 total, 4 available
 Memory: 4095M
 Large Page Support: Disabled
 NUMA Support: Disabled
 Compressed Oops: Enabled (32-bit)
 Alignments: Space 512K, Generation 512K, Heap 2M
 Heap Min Capacity: 100M
 Heap Initial Capacity: 100M
 Heap Max Capacity: 1G
 Pre-touch: Disabled
 Parallel Workers: 4
Heap:
 PSYoungGen      total 24576K, used 1307K [0x00000000eab00000, 0x00000000ec700000, 0x0000000100000000)
  eden space 23040K, 0% used [0x00000000eab00000,0x00000000eab00000,0x00000000ec180000)
  from space 1536K, 85% used [0x00000000ec580000,0x00000000ec6c6f38,0x00000000ec700000)
  to   space 1536K, 0% used [0x00000000ec400000,0x00000000ec400000,0x00000000ec580000)
 ParOldGen       total 68608K, used 13538K [0x00000000c0000000, 0x00000000c4300000, 0x00000000eab00000)
  object space 68608K, 19% used [0x00000000c0000000,0x00000000c0d38ae0,0x00000000c4300000)
 Metaspace       used 35392K, committed 35840K, reserved 1081344K
  class space    used 3589K, committed 3776K, reserved 1048576K
GC Heap History (20 events):
Event: 46.691 GC heap after
{Heap after GC invocations=2 (full 0):
 PSYoungGen      total 29696K, used 4094K [0x00000000eab00000, 0x00000000ecc00000, 0x0000000100000000)
  eden space 25600K, 0% used [0x00000000eab00000,0x00000000eab00000,0x00000000ec400000)
  from space 4096K, 99% used [0x00000000ec800000,0x00000000ecbff9d0,0x00000000ecc00000)
  to   space 4096K, 0% used [0x00000000ec400000,0x00000000ec400000,0x00000000ec800000)
 ParOldGen       total 68608K, used 1395K [0x00000000c0000000, 0x00000000c4300000, 0x00000000eab00000)
  object space 68608K, 2% used [0x00000000c0000000,0x00000000c015ccd0,0x00000000c4300000)
 Metaspace       used 14299K, committed 14528K, reserved 1064960K
  class space    used 1448K, committed 1536K, reserved 1048576K
}
Event: 62.097 GC heap before
{Heap before GC invocations=3 (full 0):
 PSYoungGen      total 29696K, used 29694K [0x00000000eab00000, 0x00000000ecc00000, 0x0000000100000000)
  eden space 25600K, 100% used [0x00000000eab00000,0x00000000ec400000,0x00000000ec400000)
  from space 4096K, 99% used [0x00000000ec800000,0x00000000ecbff9d0,0x00000000ecc00000)
  to   space 4096K, 0% used [0x00000000ec400000,0x00000000ec400000,0x00000000ec800000)
 ParOldGen       total 68608K, used 1395K [0x00000000c0000000, 0x00000000c4300000, 0x00000000eab00000)
  object space 68608K, 2% used [0x00000000c0000000,0x00000000c015ccd0,0x00000000c4300000)
 Metaspace       used 17490K, committed 17856K, reserved 1064960K
  class space    used 1764K, committed 1920K, reserved 1048576K
}
Event: 62.112 GC heap after
{Heap after GC invocations=3 (full 0):
 PSYoungGen      total 29696K, used 4086K [0x00000000eab00000, 0x00000000ecc00000, 0x0000000100000000)
  eden space 25600K, 0% used [0x00000000eab00000,0x00000000eab00000,0x00000000ec400000)
  from space 4096K, 99% used [0x00000000ec400000,0x00000000ec7fda48,0x00000000ec800000)
  to   space 4096K, 0% used [0x00000000ec800000,0x00000000ec800000,0x00000000ecc00000)
 ParOldGen       total 68608K, used 5110K [0x00000000c0000000, 0x00000000c4300000, 0x00000000eab00000)
  object space 68608K, 7% used [0x00000000c0000000,0x00000000c04fd900,0x00000000c4300000)
 Metaspace       used 17490K, committed 17856K, reserved 1064960K
  class space    used 1764K, committed 1920K, reserved 1048576K
}
Event: 65.814 GC heap before
{Heap before GC invocations=4 (full 0):
 PSYoungGen      total 29696K, used 22621K [0x00000000eab00000, 0x00000000ecc00000, 0x0000000100000000)
  eden space 25600K, 72% used [0x00000000eab00000,0x00000000ebd19a18,0x00000000ec400000)
  from space 4096K, 99% used [0x00000000ec400000,0x00000000ec7fda48,0x00000000ec800000)
  to   space 4096K, 0% used [0x00000000ec800000,0x00000000ec800000,0x00000000ecc00000)
 ParOldGen       total 68608K, used 5110K [0x00000000c0000000, 0x00000000c4300000, 0x00000000eab00000)
  object space 68608K, 7% used [0x00000000c0000000,0x00000000c04fd900,0x00000000c4300000)
 Metaspace       used 21086K, committed 21504K, reserved 1073152K
  class space    used 2120K, committed 2304K, reserved 1048576K
}
Event: 65.824 GC heap after
{Heap after GC invocations=4 (full 0):
 PSYoungGen      total 29696K, used 4080K [0x00000000eab00000, 0x00000000ecc00000, 0x0000000100000000)
  eden space 25600K, 0% used [0x00000000eab00000,0x00000000eab00000,0x00000000ec400000)
  from space 4096K, 99% used [0x00000000ec800000,0x00000000ecbfc100,0x00000000ecc00000)
  to   space 4096K, 0% used [0x00000000ec400000,0x00000000ec400000,0x00000000ec800000)
 ParOldGen       total 68608K, used 6802K [0x00000000c0000000, 0x00000000c4300000, 0x00000000eab00000)
  object space 68608K, 9% used [0x00000000c0000000,0x00000000c06a4b00,0x00000000c4300000)
 Metaspace       used 21086K, committed 21504K, reserved 1073152K
  class space    used 2120K, committed 2304K, reserved 1048576K
}
Event: 65.824 GC heap before
{Heap before GC invocations=5 (full 1):
 PSYoungGen      total 29696K, used 4080K [0x00000000eab00000, 0x00000000ecc00000, 0x0000000100000000)
  eden space 25600K, 0% used [0x00000000eab00000,0x00000000eab00000,0x00000000ec400000)
  from space 4096K, 99% used [0x00000000ec800000,0x00000000ecbfc100,0x00000000ecc00000)
  to   space 4096K, 0% used [0x00000000ec400000,0x00000000ec400000,0x00000000ec800000)
 ParOldGen       total 68608K, used 6802K [0x00000000c0000000, 0x00000000c4300000, 0x00000000eab00000)
  object space 68608K, 9% used [0x00000000c0000000,0x00000000c06a4b00,0x00000000c4300000)
 Metaspace       used 21086K, committed 21504K, reserved 1073152K
  class space    used 2120K, committed 2304K, reserved 1048576K
}
Event: 65.892 GC heap after
{Heap after GC invocations=5 (full 1):
 PSYoungGen      total 29696K, used 0K [0x00000000eab00000, 0x00000000ecc00000, 0x0000000100000000)
  eden space 25600K, 0% used [0x00000000eab00000,0x00000000eab00000,0x00000000ec400000)
  from space 4096K, 0% used [0x00000000ec800000,0x00000000ec800000,0x00000000ecc00000)
  to   space 4096K, 0% used [0x00000000ec400000,0x00000000ec400000,0x00000000ec800000)
 ParOldGen       total 68608K, used 10617K [0x00000000c0000000, 0x00000000c4300000, 0x00000000eab00000)
  object space 68608K, 15% used [0x00000000c0000000,0x00000000c0a5e510,0x00000000c4300000)
 Metaspace       used 21073K, committed 21504K, reserved 1073152K
  class space    used 2116K, committed 2304K, reserved 1048576K
}
Event: 97.677 GC heap before
{Heap before GC invocations=6 (full 1):
 PSYoungGen      total 29696K, used 25600K [0x00000000eab00000, 0x00000000ecc00000, 0x0000000100000000)
  eden space 25600K, 100% used [0x00000000eab00000,0x00000000ec400000,0x00000000ec400000)
  from space 4096K, 0% used [0x00000000ec800000,0x00000000ec800000,0x00000000ecc00000)
  to   space 4096K, 0% used [0x00000000ec400000,0x00000000ec400000,0x00000000ec800000)
 ParOldGen       total 68608K, used 10617K [0x00000000c0000000, 0x00000000c4300000, 0x00000000eab00000)
  object space 68608K, 15% used [0x00000000c0000000,0x00000000c0a5e510,0x00000000c4300000)
 Metaspace       used 24241K, committed 24704K, reserved 1073152K
  class space    used 2473K, committed 2688K, reserved 1048576K
}
Event: 97.682 GC heap after
{Heap after GC invocations=6 (full 1):
 PSYoungGen      total 27136K, used 1675K [0x00000000eab00000, 0x00000000eca80000, 0x0000000100000000)
  eden space 25088K, 0% used [0x00000000eab00000,0x00000000eab00000,0x00000000ec380000)
  from space 2048K, 81% used [0x00000000ec400000,0x00000000ec5a2ee0,0x00000000ec600000)
  to   space 3584K, 0% used [0x00000000ec700000,0x00000000ec700000,0x00000000eca80000)
 ParOldGen       total 68608K, used 10625K [0x00000000c0000000, 0x00000000c4300000, 0x00000000eab00000)
  object space 68608K, 15% used [0x00000000c0000000,0x00000000c0a60510,0x00000000c4300000)
 Metaspace       used 24241K, committed 24704K, reserved 1073152K
  class space    used 2473K, committed 2688K, reserved 1048576K
}
Event: 106.906 GC heap before
{Heap before GC invocations=7 (full 1):
 PSYoungGen      total 27136K, used 26763K [0x00000000eab00000, 0x00000000eca80000, 0x0000000100000000)
  eden space 25088K, 100% used [0x00000000eab00000,0x00000000ec380000,0x00000000ec380000)
  from space 2048K, 81% used [0x00000000ec400000,0x00000000ec5a2ee0,0x00000000ec600000)
  to   space 3584K, 0% used [0x00000000ec700000,0x00000000ec700000,0x00000000eca80000)
 ParOldGen       total 68608K, used 10625K [0x00000000c0000000, 0x00000000c4300000, 0x00000000eab00000)
  object space 68608K, 15% used [0x00000000c0000000,0x00000000c0a60510,0x00000000c4300000)
 Metaspace       used 26058K, committed 26624K, reserved 1073152K
  class space    used 2636K, committed 2880K, reserved 1048576K
}
Event: 106.909 GC heap after
{Heap after GC invocations=7 (full 1):
 PSYoungGen      total 27136K, used 2134K [0x00000000eab00000, 0x00000000ec980000, 0x0000000100000000)
  eden space 24576K, 0% used [0x00000000eab00000,0x00000000eab00000,0x00000000ec300000)
  from space 2560K, 83% used [0x00000000ec700000,0x00000000ec915a38,0x00000000ec980000)
  to   space 2560K, 0% used [0x00000000ec480000,0x00000000ec480000,0x00000000ec700000)
 ParOldGen       total 68608K, used 10633K [0x00000000c0000000, 0x00000000c4300000, 0x00000000eab00000)
  object space 68608K, 15% used [0x00000000c0000000,0x00000000c0a62510,0x00000000c4300000)
 Metaspace       used 26058K, committed 26624K, reserved 1073152K
  class space    used 2636K, committed 2880K, reserved 1048576K
}
Event: 127.710 GC heap before
{Heap before GC invocations=8 (full 1):
 PSYoungGen      total 27136K, used 26710K [0x00000000eab00000, 0x00000000ec980000, 0x0000000100000000)
  eden space 24576K, 100% used [0x00000000eab00000,0x00000000ec300000,0x00000000ec300000)
  from space 2560K, 83% used [0x00000000ec700000,0x00000000ec915a38,0x00000000ec980000)
  to   space 2560K, 0% used [0x00000000ec480000,0x00000000ec480000,0x00000000ec700000)
 ParOldGen       total 68608K, used 10633K [0x00000000c0000000, 0x00000000c4300000, 0x00000000eab00000)
  object space 68608K, 15% used [0x00000000c0000000,0x00000000c0a62510,0x00000000c4300000)
 Metaspace       used 28152K, committed 28672K, reserved 1081344K
  class space    used 2855K, committed 3072K, reserved 1048576K
}
Event: 127.714 GC heap after
{Heap after GC invocations=8 (full 1):
 PSYoungGen      total 26624K, used 2521K [0x00000000eab00000, 0x00000000ec880000, 0x0000000100000000)
  eden space 24064K, 0% used [0x00000000eab00000,0x00000000eab00000,0x00000000ec280000)
  from space 2560K, 98% used [0x00000000ec480000,0x00000000ec6f6608,0x00000000ec700000)
  to   space 1536K, 0% used [0x00000000ec700000,0x00000000ec700000,0x00000000ec880000)
 ParOldGen       total 68608K, used 10641K [0x00000000c0000000, 0x00000000c4300000, 0x00000000eab00000)
  object space 68608K, 15% used [0x00000000c0000000,0x00000000c0a64510,0x00000000c4300000)
 Metaspace       used 28152K, committed 28672K, reserved 1081344K
  class space    used 2855K, committed 3072K, reserved 1048576K
}
Event: 146.391 GC heap before
{Heap before GC invocations=9 (full 1):
 PSYoungGen      total 26624K, used 26524K [0x00000000eab00000, 0x00000000ec880000, 0x0000000100000000)
  eden space 24064K, 99% used [0x00000000eab00000,0x00000000ec270be0,0x00000000ec280000)
  from space 2560K, 98% used [0x00000000ec480000,0x00000000ec6f6608,0x00000000ec700000)
  to   space 1536K, 0% used [0x00000000ec700000,0x00000000ec700000,0x00000000ec880000)
 ParOldGen       total 68608K, used 10641K [0x00000000c0000000, 0x00000000c4300000, 0x00000000eab00000)
  object space 68608K, 15% used [0x00000000c0000000,0x00000000c0a64510,0x00000000c4300000)
 Metaspace       used 31189K, committed 31616K, reserved 1081344K
  class space    used 3150K, committed 3328K, reserved 1048576K
}
Event: 146.398 GC heap after
{Heap after GC invocations=9 (full 1):
 PSYoungGen      total 25088K, used 1520K [0x00000000eab00000, 0x00000000ec880000, 0x0000000100000000)
  eden space 23552K, 0% used [0x00000000eab00000,0x00000000eab00000,0x00000000ec200000)
  from space 1536K, 99% used [0x00000000ec700000,0x00000000ec87c2b0,0x00000000ec880000)
  to   space 3072K, 0% used [0x00000000ec280000,0x00000000ec280000,0x00000000ec580000)
 ParOldGen       total 68608K, used 12020K [0x00000000c0000000, 0x00000000c4300000, 0x00000000eab00000)
  object space 68608K, 17% used [0x00000000c0000000,0x00000000c0bbd348,0x00000000c4300000)
 Metaspace       used 31189K, committed 31616K, reserved 1081344K
  class space    used 3150K, committed 3328K, reserved 1048576K
}
Event: 152.861 GC heap before
{Heap before GC invocations=10 (full 1):
 PSYoungGen      total 25088K, used 25072K [0x00000000eab00000, 0x00000000ec880000, 0x0000000100000000)
  eden space 23552K, 100% used [0x00000000eab00000,0x00000000ec200000,0x00000000ec200000)
  from space 1536K, 99% used [0x00000000ec700000,0x00000000ec87c2b0,0x00000000ec880000)
  to   space 3072K, 0% used [0x00000000ec280000,0x00000000ec280000,0x00000000ec580000)
 ParOldGen       total 68608K, used 12020K [0x00000000c0000000, 0x00000000c4300000, 0x00000000eab00000)
  object space 68608K, 17% used [0x00000000c0000000,0x00000000c0bbd348,0x00000000c4300000)
 Metaspace       used 33863K, committed 34432K, reserved 1081344K
  class space    used 3413K, committed 3648K, reserved 1048576K
}
Event: 152.865 GC heap after
{Heap after GC invocations=10 (full 1):
 PSYoungGen      total 26112K, used 859K [0x00000000eab00000, 0x00000000ec780000, 0x0000000100000000)
  eden space 23040K, 0% used [0x00000000eab00000,0x00000000eab00000,0x00000000ec180000)
  from space 3072K, 27% used [0x00000000ec280000,0x00000000ec356f38,0x00000000ec580000)
  to   space 2048K, 0% used [0x00000000ec580000,0x00000000ec580000,0x00000000ec780000)
 ParOldGen       total 68608K, used 13316K [0x00000000c0000000, 0x00000000c4300000, 0x00000000eab00000)
  object space 68608K, 19% used [0x00000000c0000000,0x00000000c0d013e8,0x00000000c4300000)
 Metaspace       used 33863K, committed 34432K, reserved 1081344K
  class space    used 3413K, committed 3648K, reserved 1048576K
}
Event: 156.662 GC heap before
{Heap before GC invocations=11 (full 1):
 PSYoungGen      total 26112K, used 19042K [0x00000000eab00000, 0x00000000ec780000, 0x0000000100000000)
  eden space 23040K, 78% used [0x00000000eab00000,0x00000000ebcc1948,0x00000000ec180000)
  from space 3072K, 27% used [0x00000000ec280000,0x00000000ec356f38,0x00000000ec580000)
  to   space 2048K, 0% used [0x00000000ec580000,0x00000000ec580000,0x00000000ec780000)
 ParOldGen       total 68608K, used 13316K [0x00000000c0000000, 0x00000000c4300000, 0x00000000eab00000)
  object space 68608K, 19% used [0x00000000c0000000,0x00000000c0d013e8,0x00000000c4300000)
 Metaspace       used 35392K, committed 35840K, reserved 1081344K
  class space    used 3589K, committed 3776K, reserved 1048576K
}
Event: 156.666 GC heap after
{Heap after GC invocations=11 (full 1):
 PSYoungGen      total 24576K, used 1307K [0x00000000eab00000, 0x00000000ec700000, 0x0000000100000000)
  eden space 23040K, 0% used [0x00000000eab00000,0x00000000eab00000,0x00000000ec180000)
  from space 1536K, 85% used [0x00000000ec580000,0x00000000ec6c6f38,0x00000000ec700000)
  to   space 1536K, 0% used [0x00000000ec400000,0x00000000ec400000,0x00000000ec580000)
 ParOldGen       total 68608K, used 13538K [0x00000000c0000000, 0x00000000c4300000, 0x00000000eab00000)
  object space 68608K, 19% used [0x00000000c0000000,0x00000000c0d38ae0,0x00000000c4300000)
 Metaspace       used 35392K, committed 35840K, reserved 1081344K
  class space    used 3589K, committed 3776K, reserved 1048576K
}
Event: 156.666 GC heap before
{Heap before GC invocations=12 (full 2):
 PSYoungGen      total 24576K, used 1307K [0x00000000eab00000, 0x00000000ec700000, 0x0000000100000000)
  eden space 23040K, 0% used [0x00000000eab00000,0x00000000eab00000,0x00000000ec180000)
  from space 1536K, 85% used [0x00000000ec580000,0x00000000ec6c6f38,0x00000000ec700000)
  to   space 1536K, 0% used [0x00000000ec400000,0x00000000ec400000,0x00000000ec580000)
 ParOldGen       total 68608K, used 13538K [0x00000000c0000000, 0x00000000c4300000, 0x00000000eab00000)
  object space 68608K, 19% used [0x00000000c0000000,0x00000000c0d38ae0,0x00000000c4300000)
 Metaspace       used 35392K, committed 35840K, reserved 1081344K
  class space    used 3589K, committed 3776K, reserved 1048576K
}

