# JRE version: Java(TM) SE Runtime Environment (8.0_202-b08) (build 1.8.0_202-b08)
# Java VM: Java HotSpot(TM) 64-Bit Server VM (25.202-b08 mixed mode windows-amd64 compressed oops)
Heap:
 PSYoungGen      total 270848K, used 82348K [0x0000000780000000, 0x0000000794a80000, 0x00000007c0000000)
  eden space 215040K, 24% used [0x0000000780000000,0x00000007833a96c8,0x000000078d200000)
  from space 55808K, 52% used [0x000000078d200000,0x000000078eec1c60,0x0000000790880000)
  to   space 54784K, 0% used [0x0000000791500000,0x0000000791500000,0x0000000794a80000)
 ParOldGen       total 214528K, used 107784K [0x0000000700000000, 0x000000070d180000, 0x0000000780000000)
  object space 214528K, 50% used [0x0000000700000000,0x00000007069421f0,0x000000070d180000)
 Metaspace       used 73623K, capacity 78529K, committed 78592K, reserved 1116160K
  class space    used 10144K, capacity 10981K, committed 11008K, reserved 1048576K
GC Heap History (10 events):
Event: 83.117 GC heap before
{Heap before GC invocations=34 (full 5):
 PSYoungGen      total 220160K, used 196629K [0x0000000780000000, 0x0000000793080000, 0x00000007c0000000)
  eden space 173568K, 100% used [0x0000000780000000,0x000000078a980000,0x000000078a980000)
  from space 46592K, 49% used [0x0000000790300000,0x00000007919857a0,0x0000000793080000)
  to   space 69120K, 0% used [0x000000078a980000,0x000000078a980000,0x000000078ed00000)
 ParOldGen       total 214528K, used 107768K [0x0000000700000000, 0x000000070d180000, 0x0000000780000000)
  object space 214528K, 50% used [0x0000000700000000,0x000000070693e1f0,0x000000070d180000)
 Metaspace       used 71888K, capacity 76395K, committed 76544K, reserved 1116160K
  class space    used 9972K, capacity 10738K, committed 10752K, reserved 1048576K
Event: 83.136 GC heap after
Heap after GC invocations=34 (full 5):
 PSYoungGen      total 242688K, used 23093K [0x0000000780000000, 0x0000000793e80000, 0x00000007c0000000)
  eden space 173568K, 0% used [0x0000000780000000,0x0000000780000000,0x000000078a980000)
  from space 69120K, 33% used [0x000000078a980000,0x000000078c00d7b0,0x000000078ed00000)
  to   space 64512K, 0% used [0x000000078ff80000,0x000000078ff80000,0x0000000793e80000)
 ParOldGen       total 214528K, used 107768K [0x0000000700000000, 0x000000070d180000, 0x0000000780000000)
  object space 214528K, 50% used [0x0000000700000000,0x000000070693e1f0,0x000000070d180000)
 Metaspace       used 71888K, capacity 76395K, committed 76544K, reserved 1116160K
  class space    used 9972K, capacity 10738K, committed 10752K, reserved 1048576K
}
Event: 83.440 GC heap before
{Heap before GC invocations=35 (full 5):
 PSYoungGen      total 242688K, used 196661K [0x0000000780000000, 0x0000000793e80000, 0x00000007c0000000)
  eden space 173568K, 100% used [0x0000000780000000,0x000000078a980000,0x000000078a980000)
  from space 69120K, 33% used [0x000000078a980000,0x000000078c00d7b0,0x000000078ed00000)
  to   space 64512K, 0% used [0x000000078ff80000,0x000000078ff80000,0x0000000793e80000)
 ParOldGen       total 214528K, used 107768K [0x0000000700000000, 0x000000070d180000, 0x0000000780000000)
  object space 214528K, 50% used [0x0000000700000000,0x000000070693e1f0,0x000000070d180000)
 Metaspace       used 71888K, capacity 76395K, committed 76544K, reserved 1116160K
  class space    used 9972K, capacity 10738K, committed 10752K, reserved 1048576K
Event: 83.462 GC heap after
Heap after GC invocations=35 (full 5):
 PSYoungGen      total 253440K, used 23125K [0x0000000780000000, 0x0000000793700000, 0x00000007c0000000)
  eden space 196608K, 0% used [0x0000000780000000,0x0000000780000000,0x000000078c000000)
  from space 56832K, 40% used [0x000000078ff80000,0x00000007916157b0,0x0000000793700000)
  to   space 60928K, 0% used [0x000000078c000000,0x000000078c000000,0x000000078fb80000)
 ParOldGen       total 214528K, used 107768K [0x0000000700000000, 0x000000070d180000, 0x0000000780000000)
  object space 214528K, 50% used [0x0000000700000000,0x000000070693e1f0,0x000000070d180000)
 Metaspace       used 71888K, capacity 76395K, committed 76544K, reserved 1116160K
  class space    used 9972K, capacity 10738K, committed 10752K, reserved 1048576K
}
Event: 125.145 GC heap before
{Heap before GC invocations=36 (full 5):
 PSYoungGen      total 253440K, used 219726K [0x0000000780000000, 0x0000000793700000, 0x00000007c0000000)
  eden space 196608K, 99% used [0x0000000780000000,0x000000078bffe398,0x000000078c000000)
  from space 56832K, 40% used [0x000000078ff80000,0x00000007916157b0,0x0000000793700000)
  to   space 60928K, 0% used [0x000000078c000000,0x000000078c000000,0x000000078fb80000)
 ParOldGen       total 214528K, used 107768K [0x0000000700000000, 0x000000070d180000, 0x0000000780000000)
  object space 214528K, 50% used [0x0000000700000000,0x000000070693e1f0,0x000000070d180000)
 Metaspace       used 72058K, capacity 76643K, committed 76800K, reserved 1116160K
  class space    used 9984K, capacity 10746K, committed 10752K, reserved 1048576K
Event: 125.193 GC heap after
Heap after GC invocations=36 (full 5):
 PSYoungGen      total 257536K, used 27141K [0x0000000780000000, 0x0000000794780000, 0x00000007c0000000)
  eden space 196608K, 0% used [0x0000000780000000,0x0000000780000000,0x000000078c000000)
  from space 60928K, 44% used [0x000000078c000000,0x000000078da817b0,0x000000078fb80000)
  to   space 58368K, 0% used [0x0000000790e80000,0x0000000790e80000,0x0000000794780000)
 ParOldGen       total 214528K, used 107776K [0x0000000700000000, 0x000000070d180000, 0x0000000780000000)
  object space 214528K, 50% used [0x0000000700000000,0x00000007069401f0,0x000000070d180000)
 Metaspace       used 72058K, capacity 76643K, committed 76800K, reserved 1116160K
  class space    used 9984K, capacity 10746K, committed 10752K, reserved 1048576K
}
Event: 203.511 GC heap before
{Heap before GC invocations=37 (full 5):
 PSYoungGen      total 257536K, used 223749K [0x0000000780000000, 0x0000000794780000, 0x00000007c0000000)
  eden space 196608K, 100% used [0x0000000780000000,0x000000078c000000,0x000000078c000000)
  from space 60928K, 44% used [0x000000078c000000,0x000000078da817b0,0x000000078fb80000)
  to   space 58368K, 0% used [0x0000000790e80000,0x0000000790e80000,0x0000000794780000)
 ParOldGen       total 214528K, used 107776K [0x0000000700000000, 0x000000070d180000, 0x0000000780000000)
  object space 214528K, 50% used [0x0000000700000000,0x00000007069401f0,0x000000070d180000)
 Metaspace       used 72063K, capacity 76643K, committed 76800K, reserved 1116160K
  class space    used 9984K, capacity 10746K, committed 10752K, reserved 1048576K
Event: 203.541 GC heap after
Heap after GC invocations=37 (full 5):
 PSYoungGen      total 264704K, used 26933K [0x0000000780000000, 0x0000000793f00000, 0x00000007c0000000)
  eden space 215040K, 0% used [0x0000000780000000,0x0000000780000000,0x000000078d200000)
  from space 49664K, 54% used [0x0000000790e80000,0x00000007928cd7a0,0x0000000793f00000)
  to   space 55808K, 0% used [0x000000078d200000,0x000000078d200000,0x0000000790880000)
 ParOldGen       total 214528K, used 107776K [0x0000000700000000, 0x000000070d180000, 0x0000000780000000)
  object space 214528K, 50% used [0x0000000700000000,0x00000007069401f0,0x000000070d180000)
 Metaspace       used 72063K, capacity 76643K, committed 76800K, reserved 1116160K
  class space    used 9984K, capacity 10746K, committed 10752K, reserved 1048576K
}
Event: 464.044 GC heap before
{Heap before GC invocations=38 (full 5):
 PSYoungGen      total 264704K, used 239602K [0x0000000780000000, 0x0000000793f00000, 0x00000007c0000000)
  eden space 215040K, 98% used [0x0000000780000000,0x000000078cfaf2b0,0x000000078d200000)
  from space 49664K, 54% used [0x0000000790e80000,0x00000007928cd7a0,0x0000000793f00000)
  to   space 55808K, 0% used [0x000000078d200000,0x000000078d200000,0x0000000790880000)
 ParOldGen       total 214528K, used 107776K [0x0000000700000000, 0x000000070d180000, 0x0000000780000000)
  object space 214528K, 50% used [0x0000000700000000,0x00000007069401f0,0x000000070d180000)
 Metaspace       used 73305K, capacity 78149K, committed 78336K, reserved 1116160K
  class space    used 10122K, capacity 10935K, committed 11008K, reserved 1048576K
Event: 464.100 GC heap after
Heap after GC invocations=38 (full 5):
 PSYoungGen      total 270848K, used 29447K [0x0000000780000000, 0x0000000794a80000, 0x00000007c0000000)
  eden space 215040K, 0% used [0x0000000780000000,0x0000000780000000,0x000000078d200000)
  from space 55808K, 52% used [0x000000078d200000,0x000000078eec1c60,0x0000000790880000)
  to   space 54784K, 0% used [0x0000000791500000,0x0000000791500000,0x0000000794a80000)
 ParOldGen       total 214528K, used 107784K [0x0000000700000000, 0x000000070d180000, 0x0000000780000000)
  object space 214528K, 50% used [0x0000000700000000,0x00000007069421f0,0x000000070d180000)
 Metaspace       used 73305K, capacity 78149K, committed 78336K, reserved 1116160K
  class space    used 10122K, capacity 10935K, committed 11008K, reserved 1048576K
}

