# JRE version: OpenJDK Runtime Environment Temurin-17.0.4+8 (17.0.4+8) (build 17.0.4+8)
# Java VM: OpenJDK 64-Bit Server VM Temurin-17.0.4+8 (17.0.4+8, mixed mode, tiered, compressed oops, compressed class ptrs, parallel gc, windows-amd64)
GC Precious Log:
 CPUs: 4 total, 4 available
 Memory: 4095M
 Large Page Support: Disabled
 NUMA Support: Disabled
 Compressed Oops: Enabled (32-bit)
 Alignments: Space 512K, Generation 512K, Heap 2M
 Heap Min Capacity: 100M
 Heap Initial Capacity: 100M
 Heap Max Capacity: 1G
 Pre-touch: Disabled
 Parallel Workers: 4
Heap:
 PSYoungGen      total 16896K, used 1440K [0x00000000eab00000, 0x00000000ec080000, 0x0000000100000000)
  eden space 15360K, 0% used [0x00000000eab00000,0x00000000eab00000,0x00000000eba00000)
  from space 1536K, 93% used [0x00000000ebb80000,0x00000000ebce8000,0x00000000ebd00000)
  to   space 2048K, 0% used [0x00000000ebe80000,0x00000000ebe80000,0x00000000ec080000)
 ParOldGen       total 68608K, used 52443K [0x00000000c0000000, 0x00000000c4300000, 0x00000000eab00000)
  object space 68608K, 76% used [0x00000000c0000000,0x00000000c3336f28,0x00000000c4300000)
 Metaspace       used 58838K, committed 59776K, reserved 1105920K
  class space    used 6089K, committed 6528K, reserved 1048576K
GC Heap History (20 events):
Event: 77.028 GC heap after
{Heap after GC invocations=32 (full 2):
 PSYoungGen      total 22016K, used 512K [0x00000000eab00000, 0x00000000ec580000, 0x0000000100000000)
  eden space 15504K, 0% used [0x00000000eab00000,0x00000000eab00000,0x00000000ec000000)
  from space 512K, 100% used [0x00000000ec280000,0x00000000ec300000,0x00000000ec300000)
  to   space 2560K, 0% used [0x00000000ec000000,0x00000000ec000000,0x00000000ec280000)
 ParOldGen       total 68608K, used 33522K [0x00000000c0000000, 0x00000000c4300000, 0x00000000eab00000)
  object space 68608K, 48% used [0x00000000c0000000,0x00000000c20bcbb8,0x00000000c4300000)
 Metaspace       used 56867K, committed 57792K, reserved 1105920K
  class space    used 5979K, committed 6400K, reserved 1048576K
}
Event: 77.178 GC heap before
{Heap before GC invocations=33 (full 2):
 PSYoungGen      total 22016K, used 22016K [0x00000000eab00000, 0x00000000ec580000, 0x0000000100000000)
  eden space 15504K, 100% used [0x00000000eab00000,0x00000000ec000000,0x00000000ec000000)
  from space 512K, 100% used [0x00000000ec280000,0x00000000ec300000,0x00000000ec300000)
  to   space 2560K, 0% used [0x00000000ec000000,0x00000000ec000000,0x00000000ec280000)
 ParOldGen       total 68608K, used 33522K [0x00000000c0000000, 0x00000000c4300000, 0x00000000eab00000)
  object space 68608K, 48% used [0x00000000c0000000,0x00000000c20bcbb8,0x00000000c4300000)
 Metaspace       used 56915K, committed 57792K, reserved 1105920K
  class space    used 5982K, committed 6400K, reserved 1048576K
}
Event: 77.182 GC heap after
{Heap after GC invocations=33 (full 2):
 PSYoungGen      total 24064K, used 1574K [0x00000000eab00000, 0x00000000ec500000, 0x0000000100000000)
  eden space 15504K, 0% used [0x00000000eab00000,0x00000000eab00000,0x00000000ec000000)
  from space 2560K, 84% used [0x00000000ec000000,0x00000000ec15f860,0x00000000ec280000)
  to   space 2560K, 0% used [0x00000000ec280000,0x00000000ec280000,0x00000000ec500000)
 ParOldGen       total 68608K, used 34946K [0x00000000c0000000, 0x00000000c4300000, 0x00000000eab00000)
  object space 68608K, 50% used [0x00000000c0000000,0x00000000c2220820,0x00000000c4300000)
 Metaspace       used 56915K, committed 57792K, reserved 1105920K
  class space    used 5982K, committed 6400K, reserved 1048576K
}
Event: 77.343 GC heap before
{Heap before GC invocations=34 (full 2):
 PSYoungGen      total 24064K, used 23678K [0x00000000eab00000, 0x00000000ec500000, 0x0000000100000000)
  eden space 15504K, 100% used [0x00000000eab00000,0x00000000ec000000,0x00000000ec000000)
  from space 2560K, 84% used [0x00000000ec000000,0x00000000ec15f860,0x00000000ec280000)
  to   space 2560K, 0% used [0x00000000ec280000,0x00000000ec280000,0x00000000ec500000)
 ParOldGen       total 68608K, used 34946K [0x00000000c0000000, 0x00000000c4300000, 0x00000000eab00000)
  object space 68608K, 50% used [0x00000000c0000000,0x00000000c2220820,0x00000000c4300000)
 Metaspace       used 56975K, committed 57856K, reserved 1105920K
  class space    used 5985K, committed 6400K, reserved 1048576K
}
Event: 77.351 GC heap after
{Heap after GC invocations=34 (full 2):
 PSYoungGen      total 19456K, used 2555K [0x00000000eab00000, 0x00000000ece00000, 0x0000000100000000)
  eden space 16896K, 0% used [0x00000000eab00000,0x00000000eab00000,0x00000000ebb80000)
  from space 2560K, 99% used [0x00000000ec280000,0x00000000ec4fec48,0x00000000ec500000)
  to   space 7168K, 0% used [0x00000000ebb80000,0x00000000ebb80000,0x00000000ec280000)
 ParOldGen       total 68608K, used 38618K [0x00000000c0000000, 0x00000000c4300000, 0x00000000eab00000)
  object space 68608K, 56% used [0x00000000c0000000,0x00000000c25b6b50,0x00000000c4300000)
 Metaspace       used 56975K, committed 57856K, reserved 1105920K
  class space    used 5985K, committed 6400K, reserved 1048576K
}
Event: 78.966 GC heap before
{Heap before GC invocations=35 (full 2):
 PSYoungGen      total 19456K, used 19451K [0x00000000eab00000, 0x00000000ece00000, 0x0000000100000000)
  eden space 16896K, 100% used [0x00000000eab00000,0x00000000ebb80000,0x00000000ebb80000)
  from space 2560K, 99% used [0x00000000ec280000,0x00000000ec4fec48,0x00000000ec500000)
  to   space 7168K, 0% used [0x00000000ebb80000,0x00000000ebb80000,0x00000000ec280000)
 ParOldGen       total 68608K, used 38618K [0x00000000c0000000, 0x00000000c4300000, 0x00000000eab00000)
  object space 68608K, 56% used [0x00000000c0000000,0x00000000c25b6b50,0x00000000c4300000)
 Metaspace       used 57665K, committed 58560K, reserved 1105920K
  class space    used 6018K, committed 6400K, reserved 1048576K
}
Event: 78.971 GC heap after
{Heap after GC invocations=35 (full 2):
 PSYoungGen      total 18944K, used 1561K [0x00000000eab00000, 0x00000000ec300000, 0x0000000100000000)
  eden space 16896K, 0% used [0x00000000eab00000,0x00000000eab00000,0x00000000ebb80000)
  from space 2048K, 76% used [0x00000000ebb80000,0x00000000ebd06470,0x00000000ebd80000)
  to   space 3584K, 0% used [0x00000000ebf80000,0x00000000ebf80000,0x00000000ec300000)
 ParOldGen       total 68608K, used 39184K [0x00000000c0000000, 0x00000000c4300000, 0x00000000eab00000)
  object space 68608K, 57% used [0x00000000c0000000,0x00000000c2644260,0x00000000c4300000)
 Metaspace       used 57665K, committed 58560K, reserved 1105920K
  class space    used 6018K, committed 6400K, reserved 1048576K
}
Event: 82.917 GC heap before
{Heap before GC invocations=36 (full 2):
 PSYoungGen      total 18944K, used 18457K [0x00000000eab00000, 0x00000000ec300000, 0x0000000100000000)
  eden space 16896K, 99% used [0x00000000eab00000,0x00000000ebb7ffd0,0x00000000ebb80000)
  from space 2048K, 76% used [0x00000000ebb80000,0x00000000ebd06470,0x00000000ebd80000)
  to   space 3584K, 0% used [0x00000000ebf80000,0x00000000ebf80000,0x00000000ec300000)
 ParOldGen       total 68608K, used 39184K [0x00000000c0000000, 0x00000000c4300000, 0x00000000eab00000)
  object space 68608K, 57% used [0x00000000c0000000,0x00000000c2644260,0x00000000c4300000)
 Metaspace       used 58367K, committed 59328K, reserved 1105920K
  class space    used 6067K, committed 6528K, reserved 1048576K
}
Event: 82.922 GC heap after
{Heap after GC invocations=36 (full 2):
 PSYoungGen      total 17408K, used 400K [0x00000000eab00000, 0x00000000ec000000, 0x0000000100000000)
  eden space 16896K, 0% used [0x00000000eab00000,0x00000000eab00000,0x00000000ebb80000)
  from space 512K, 78% used [0x00000000ebf80000,0x00000000ebfe4010,0x00000000ec000000)
  to   space 1536K, 0% used [0x00000000ebd00000,0x00000000ebd00000,0x00000000ebe80000)
 ParOldGen       total 68608K, used 40717K [0x00000000c0000000, 0x00000000c4300000, 0x00000000eab00000)
  object space 68608K, 59% used [0x00000000c0000000,0x00000000c27c37e8,0x00000000c4300000)
 Metaspace       used 58367K, committed 59328K, reserved 1105920K
  class space    used 6067K, committed 6528K, reserved 1048576K
}
Event: 87.773 GC heap before
{Heap before GC invocations=37 (full 2):
 PSYoungGen      total 17408K, used 16824K [0x00000000eab00000, 0x00000000ec000000, 0x0000000100000000)
  eden space 16896K, 97% used [0x00000000eab00000,0x00000000ebb0a2e8,0x00000000ebb80000)
  from space 512K, 78% used [0x00000000ebf80000,0x00000000ebfe4010,0x00000000ec000000)
  to   space 1536K, 0% used [0x00000000ebd00000,0x00000000ebd00000,0x00000000ebe80000)
 ParOldGen       total 68608K, used 40717K [0x00000000c0000000, 0x00000000c4300000, 0x00000000eab00000)
  object space 68608K, 59% used [0x00000000c0000000,0x00000000c27c37e8,0x00000000c4300000)
 Metaspace       used 58519K, committed 59456K, reserved 1105920K
  class space    used 6073K, committed 6528K, reserved 1048576K
}
Event: 87.775 GC heap after
{Heap after GC invocations=37 (full 2):
 PSYoungGen      total 18432K, used 395K [0x00000000eab00000, 0x00000000ec000000, 0x0000000100000000)
  eden space 16896K, 0% used [0x00000000eab00000,0x00000000eab00000,0x00000000ebb80000)
  from space 1536K, 25% used [0x00000000ebd00000,0x00000000ebd62f30,0x00000000ebe80000)
  to   space 512K, 0% used [0x00000000ebf80000,0x00000000ebf80000,0x00000000ec000000)
 ParOldGen       total 68608K, used 41094K [0x00000000c0000000, 0x00000000c4300000, 0x00000000eab00000)
  object space 68608K, 59% used [0x00000000c0000000,0x00000000c2815aa8,0x00000000c4300000)
 Metaspace       used 58519K, committed 59456K, reserved 1105920K
  class space    used 6073K, committed 6528K, reserved 1048576K
}
Event: 88.798 GC heap before
{Heap before GC invocations=38 (full 2):
 PSYoungGen      total 18432K, used 16660K [0x00000000eab00000, 0x00000000ec000000, 0x0000000100000000)
  eden space 16896K, 96% used [0x00000000eab00000,0x00000000ebae1550,0x00000000ebb80000)
  from space 1536K, 25% used [0x00000000ebd00000,0x00000000ebd62f30,0x00000000ebe80000)
  to   space 512K, 0% used [0x00000000ebf80000,0x00000000ebf80000,0x00000000ec000000)
 ParOldGen       total 68608K, used 41094K [0x00000000c0000000, 0x00000000c4300000, 0x00000000eab00000)
  object space 68608K, 59% used [0x00000000c0000000,0x00000000c2815aa8,0x00000000c4300000)
 Metaspace       used 58515K, committed 59456K, reserved 1105920K
  class space    used 6073K, committed 6528K, reserved 1048576K
}
Event: 88.803 GC heap after
{Heap after GC invocations=38 (full 2):
 PSYoungGen      total 15872K, used 504K [0x00000000eab00000, 0x00000000ec680000, 0x0000000100000000)
  eden space 15360K, 0% used [0x00000000eab00000,0x00000000eab00000,0x00000000eba00000)
  from space 512K, 98% used [0x00000000ebf80000,0x00000000ebffe250,0x00000000ec000000)
  to   space 5632K, 0% used [0x00000000eba00000,0x00000000eba00000,0x00000000ebf80000)
 ParOldGen       total 68608K, used 45255K [0x00000000c0000000, 0x00000000c4300000, 0x00000000eab00000)
  object space 68608K, 65% used [0x00000000c0000000,0x00000000c2c31cf0,0x00000000c4300000)
 Metaspace       used 58515K, committed 59456K, reserved 1105920K
  class space    used 6073K, committed 6528K, reserved 1048576K
}
Event: 88.932 GC heap before
{Heap before GC invocations=39 (full 2):
 PSYoungGen      total 15872K, used 15864K [0x00000000eab00000, 0x00000000ec680000, 0x0000000100000000)
  eden space 15360K, 100% used [0x00000000eab00000,0x00000000eba00000,0x00000000eba00000)
  from space 512K, 98% used [0x00000000ebf80000,0x00000000ebffe250,0x00000000ec000000)
  to   space 5632K, 0% used [0x00000000eba00000,0x00000000eba00000,0x00000000ebf80000)
 ParOldGen       total 68608K, used 45255K [0x00000000c0000000, 0x00000000c4300000, 0x00000000eab00000)
  object space 68608K, 65% used [0x00000000c0000000,0x00000000c2c31cf0,0x00000000c4300000)
 Metaspace       used 58522K, committed 59456K, reserved 1105920K
  class space    used 6073K, committed 6528K, reserved 1048576K
}
Event: 88.937 GC heap after
{Heap after GC invocations=39 (full 2):
 PSYoungGen      total 20992K, used 5580K [0x00000000eab00000, 0x00000000ec600000, 0x0000000100000000)
  eden space 15360K, 0% used [0x00000000eab00000,0x00000000eab00000,0x00000000eba00000)
  from space 5632K, 99% used [0x00000000eba00000,0x00000000ebf73100,0x00000000ebf80000)
  to   space 6144K, 0% used [0x00000000ec000000,0x00000000ec000000,0x00000000ec600000)
 ParOldGen       total 68608K, used 45854K [0x00000000c0000000, 0x00000000c4300000, 0x00000000eab00000)
  object space 68608K, 66% used [0x00000000c0000000,0x00000000c2cc7808,0x00000000c4300000)
 Metaspace       used 58522K, committed 59456K, reserved 1105920K
  class space    used 6073K, committed 6528K, reserved 1048576K
}
Event: 90.915 GC heap before
{Heap before GC invocations=40 (full 2):
 PSYoungGen      total 20992K, used 20937K [0x00000000eab00000, 0x00000000ec600000, 0x0000000100000000)
  eden space 15360K, 99% used [0x00000000eab00000,0x00000000eb9ff6c8,0x00000000eba00000)
  from space 5632K, 99% used [0x00000000eba00000,0x00000000ebf73100,0x00000000ebf80000)
  to   space 6144K, 0% used [0x00000000ec000000,0x00000000ec000000,0x00000000ec600000)
 ParOldGen       total 68608K, used 45854K [0x00000000c0000000, 0x00000000c4300000, 0x00000000eab00000)
  object space 68608K, 66% used [0x00000000c0000000,0x00000000c2cc7808,0x00000000c4300000)
 Metaspace       used 58722K, committed 59648K, reserved 1105920K
  class space    used 6082K, committed 6528K, reserved 1048576K
}
Event: 90.930 GC heap after
{Heap after GC invocations=40 (full 2):
 PSYoungGen      total 17920K, used 2375K [0x00000000eab00000, 0x00000000ec280000, 0x0000000100000000)
  eden space 15360K, 0% used [0x00000000eab00000,0x00000000eab00000,0x00000000eba00000)
  from space 2560K, 92% used [0x00000000ec000000,0x00000000ec251ea8,0x00000000ec280000)
  to   space 3584K, 0% used [0x00000000ebb80000,0x00000000ebb80000,0x00000000ebf00000)
 ParOldGen       total 68608K, used 50155K [0x00000000c0000000, 0x00000000c4300000, 0x00000000eab00000)
  object space 68608K, 73% used [0x00000000c0000000,0x00000000c3109c28,0x00000000c4300000)
 Metaspace       used 58722K, committed 59648K, reserved 1105920K
  class space    used 6082K, committed 6528K, reserved 1048576K
}
Event: 92.090 GC heap before
{Heap before GC invocations=41 (full 2):
 PSYoungGen      total 17920K, used 14741K [0x00000000eab00000, 0x00000000ec280000, 0x0000000100000000)
  eden space 15360K, 80% used [0x00000000eab00000,0x00000000eb713690,0x00000000eba00000)
  from space 2560K, 92% used [0x00000000ec000000,0x00000000ec251ea8,0x00000000ec280000)
  to   space 3584K, 0% used [0x00000000ebb80000,0x00000000ebb80000,0x00000000ebf00000)
 ParOldGen       total 68608K, used 50155K [0x00000000c0000000, 0x00000000c4300000, 0x00000000eab00000)
  object space 68608K, 73% used [0x00000000c0000000,0x00000000c3109c28,0x00000000c4300000)
 Metaspace       used 58838K, committed 59776K, reserved 1105920K
  class space    used 6089K, committed 6528K, reserved 1048576K
}
Event: 92.097 GC heap after
{Heap after GC invocations=41 (full 2):
 PSYoungGen      total 16896K, used 1440K [0x00000000eab00000, 0x00000000ec080000, 0x0000000100000000)
  eden space 15360K, 0% used [0x00000000eab00000,0x00000000eab00000,0x00000000eba00000)
  from space 1536K, 93% used [0x00000000ebb80000,0x00000000ebce8000,0x00000000ebd00000)
  to   space 2048K, 0% used [0x00000000ebe80000,0x00000000ebe80000,0x00000000ec080000)
 ParOldGen       total 68608K, used 52443K [0x00000000c0000000, 0x00000000c4300000, 0x00000000eab00000)
  object space 68608K, 76% used [0x00000000c0000000,0x00000000c3336f28,0x00000000c4300000)
 Metaspace       used 58838K, committed 59776K, reserved 1105920K
  class space    used 6089K, committed 6528K, reserved 1048576K
}
Event: 92.097 GC heap before
{Heap before GC invocations=42 (full 3):
 PSYoungGen      total 16896K, used 1440K [0x00000000eab00000, 0x00000000ec080000, 0x0000000100000000)
  eden space 15360K, 0% used [0x00000000eab00000,0x00000000eab00000,0x00000000eba00000)
  from space 1536K, 93% used [0x00000000ebb80000,0x00000000ebce8000,0x00000000ebd00000)
  to   space 2048K, 0% used [0x00000000ebe80000,0x00000000ebe80000,0x00000000ec080000)
 ParOldGen       total 68608K, used 52443K [0x00000000c0000000, 0x00000000c4300000, 0x00000000eab00000)
  object space 68608K, 76% used [0x00000000c0000000,0x00000000c3336f28,0x00000000c4300000)
 Metaspace       used 58838K, committed 59776K, reserved 1105920K
  class space    used 6089K, committed 6528K, reserved 1048576K
}

