# JRE version: Java(TM) SE Runtime Environment (8.0_202-b08) (build 1.8.0_202-b08)
# Java VM: Java HotSpot(TM) 64-Bit Server VM (25.202-b08 mixed mode windows-amd64 compressed oops)
Heap:
 PSYoungGen      total 183808K, used 152722K [0x0000000780000000, 0x000000078c600000, 0x00000007c0000000)
  eden space 172032K, 88% used [0x0000000780000000,0x0000000789524ab8,0x000000078a800000)
  from space 11776K, 0% used [0x000000078b400000,0x000000078b400000,0x000000078bf80000)
  to   space 12288K, 0% used [0x000000078a800000,0x000000078a800000,0x000000078b400000)
 ParOldGen       total 53248K, used 15146K [0x0000000700000000, 0x0000000703400000, 0x0000000780000000)
  object space 53248K, 28% used [0x0000000700000000,0x0000000700ecaa70,0x0000000703400000)
 Metaspace       used 40873K, capacity 42949K, committed 43136K, reserved 1085440K
  class space    used 5788K, capacity 6235K, committed 6272K, reserved 1048576K
GC Heap History (10 events):
Event: 6.042 GC heap before
{Heap before GC invocations=8 (full 0):
 PSYoungGen      total 71168K, used 36420K [0x0000000780000000, 0x0000000789000000, 0x00000007c0000000)
  eden space 64512K, 46% used [0x0000000780000000,0x0000000781d13b88,0x0000000783f00000)
  from space 6656K, 99% used [0x0000000783f00000,0x000000078457d5a8,0x0000000784580000)
  to   space 9216K, 0% used [0x0000000788700000,0x0000000788700000,0x0000000789000000)
 ParOldGen       total 44032K, used 8792K [0x0000000700000000, 0x0000000702b00000, 0x0000000780000000)
  object space 44032K, 19% used [0x0000000700000000,0x0000000700896268,0x0000000702b00000)
 Metaspace       used 20582K, capacity 21249K, committed 21296K, reserved 1067008K
  class space    used 2973K, capacity 3153K, committed 3200K, reserved 1048576K
Event: 6.053 GC heap after
Heap after GC invocations=8 (full 0):
 PSYoungGen      total 138240K, used 6458K [0x0000000780000000, 0x0000000789000000, 0x00000007c0000000)
  eden space 129024K, 0% used [0x0000000780000000,0x0000000780000000,0x0000000787e00000)
  from space 9216K, 70% used [0x0000000788700000,0x0000000788d4e8d0,0x0000000789000000)
  to   space 9216K, 0% used [0x0000000787e00000,0x0000000787e00000,0x0000000788700000)
 ParOldGen       total 44032K, used 9332K [0x0000000700000000, 0x0000000702b00000, 0x0000000780000000)
  object space 44032K, 21% used [0x0000000700000000,0x000000070091d1e8,0x0000000702b00000)
 Metaspace       used 20582K, capacity 21249K, committed 21296K, reserved 1067008K
  class space    used 2973K, capacity 3153K, committed 3200K, reserved 1048576K
}
Event: 6.053 GC heap before
{Heap before GC invocations=9 (full 1):
 PSYoungGen      total 138240K, used 6458K [0x0000000780000000, 0x0000000789000000, 0x00000007c0000000)
  eden space 129024K, 0% used [0x0000000780000000,0x0000000780000000,0x0000000787e00000)
  from space 9216K, 70% used [0x0000000788700000,0x0000000788d4e8d0,0x0000000789000000)
  to   space 9216K, 0% used [0x0000000787e00000,0x0000000787e00000,0x0000000788700000)
 ParOldGen       total 44032K, used 9332K [0x0000000700000000, 0x0000000702b00000, 0x0000000780000000)
  object space 44032K, 21% used [0x0000000700000000,0x000000070091d1e8,0x0000000702b00000)
 Metaspace       used 20582K, capacity 21249K, committed 21296K, reserved 1067008K
  class space    used 2973K, capacity 3153K, committed 3200K, reserved 1048576K
Event: 6.112 GC heap after
Heap after GC invocations=9 (full 1):
 PSYoungGen      total 138240K, used 0K [0x0000000780000000, 0x0000000789000000, 0x00000007c0000000)
  eden space 129024K, 0% used [0x0000000780000000,0x0000000780000000,0x0000000787e00000)
  from space 9216K, 0% used [0x0000000788700000,0x0000000788700000,0x0000000789000000)
  to   space 9216K, 0% used [0x0000000787e00000,0x0000000787e00000,0x0000000788700000)
 ParOldGen       total 36352K, used 9557K [0x0000000700000000, 0x0000000702380000, 0x0000000780000000)
  object space 36352K, 26% used [0x0000000700000000,0x00000007009556a0,0x0000000702380000)
 Metaspace       used 20582K, capacity 21249K, committed 21296K, reserved 1067008K
  class space    used 2973K, capacity 3153K, committed 3200K, reserved 1048576K
}
Event: 9.981 GC heap before
{Heap before GC invocations=10 (full 1):
 PSYoungGen      total 138240K, used 129024K [0x0000000780000000, 0x0000000789000000, 0x00000007c0000000)
  eden space 129024K, 100% used [0x0000000780000000,0x0000000787e00000,0x0000000787e00000)
  from space 9216K, 0% used [0x0000000788700000,0x0000000788700000,0x0000000789000000)
  to   space 9216K, 0% used [0x0000000787e00000,0x0000000787e00000,0x0000000788700000)
 ParOldGen       total 36352K, used 9557K [0x0000000700000000, 0x0000000702380000, 0x0000000780000000)
  object space 36352K, 26% used [0x0000000700000000,0x00000007009556a0,0x0000000702380000)
 Metaspace       used 31722K, capacity 32921K, committed 33152K, reserved 1077248K
  class space    used 4629K, capacity 4913K, committed 4992K, reserved 1048576K
Event: 10.004 GC heap after
Heap after GC invocations=10 (full 1):
 PSYoungGen      total 138240K, used 9214K [0x0000000780000000, 0x000000078bf80000, 0x00000007c0000000)
  eden space 129024K, 0% used [0x0000000780000000,0x0000000780000000,0x0000000787e00000)
  from space 9216K, 99% used [0x0000000787e00000,0x00000007886ffb38,0x0000000788700000)
  to   space 11776K, 0% used [0x000000078b400000,0x000000078b400000,0x000000078bf80000)
 ParOldGen       total 36352K, used 12890K [0x0000000700000000, 0x0000000702380000, 0x0000000780000000)
  object space 36352K, 35% used [0x0000000700000000,0x0000000700c968e0,0x0000000702380000)
 Metaspace       used 31722K, capacity 32921K, committed 33152K, reserved 1077248K
  class space    used 4629K, capacity 4913K, committed 4992K, reserved 1048576K
}
Event: 10.436 GC heap before
{Heap before GC invocations=11 (full 1):
 PSYoungGen      total 138240K, used 37440K [0x0000000780000000, 0x000000078bf80000, 0x00000007c0000000)
  eden space 129024K, 21% used [0x0000000780000000,0x0000000781b90700,0x0000000787e00000)
  from space 9216K, 99% used [0x0000000787e00000,0x00000007886ffb38,0x0000000788700000)
  to   space 11776K, 0% used [0x000000078b400000,0x000000078b400000,0x000000078bf80000)
 ParOldGen       total 36352K, used 12890K [0x0000000700000000, 0x0000000702380000, 0x0000000780000000)
  object space 36352K, 35% used [0x0000000700000000,0x0000000700c968e0,0x0000000702380000)
 Metaspace       used 33955K, capacity 35307K, committed 35456K, reserved 1079296K
  class space    used 4831K, capacity 5136K, committed 5248K, reserved 1048576K
Event: 10.449 GC heap after
Heap after GC invocations=11 (full 1):
 PSYoungGen      total 183808K, used 7806K [0x0000000780000000, 0x000000078c600000, 0x00000007c0000000)
  eden space 172032K, 0% used [0x0000000780000000,0x0000000780000000,0x000000078a800000)
  from space 11776K, 66% used [0x000000078b400000,0x000000078bb9fa80,0x000000078bf80000)
  to   space 12288K, 0% used [0x000000078a800000,0x000000078a800000,0x000000078b400000)
 ParOldGen       total 36352K, used 12898K [0x0000000700000000, 0x0000000702380000, 0x0000000780000000)
  object space 36352K, 35% used [0x0000000700000000,0x0000000700c988e0,0x0000000702380000)
 Metaspace       used 33955K, capacity 35307K, committed 35456K, reserved 1079296K
  class space    used 4831K, capacity 5136K, committed 5248K, reserved 1048576K
}
Event: 10.449 GC heap before
{Heap before GC invocations=12 (full 2):
 PSYoungGen      total 183808K, used 7806K [0x0000000780000000, 0x000000078c600000, 0x00000007c0000000)
  eden space 172032K, 0% used [0x0000000780000000,0x0000000780000000,0x000000078a800000)
  from space 11776K, 66% used [0x000000078b400000,0x000000078bb9fa80,0x000000078bf80000)
  to   space 12288K, 0% used [0x000000078a800000,0x000000078a800000,0x000000078b400000)
 ParOldGen       total 36352K, used 12898K [0x0000000700000000, 0x0000000702380000, 0x0000000780000000)
  object space 36352K, 35% used [0x0000000700000000,0x0000000700c988e0,0x0000000702380000)
 Metaspace       used 33955K, capacity 35307K, committed 35456K, reserved 1079296K
  class space    used 4831K, capacity 5136K, committed 5248K, reserved 1048576K
Event: 10.524 GC heap after
Heap after GC invocations=12 (full 2):
 PSYoungGen      total 183808K, used 0K [0x0000000780000000, 0x000000078c600000, 0x00000007c0000000)
  eden space 172032K, 0% used [0x0000000780000000,0x0000000780000000,0x000000078a800000)
  from space 11776K, 0% used [0x000000078b400000,0x000000078b400000,0x000000078bf80000)
  to   space 12288K, 0% used [0x000000078a800000,0x000000078a800000,0x000000078b400000)
 ParOldGen       total 53248K, used 15146K [0x0000000700000000, 0x0000000703400000, 0x0000000780000000)
  object space 53248K, 28% used [0x0000000700000000,0x0000000700ecaa70,0x0000000703400000)
 Metaspace       used 33955K, capacity 35307K, committed 35456K, reserved 1079296K
  class space    used 4831K, capacity 5136K, committed 5248K, reserved 1048576K
}

