# JRE version: OpenJDK Runtime Environment Temurin-17.0.3+7 (17.0.3+7) (build 17.0.3+7)
# Java VM: OpenJDK 64-Bit Server VM Temurin-17.0.3+7 (17.0.3+7, mixed mode, tiered, compressed oops, compressed class ptrs, parallel gc, windows-amd64)
GC Precious Log:
 CPUs: 4 total, 4 available
 Memory: 4095M
 Large Page Support: Disabled
 NUMA Support: Disabled
 Compressed Oops: Enabled (32-bit)
 Alignments: Space 512K, Generation 512K, Heap 2M
 Heap Min Capacity: 100M
 Heap Initial Capacity: 100M
 Heap Max Capacity: 1G
 Pre-touch: Disabled
 Parallel Workers: 4
Heap:
 PSYoungGen      total 20992K, used 20670K [0x00000000eab00000, 0x00000000ecc00000, 0x0000000100000000)
  eden space 17408K, 100% used [0x00000000eab00000,0x00000000ebc00000,0x00000000ebc00000)
  from space 3584K, 91% used [0x00000000ec880000,0x00000000ecbafb10,0x00000000ecc00000)
  to   space 6144K, 0% used [0x00000000ec000000,0x00000000ec000000,0x00000000ec600000)
 ParOldGen       total 201728K, used 124457K [0x00000000c0000000, 0x00000000cc500000, 0x00000000eab00000)
  object space 201728K, 61% used [0x00000000c0000000,0x00000000c798a4d8,0x00000000cc500000)
 Metaspace       used 78766K, committed 79744K, reserved 1122304K
  class space    used 7797K, committed 8256K, reserved 1048576K
GC Heap History (20 events):
Event: 1305.814 GC heap before
{Heap before GC invocations=5244 (full 113):
 PSYoungGen      total 21504K, used 21501K [0x00000000eab00000, 0x00000000ed780000, 0x0000000100000000)
  eden space 17408K, 100% used [0x00000000eab00000,0x00000000ebc00000,0x00000000ebc00000)
  from space 4096K, 99% used [0x00000000ec700000,0x00000000ecaff4a8,0x00000000ecb00000)
  to   space 11264K, 0% used [0x00000000ebc00000,0x00000000ebc00000,0x00000000ec700000)
 ParOldGen       total 201728K, used 103748K [0x00000000c0000000, 0x00000000cc500000, 0x00000000eab00000)
  object space 201728K, 51% used [0x00000000c0000000,0x00000000c6551260,0x00000000cc500000)
 Metaspace       used 78720K, committed 79744K, reserved 1122304K
  class space    used 7796K, committed 8256K, reserved 1048576K
}
Event: 1305.828 GC heap after
{Heap after GC invocations=5244 (full 113):
 PSYoungGen      total 23040K, used 5161K [0x00000000eab00000, 0x00000000eca00000, 0x0000000100000000)
  eden space 17408K, 0% used [0x00000000eab00000,0x00000000eab00000,0x00000000ebc00000)
  from space 5632K, 91% used [0x00000000ebc00000,0x00000000ec10a400,0x00000000ec180000)
  to   space 7168K, 0% used [0x00000000ec300000,0x00000000ec300000,0x00000000eca00000)
 ParOldGen       total 201728K, used 107376K [0x00000000c0000000, 0x00000000cc500000, 0x00000000eab00000)
  object space 201728K, 53% used [0x00000000c0000000,0x00000000c68dc3a0,0x00000000cc500000)
 Metaspace       used 78720K, committed 79744K, reserved 1122304K
  class space    used 7796K, committed 8256K, reserved 1048576K
}
Event: 1306.396 GC heap before
{Heap before GC invocations=5245 (full 113):
 PSYoungGen      total 23040K, used 20848K [0x00000000eab00000, 0x00000000eca00000, 0x0000000100000000)
  eden space 17408K, 90% used [0x00000000eab00000,0x00000000eba51ee8,0x00000000ebc00000)
  from space 5632K, 91% used [0x00000000ebc00000,0x00000000ec10a400,0x00000000ec180000)
  to   space 7168K, 0% used [0x00000000ec300000,0x00000000ec300000,0x00000000eca00000)
 ParOldGen       total 201728K, used 107376K [0x00000000c0000000, 0x00000000cc500000, 0x00000000eab00000)
  object space 201728K, 53% used [0x00000000c0000000,0x00000000c68dc3a0,0x00000000cc500000)
 Metaspace       used 78721K, committed 79744K, reserved 1122304K
  class space    used 7796K, committed 8256K, reserved 1048576K
}
Event: 1306.407 GC heap after
{Heap after GC invocations=5245 (full 113):
 PSYoungGen      total 18944K, used 1275K [0x00000000eab00000, 0x00000000ec480000, 0x0000000100000000)
  eden space 17408K, 0% used [0x00000000eab00000,0x00000000eab00000,0x00000000ebc00000)
  from space 1536K, 83% used [0x00000000ec300000,0x00000000ec43ef90,0x00000000ec480000)
  to   space 3072K, 0% used [0x00000000ebe80000,0x00000000ebe80000,0x00000000ec180000)
 ParOldGen       total 201728K, used 112394K [0x00000000c0000000, 0x00000000cc500000, 0x00000000eab00000)
  object space 201728K, 55% used [0x00000000c0000000,0x00000000c6dc2820,0x00000000cc500000)
 Metaspace       used 78721K, committed 79744K, reserved 1122304K
  class space    used 7796K, committed 8256K, reserved 1048576K
}
Event: 1308.075 GC heap before
{Heap before GC invocations=5246 (full 113):
 PSYoungGen      total 18944K, used 18683K [0x00000000eab00000, 0x00000000ec480000, 0x0000000100000000)
  eden space 17408K, 100% used [0x00000000eab00000,0x00000000ebc00000,0x00000000ebc00000)
  from space 1536K, 83% used [0x00000000ec300000,0x00000000ec43ef90,0x00000000ec480000)
  to   space 3072K, 0% used [0x00000000ebe80000,0x00000000ebe80000,0x00000000ec180000)
 ParOldGen       total 201728K, used 112394K [0x00000000c0000000, 0x00000000cc500000, 0x00000000eab00000)
  object space 201728K, 55% used [0x00000000c0000000,0x00000000c6dc2820,0x00000000cc500000)
 Metaspace       used 78721K, committed 79744K, reserved 1122304K
  class space    used 7796K, committed 8256K, reserved 1048576K
}
Event: 1308.081 GC heap after
{Heap after GC invocations=5246 (full 113):
 PSYoungGen      total 20480K, used 3058K [0x00000000eab00000, 0x00000000ec800000, 0x0000000100000000)
  eden space 17408K, 0% used [0x00000000eab00000,0x00000000eab00000,0x00000000ebc00000)
  from space 3072K, 99% used [0x00000000ebe80000,0x00000000ec17cae8,0x00000000ec180000)
  to   space 6144K, 0% used [0x00000000ec200000,0x00000000ec200000,0x00000000ec800000)
 ParOldGen       total 201728K, used 114355K [0x00000000c0000000, 0x00000000cc500000, 0x00000000eab00000)
  object space 201728K, 56% used [0x00000000c0000000,0x00000000c6facc40,0x00000000cc500000)
 Metaspace       used 78721K, committed 79744K, reserved 1122304K
  class space    used 7796K, committed 8256K, reserved 1048576K
}
Event: 1312.430 GC heap before
{Heap before GC invocations=5247 (full 113):
 PSYoungGen      total 20480K, used 20466K [0x00000000eab00000, 0x00000000ec800000, 0x0000000100000000)
  eden space 17408K, 100% used [0x00000000eab00000,0x00000000ebc00000,0x00000000ebc00000)
  from space 3072K, 99% used [0x00000000ebe80000,0x00000000ec17cae8,0x00000000ec180000)
  to   space 6144K, 0% used [0x00000000ec200000,0x00000000ec200000,0x00000000ec800000)
 ParOldGen       total 201728K, used 114355K [0x00000000c0000000, 0x00000000cc500000, 0x00000000eab00000)
  object space 201728K, 56% used [0x00000000c0000000,0x00000000c6facc40,0x00000000cc500000)
 Metaspace       used 78739K, committed 79744K, reserved 1122304K
  class space    used 7797K, committed 8256K, reserved 1048576K
}
Event: 1312.435 GC heap after
{Heap after GC invocations=5247 (full 113):
 PSYoungGen      total 20480K, used 3050K [0x00000000eab00000, 0x00000000ec500000, 0x0000000100000000)
  eden space 17408K, 0% used [0x00000000eab00000,0x00000000eab00000,0x00000000ebc00000)
  from space 3072K, 99% used [0x00000000ec200000,0x00000000ec4fabe8,0x00000000ec500000)
  to   space 4096K, 0% used [0x00000000ebd00000,0x00000000ebd00000,0x00000000ec100000)
 ParOldGen       total 201728K, used 114995K [0x00000000c0000000, 0x00000000cc500000, 0x00000000eab00000)
  object space 201728K, 57% used [0x00000000c0000000,0x00000000c704cc50,0x00000000cc500000)
 Metaspace       used 78739K, committed 79744K, reserved 1122304K
  class space    used 7797K, committed 8256K, reserved 1048576K
}
Event: 1321.186 GC heap before
{Heap before GC invocations=5248 (full 113):
 PSYoungGen      total 20480K, used 20458K [0x00000000eab00000, 0x00000000ec500000, 0x0000000100000000)
  eden space 17408K, 100% used [0x00000000eab00000,0x00000000ebc00000,0x00000000ebc00000)
  from space 3072K, 99% used [0x00000000ec200000,0x00000000ec4fabe8,0x00000000ec500000)
  to   space 4096K, 0% used [0x00000000ebd00000,0x00000000ebd00000,0x00000000ec100000)
 ParOldGen       total 201728K, used 114995K [0x00000000c0000000, 0x00000000cc500000, 0x00000000eab00000)
  object space 201728K, 57% used [0x00000000c0000000,0x00000000c704cc50,0x00000000cc500000)
 Metaspace       used 78747K, committed 79744K, reserved 1122304K
  class space    used 7797K, committed 8256K, reserved 1048576K
}
Event: 1321.189 GC heap after
{Heap after GC invocations=5248 (full 113):
 PSYoungGen      total 19456K, used 1593K [0x00000000eab00000, 0x00000000ec280000, 0x0000000100000000)
  eden space 17408K, 0% used [0x00000000eab00000,0x00000000eab00000,0x00000000ebc00000)
  from space 2048K, 77% used [0x00000000ebd00000,0x00000000ebe8e410,0x00000000ebf00000)
  to   space 2560K, 0% used [0x00000000ec000000,0x00000000ec000000,0x00000000ec280000)
 ParOldGen       total 201728K, used 114995K [0x00000000c0000000, 0x00000000cc500000, 0x00000000eab00000)
  object space 201728K, 57% used [0x00000000c0000000,0x00000000c704cc50,0x00000000cc500000)
 Metaspace       used 78747K, committed 79744K, reserved 1122304K
  class space    used 7797K, committed 8256K, reserved 1048576K
}
Event: 1322.234 GC heap before
{Heap before GC invocations=5249 (full 113):
 PSYoungGen      total 19456K, used 17892K [0x00000000eab00000, 0x00000000ec280000, 0x0000000100000000)
  eden space 17408K, 93% used [0x00000000eab00000,0x00000000ebaeafb0,0x00000000ebc00000)
  from space 2048K, 77% used [0x00000000ebd00000,0x00000000ebe8e410,0x00000000ebf00000)
  to   space 2560K, 0% used [0x00000000ec000000,0x00000000ec000000,0x00000000ec280000)
 ParOldGen       total 201728K, used 114995K [0x00000000c0000000, 0x00000000cc500000, 0x00000000eab00000)
  object space 201728K, 57% used [0x00000000c0000000,0x00000000c704cc50,0x00000000cc500000)
 Metaspace       used 78751K, committed 79744K, reserved 1122304K
  class space    used 7797K, committed 8256K, reserved 1048576K
}
Event: 1322.237 GC heap after
{Heap after GC invocations=5249 (full 113):
 PSYoungGen      total 18432K, used 922K [0x00000000eab00000, 0x00000000ec100000, 0x0000000100000000)
  eden space 17408K, 0% used [0x00000000eab00000,0x00000000eab00000,0x00000000ebc00000)
  from space 1024K, 90% used [0x00000000ec000000,0x00000000ec0e6aa0,0x00000000ec100000)
  to   space 1536K, 0% used [0x00000000ebe00000,0x00000000ebe00000,0x00000000ebf80000)
 ParOldGen       total 201728K, used 114995K [0x00000000c0000000, 0x00000000cc500000, 0x00000000eab00000)
  object space 201728K, 57% used [0x00000000c0000000,0x00000000c704cc50,0x00000000cc500000)
 Metaspace       used 78751K, committed 79744K, reserved 1122304K
  class space    used 7797K, committed 8256K, reserved 1048576K
}
Event: 1322.602 GC heap before
{Heap before GC invocations=5250 (full 113):
 PSYoungGen      total 18432K, used 18330K [0x00000000eab00000, 0x00000000ec100000, 0x0000000100000000)
  eden space 17408K, 100% used [0x00000000eab00000,0x00000000ebc00000,0x00000000ebc00000)
  from space 1024K, 90% used [0x00000000ec000000,0x00000000ec0e6aa0,0x00000000ec100000)
  to   space 1536K, 0% used [0x00000000ebe00000,0x00000000ebe00000,0x00000000ebf80000)
 ParOldGen       total 201728K, used 114995K [0x00000000c0000000, 0x00000000cc500000, 0x00000000eab00000)
  object space 201728K, 57% used [0x00000000c0000000,0x00000000c704cc50,0x00000000cc500000)
 Metaspace       used 78751K, committed 79744K, reserved 1122304K
  class space    used 7797K, committed 8256K, reserved 1048576K
}
Event: 1322.605 GC heap after
{Heap after GC invocations=5250 (full 113):
 PSYoungGen      total 18944K, used 1362K [0x00000000eab00000, 0x00000000ec080000, 0x0000000100000000)
  eden space 17408K, 0% used [0x00000000eab00000,0x00000000eab00000,0x00000000ebc00000)
  from space 1536K, 88% used [0x00000000ebe00000,0x00000000ebf54820,0x00000000ebf80000)
  to   space 1024K, 0% used [0x00000000ebf80000,0x00000000ebf80000,0x00000000ec080000)
 ParOldGen       total 201728K, used 114995K [0x00000000c0000000, 0x00000000cc500000, 0x00000000eab00000)
  object space 201728K, 57% used [0x00000000c0000000,0x00000000c704cc50,0x00000000cc500000)
 Metaspace       used 78751K, committed 79744K, reserved 1122304K
  class space    used 7797K, committed 8256K, reserved 1048576K
}
Event: 1324.940 GC heap before
{Heap before GC invocations=5251 (full 113):
 PSYoungGen      total 18944K, used 18221K [0x00000000eab00000, 0x00000000ec080000, 0x0000000100000000)
  eden space 17408K, 96% used [0x00000000eab00000,0x00000000ebb76d50,0x00000000ebc00000)
  from space 1536K, 88% used [0x00000000ebe00000,0x00000000ebf54820,0x00000000ebf80000)
  to   space 1024K, 0% used [0x00000000ebf80000,0x00000000ebf80000,0x00000000ec080000)
 ParOldGen       total 201728K, used 114995K [0x00000000c0000000, 0x00000000cc500000, 0x00000000eab00000)
  object space 201728K, 57% used [0x00000000c0000000,0x00000000c704cc50,0x00000000cc500000)
 Metaspace       used 78758K, committed 79744K, reserved 1122304K
  class space    used 7797K, committed 8256K, reserved 1048576K
}
Event: 1324.943 GC heap after
{Heap after GC invocations=5251 (full 113):
 PSYoungGen      total 18432K, used 1023K [0x00000000eab00000, 0x00000000ec080000, 0x0000000100000000)
  eden space 17408K, 0% used [0x00000000eab00000,0x00000000eab00000,0x00000000ebc00000)
  from space 1024K, 99% used [0x00000000ebf80000,0x00000000ec07fc90,0x00000000ec080000)
  to   space 1536K, 0% used [0x00000000ebd80000,0x00000000ebd80000,0x00000000ebf00000)
 ParOldGen       total 201728K, used 115107K [0x00000000c0000000, 0x00000000cc500000, 0x00000000eab00000)
  object space 201728K, 57% used [0x00000000c0000000,0x00000000c7068c90,0x00000000cc500000)
 Metaspace       used 78758K, committed 79744K, reserved 1122304K
  class space    used 7797K, committed 8256K, reserved 1048576K
}
Event: 1325.037 GC heap before
{Heap before GC invocations=5252 (full 113):
 PSYoungGen      total 18432K, used 18132K [0x00000000eab00000, 0x00000000ec080000, 0x0000000100000000)
  eden space 17408K, 98% used [0x00000000eab00000,0x00000000ebbb56c8,0x00000000ebc00000)
  from space 1024K, 99% used [0x00000000ebf80000,0x00000000ec07fc90,0x00000000ec080000)
  to   space 1536K, 0% used [0x00000000ebd80000,0x00000000ebd80000,0x00000000ebf00000)
 ParOldGen       total 201728K, used 115107K [0x00000000c0000000, 0x00000000cc500000, 0x00000000eab00000)
  object space 201728K, 57% used [0x00000000c0000000,0x00000000c7068c90,0x00000000cc500000)
 Metaspace       used 78758K, committed 79744K, reserved 1122304K
  class space    used 7797K, committed 8256K, reserved 1048576K
}
Event: 1325.049 GC heap after
{Heap after GC invocations=5252 (full 113):
 PSYoungGen      total 18944K, used 1529K [0x00000000eab00000, 0x00000000ed500000, 0x0000000100000000)
  eden space 17408K, 0% used [0x00000000eab00000,0x00000000eab00000,0x00000000ebc00000)
  from space 1536K, 99% used [0x00000000ebd80000,0x00000000ebefe6c8,0x00000000ebf00000)
  to   space 12800K, 0% used [0x00000000ec880000,0x00000000ec880000,0x00000000ed500000)
 ParOldGen       total 201728K, used 124425K [0x00000000c0000000, 0x00000000cc500000, 0x00000000eab00000)
  object space 201728K, 61% used [0x00000000c0000000,0x00000000c79824d8,0x00000000cc500000)
 Metaspace       used 78758K, committed 79744K, reserved 1122304K
  class space    used 7797K, committed 8256K, reserved 1048576K
}
Event: 1325.254 GC heap before
{Heap before GC invocations=5253 (full 113):
 PSYoungGen      total 18944K, used 18937K [0x00000000eab00000, 0x00000000ed500000, 0x0000000100000000)
  eden space 17408K, 100% used [0x00000000eab00000,0x00000000ebc00000,0x00000000ebc00000)
  from space 1536K, 99% used [0x00000000ebd80000,0x00000000ebefe6c8,0x00000000ebf00000)
  to   space 12800K, 0% used [0x00000000ec880000,0x00000000ec880000,0x00000000ed500000)
 ParOldGen       total 201728K, used 124425K [0x00000000c0000000, 0x00000000cc500000, 0x00000000eab00000)
  object space 201728K, 61% used [0x00000000c0000000,0x00000000c79824d8,0x00000000cc500000)
 Metaspace       used 78765K, committed 79744K, reserved 1122304K
  class space    used 7797K, committed 8256K, reserved 1048576K
}
Event: 1325.263 GC heap after
{Heap after GC invocations=5253 (full 113):
 PSYoungGen      total 20992K, used 3262K [0x00000000eab00000, 0x00000000ecc00000, 0x0000000100000000)
  eden space 17408K, 0% used [0x00000000eab00000,0x00000000eab00000,0x00000000ebc00000)
  from space 3584K, 91% used [0x00000000ec880000,0x00000000ecbafb10,0x00000000ecc00000)
  to   space 6144K, 0% used [0x00000000ec000000,0x00000000ec000000,0x00000000ec600000)
 ParOldGen       total 201728K, used 124457K [0x00000000c0000000, 0x00000000cc500000, 0x00000000eab00000)
  object space 201728K, 61% used [0x00000000c0000000,0x00000000c798a4d8,0x00000000cc500000)
 Metaspace       used 78765K, committed 79744K, reserved 1122304K
  class space    used 7797K, committed 8256K, reserved 1048576K
}

