# JRE version: OpenJDK Runtime Environment Temurin-17.0.4.1+1 (17.0.4.1+1) (build 17.0.4.1+1)
# Java VM: OpenJDK 64-Bit Server VM Temurin-17.0.4.1+1 (17.0.4.1+1, mixed mode, tiered, compressed oops, compressed class ptrs, parallel gc, windows-amd64)
GC Precious Log:
 CPUs: 4 total, 4 available
 Memory: 4095M
 Large Page Support: Disabled
 NUMA Support: Disabled
 Compressed Oops: Enabled (32-bit)
 Alignments: Space 512K, Generation 512K, Heap 2M
 Heap Min Capacity: 100M
 Heap Initial Capacity: 100M
 Heap Max Capacity: 1G
 Pre-touch: Disabled
 Parallel Workers: 4
Heap:
 PSYoungGen      total 5120K, used 4739K [0x00000000eab00000, 0x00000000eb280000, 0x0000000100000000)
  eden space 3584K, 98% used [0x00000000eab00000,0x00000000eae73d90,0x00000000eae80000)
  from space 1536K, 78% used [0x00000000eb100000,0x00000000eb22d200,0x00000000eb280000)
  to   space 2048K, 0% used [0x00000000eae80000,0x00000000eae80000,0x00000000eb080000)
 ParOldGen       total 77824K, used 64306K [0x00000000c0000000, 0x00000000c4c00000, 0x00000000eab00000)
  object space 77824K, 82% used [0x00000000c0000000,0x00000000c3ecca80,0x00000000c4c00000)
 Metaspace       used 71699K, committed 72640K, reserved 1122304K
  class space    used 7068K, committed 7488K, reserved 1048576K
GC Heap History (20 events):
Event: 3283.869 GC heap before
{Heap before GC invocations=618 (full 19):
 PSYoungGen      total 3584K, used 3072K [0x00000000eab00000, 0x00000000eaf00000, 0x0000000100000000)
  eden space 3072K, 100% used [0x00000000eab00000,0x00000000eae00000,0x00000000eae00000)
  from space 512K, 0% used [0x00000000eae80000,0x00000000eae80000,0x00000000eaf00000)
  to   space 512K, 0% used [0x00000000eae00000,0x00000000eae00000,0x00000000eae80000)
 ParOldGen       total 75264K, used 52042K [0x00000000c0000000, 0x00000000c4980000, 0x00000000eab00000)
  object space 75264K, 69% used [0x00000000c0000000,0x00000000c32d2af8,0x00000000c4980000)
 Metaspace       used 71584K, committed 72512K, reserved 1122304K
  class space    used 7063K, committed 7488K, reserved 1048576K
}
Event: 3283.872 GC heap after
{Heap after GC invocations=618 (full 19):
 PSYoungGen      total 3584K, used 500K [0x00000000eab00000, 0x00000000eb080000, 0x0000000100000000)
  eden space 3072K, 0% used [0x00000000eab00000,0x00000000eab00000,0x00000000eae00000)
  from space 512K, 97% used [0x00000000eae00000,0x00000000eae7d290,0x00000000eae80000)
  to   space 1024K, 0% used [0x00000000eaf80000,0x00000000eaf80000,0x00000000eb080000)
 ParOldGen       total 75264K, used 53901K [0x00000000c0000000, 0x00000000c4980000, 0x00000000eab00000)
  object space 75264K, 71% used [0x00000000c0000000,0x00000000c34a3410,0x00000000c4980000)
 Metaspace       used 71584K, committed 72512K, reserved 1122304K
  class space    used 7063K, committed 7488K, reserved 1048576K
}
Event: 3283.916 GC heap before
{Heap before GC invocations=619 (full 19):
 PSYoungGen      total 3584K, used 3572K [0x00000000eab00000, 0x00000000eb080000, 0x0000000100000000)
  eden space 3072K, 100% used [0x00000000eab00000,0x00000000eae00000,0x00000000eae00000)
  from space 512K, 97% used [0x00000000eae00000,0x00000000eae7d290,0x00000000eae80000)
  to   space 1024K, 0% used [0x00000000eaf80000,0x00000000eaf80000,0x00000000eb080000)
 ParOldGen       total 75264K, used 57617K [0x00000000c0000000, 0x00000000c4980000, 0x00000000eab00000)
  object space 75264K, 76% used [0x00000000c0000000,0x00000000c3844640,0x00000000c4980000)
 Metaspace       used 71584K, committed 72512K, reserved 1122304K
  class space    used 7063K, committed 7488K, reserved 1048576K
}
Event: 3283.919 GC heap after
{Heap after GC invocations=619 (full 19):
 PSYoungGen      total 3584K, used 1016K [0x00000000eab00000, 0x00000000eb280000, 0x0000000100000000)
  eden space 2560K, 0% used [0x00000000eab00000,0x00000000eab00000,0x00000000ead80000)
  from space 1024K, 99% used [0x00000000eaf80000,0x00000000eb07e368,0x00000000eb080000)
  to   space 2048K, 0% used [0x00000000ead80000,0x00000000ead80000,0x00000000eaf80000)
 ParOldGen       total 75264K, used 58118K [0x00000000c0000000, 0x00000000c4980000, 0x00000000eab00000)
  object space 75264K, 77% used [0x00000000c0000000,0x00000000c38c18e0,0x00000000c4980000)
 Metaspace       used 71584K, committed 72512K, reserved 1122304K
  class space    used 7063K, committed 7488K, reserved 1048576K
}
Event: 3284.008 GC heap before
{Heap before GC invocations=620 (full 19):
 PSYoungGen      total 3584K, used 3548K [0x00000000eab00000, 0x00000000eb280000, 0x0000000100000000)
  eden space 2560K, 98% used [0x00000000eab00000,0x00000000ead78e40,0x00000000ead80000)
  from space 1024K, 99% used [0x00000000eaf80000,0x00000000eb07e368,0x00000000eb080000)
  to   space 2048K, 0% used [0x00000000ead80000,0x00000000ead80000,0x00000000eaf80000)
 ParOldGen       total 75264K, used 63693K [0x00000000c0000000, 0x00000000c4980000, 0x00000000eab00000)
  object space 75264K, 84% used [0x00000000c0000000,0x00000000c3e33428,0x00000000c4980000)
 Metaspace       used 71586K, committed 72512K, reserved 1122304K
  class space    used 7063K, committed 7488K, reserved 1048576K
}
Event: 3284.015 GC heap after
{Heap after GC invocations=620 (full 19):
 PSYoungGen      total 4608K, used 808K [0x00000000eab00000, 0x00000000eb100000, 0x0000000100000000)
  eden space 2560K, 0% used [0x00000000eab00000,0x00000000eab00000,0x00000000ead80000)
  from space 2048K, 39% used [0x00000000ead80000,0x00000000eae4a090,0x00000000eaf80000)
  to   space 1536K, 0% used [0x00000000eaf80000,0x00000000eaf80000,0x00000000eb100000)
 ParOldGen       total 75264K, used 64726K [0x00000000c0000000, 0x00000000c4980000, 0x00000000eab00000)
  object space 75264K, 85% used [0x00000000c0000000,0x00000000c3f35930,0x00000000c4980000)
 Metaspace       used 71586K, committed 72512K, reserved 1122304K
  class space    used 7063K, committed 7488K, reserved 1048576K
}
Event: 3284.093 GC heap before
{Heap before GC invocations=621 (full 19):
 PSYoungGen      total 4608K, used 3368K [0x00000000eab00000, 0x00000000eb100000, 0x0000000100000000)
  eden space 2560K, 100% used [0x00000000eab00000,0x00000000ead80000,0x00000000ead80000)
  from space 2048K, 39% used [0x00000000ead80000,0x00000000eae4a090,0x00000000eaf80000)
  to   space 1536K, 0% used [0x00000000eaf80000,0x00000000eaf80000,0x00000000eb100000)
 ParOldGen       total 75264K, used 64726K [0x00000000c0000000, 0x00000000c4980000, 0x00000000eab00000)
  object space 75264K, 85% used [0x00000000c0000000,0x00000000c3f35930,0x00000000c4980000)
 Metaspace       used 71587K, committed 72512K, reserved 1122304K
  class space    used 7063K, committed 7488K, reserved 1048576K
}
Event: 3284.097 GC heap after
{Heap after GC invocations=621 (full 19):
 PSYoungGen      total 4096K, used 1507K [0x00000000eab00000, 0x00000000eb200000, 0x0000000100000000)
  eden space 2560K, 0% used [0x00000000eab00000,0x00000000eab00000,0x00000000ead80000)
  from space 1536K, 98% used [0x00000000eaf80000,0x00000000eb0f8d60,0x00000000eb100000)
  to   space 2048K, 0% used [0x00000000ead80000,0x00000000ead80000,0x00000000eaf80000)
 ParOldGen       total 75264K, used 64862K [0x00000000c0000000, 0x00000000c4980000, 0x00000000eab00000)
  object space 75264K, 86% used [0x00000000c0000000,0x00000000c3f57950,0x00000000c4980000)
 Metaspace       used 71587K, committed 72512K, reserved 1122304K
  class space    used 7063K, committed 7488K, reserved 1048576K
}
Event: 3284.148 GC heap before
{Heap before GC invocations=622 (full 19):
 PSYoungGen      total 4096K, used 4067K [0x00000000eab00000, 0x00000000eb200000, 0x0000000100000000)
  eden space 2560K, 100% used [0x00000000eab00000,0x00000000ead80000,0x00000000ead80000)
  from space 1536K, 98% used [0x00000000eaf80000,0x00000000eb0f8d60,0x00000000eb100000)
  to   space 2048K, 0% used [0x00000000ead80000,0x00000000ead80000,0x00000000eaf80000)
 ParOldGen       total 75264K, used 68578K [0x00000000c0000000, 0x00000000c4980000, 0x00000000eab00000)
  object space 75264K, 91% used [0x00000000c0000000,0x00000000c42f8b80,0x00000000c4980000)
 Metaspace       used 71593K, committed 72512K, reserved 1122304K
  class space    used 7063K, committed 7488K, reserved 1048576K
}
Event: 3284.151 GC heap after
{Heap after GC invocations=622 (full 19):
 PSYoungGen      total 4608K, used 809K [0x00000000eab00000, 0x00000000eb100000, 0x0000000100000000)
  eden space 2560K, 0% used [0x00000000eab00000,0x00000000eab00000,0x00000000ead80000)
  from space 2048K, 39% used [0x00000000ead80000,0x00000000eae4a440,0x00000000eaf80000)
  to   space 1536K, 0% used [0x00000000eaf80000,0x00000000eaf80000,0x00000000eb100000)
 ParOldGen       total 75264K, used 69820K [0x00000000c0000000, 0x00000000c4980000, 0x00000000eab00000)
  object space 75264K, 92% used [0x00000000c0000000,0x00000000c442f2b0,0x00000000c4980000)
 Metaspace       used 71593K, committed 72512K, reserved 1122304K
  class space    used 7063K, committed 7488K, reserved 1048576K
}
Event: 3284.236 GC heap before
{Heap before GC invocations=623 (full 20):
 PSYoungGen      total 4608K, used 3353K [0x00000000eab00000, 0x00000000eb100000, 0x0000000100000000)
  eden space 2560K, 99% used [0x00000000eab00000,0x00000000ead7c080,0x00000000ead80000)
  from space 2048K, 39% used [0x00000000ead80000,0x00000000eae4a440,0x00000000eaf80000)
  to   space 1536K, 0% used [0x00000000eaf80000,0x00000000eaf80000,0x00000000eb100000)
 ParOldGen       total 79360K, used 79112K [0x00000000c0000000, 0x00000000c4d80000, 0x00000000eab00000)
  object space 79360K, 99% used [0x00000000c0000000,0x00000000c4d42028,0x00000000c4d80000)
 Metaspace       used 71607K, committed 72512K, reserved 1122304K
  class space    used 7063K, committed 7488K, reserved 1048576K
}
Event: 3284.349 GC heap after
{Heap after GC invocations=623 (full 20):
 PSYoungGen      total 4608K, used 0K [0x00000000eab00000, 0x00000000eb100000, 0x0000000100000000)
  eden space 3072K, 0% used [0x00000000eab00000,0x00000000eab00000,0x00000000eae00000)
  from space 1536K, 0% used [0x00000000eaf80000,0x00000000eaf80000,0x00000000eb100000)
  to   space 1536K, 0% used [0x00000000eae00000,0x00000000eae00000,0x00000000eaf80000)
 ParOldGen       total 77824K, used 52970K [0x00000000c0000000, 0x00000000c4c00000, 0x00000000eab00000)
  object space 77824K, 68% used [0x00000000c0000000,0x00000000c33baba8,0x00000000c4c00000)
 Metaspace       used 71607K, committed 72512K, reserved 1122304K
  class space    used 7063K, committed 7488K, reserved 1048576K
}
Event: 3284.359 GC heap before
{Heap before GC invocations=624 (full 20):
 PSYoungGen      total 4608K, used 3072K [0x00000000eab00000, 0x00000000eb100000, 0x0000000100000000)
  eden space 3072K, 100% used [0x00000000eab00000,0x00000000eae00000,0x00000000eae00000)
  from space 1536K, 0% used [0x00000000eaf80000,0x00000000eaf80000,0x00000000eb100000)
  to   space 1536K, 0% used [0x00000000eae00000,0x00000000eae00000,0x00000000eaf80000)
 ParOldGen       total 77824K, used 52970K [0x00000000c0000000, 0x00000000c4c00000, 0x00000000eab00000)
  object space 77824K, 68% used [0x00000000c0000000,0x00000000c33baba8,0x00000000c4c00000)
 Metaspace       used 71607K, committed 72512K, reserved 1122304K
  class space    used 7063K, committed 7488K, reserved 1048576K
}
Event: 3284.362 GC heap after
{Heap after GC invocations=624 (full 20):
 PSYoungGen      total 4608K, used 797K [0x00000000eab00000, 0x00000000eb080000, 0x0000000100000000)
  eden space 3072K, 0% used [0x00000000eab00000,0x00000000eab00000,0x00000000eae00000)
  from space 1536K, 51% used [0x00000000eae00000,0x00000000eaec7680,0x00000000eaf80000)
  to   space 1024K, 0% used [0x00000000eaf80000,0x00000000eaf80000,0x00000000eb080000)
 ParOldGen       total 77824K, used 54829K [0x00000000c0000000, 0x00000000c4c00000, 0x00000000eab00000)
  object space 77824K, 70% used [0x00000000c0000000,0x00000000c358b4c0,0x00000000c4c00000)
 Metaspace       used 71607K, committed 72512K, reserved 1122304K
  class space    used 7063K, committed 7488K, reserved 1048576K
}
Event: 3284.416 GC heap before
{Heap before GC invocations=625 (full 20):
 PSYoungGen      total 4608K, used 3663K [0x00000000eab00000, 0x00000000eb080000, 0x0000000100000000)
  eden space 3072K, 93% used [0x00000000eab00000,0x00000000eadcc918,0x00000000eae00000)
  from space 1536K, 51% used [0x00000000eae00000,0x00000000eaec7680,0x00000000eaf80000)
  to   space 1024K, 0% used [0x00000000eaf80000,0x00000000eaf80000,0x00000000eb080000)
 ParOldGen       total 77824K, used 58545K [0x00000000c0000000, 0x00000000c4c00000, 0x00000000eab00000)
  object space 77824K, 75% used [0x00000000c0000000,0x00000000c392c6f0,0x00000000c4c00000)
 Metaspace       used 71612K, committed 72512K, reserved 1122304K
  class space    used 7063K, committed 7488K, reserved 1048576K
}
Event: 3284.418 GC heap after
{Heap after GC invocations=625 (full 20):
 PSYoungGen      total 4096K, used 1011K [0x00000000eab00000, 0x00000000eb180000, 0x0000000100000000)
  eden space 3072K, 0% used [0x00000000eab00000,0x00000000eab00000,0x00000000eae00000)
  from space 1024K, 98% used [0x00000000eaf80000,0x00000000eb07cd50,0x00000000eb080000)
  to   space 1536K, 0% used [0x00000000eae00000,0x00000000eae00000,0x00000000eaf80000)
 ParOldGen       total 77824K, used 58553K [0x00000000c0000000, 0x00000000c4c00000, 0x00000000eab00000)
  object space 77824K, 75% used [0x00000000c0000000,0x00000000c392e6f0,0x00000000c4c00000)
 Metaspace       used 71612K, committed 72512K, reserved 1122304K
  class space    used 7063K, committed 7488K, reserved 1048576K
}
Event: 3284.444 GC heap before
{Heap before GC invocations=626 (full 20):
 PSYoungGen      total 4096K, used 4083K [0x00000000eab00000, 0x00000000eb180000, 0x0000000100000000)
  eden space 3072K, 100% used [0x00000000eab00000,0x00000000eae00000,0x00000000eae00000)
  from space 1024K, 98% used [0x00000000eaf80000,0x00000000eb07cd50,0x00000000eb080000)
  to   space 1536K, 0% used [0x00000000eae00000,0x00000000eae00000,0x00000000eaf80000)
 ParOldGen       total 77824K, used 58553K [0x00000000c0000000, 0x00000000c4c00000, 0x00000000eab00000)
  object space 77824K, 75% used [0x00000000c0000000,0x00000000c392e6f0,0x00000000c4c00000)
 Metaspace       used 71612K, committed 72512K, reserved 1122304K
  class space    used 7063K, committed 7488K, reserved 1048576K
}
Event: 3284.448 GC heap after
{Heap after GC invocations=626 (full 20):
 PSYoungGen      total 4608K, used 1525K [0x00000000eab00000, 0x00000000eb380000, 0x0000000100000000)
  eden space 3072K, 0% used [0x00000000eab00000,0x00000000eab00000,0x00000000eae00000)
  from space 1536K, 99% used [0x00000000eae00000,0x00000000eaf7d6a0,0x00000000eaf80000)
  to   space 2560K, 0% used [0x00000000eb100000,0x00000000eb100000,0x00000000eb380000)
 ParOldGen       total 77824K, used 59344K [0x00000000c0000000, 0x00000000c4c00000, 0x00000000eab00000)
  object space 77824K, 76% used [0x00000000c0000000,0x00000000c39f4370,0x00000000c4c00000)
 Metaspace       used 71612K, committed 72512K, reserved 1122304K
  class space    used 7063K, committed 7488K, reserved 1048576K
}
Event: 3284.483 GC heap before
{Heap before GC invocations=627 (full 20):
 PSYoungGen      total 4608K, used 4597K [0x00000000eab00000, 0x00000000eb380000, 0x0000000100000000)
  eden space 3072K, 99% used [0x00000000eab00000,0x00000000eadfffe8,0x00000000eae00000)
  from space 1536K, 99% used [0x00000000eae00000,0x00000000eaf7d6a0,0x00000000eaf80000)
  to   space 2560K, 0% used [0x00000000eb100000,0x00000000eb100000,0x00000000eb380000)
 ParOldGen       total 77824K, used 59344K [0x00000000c0000000, 0x00000000c4c00000, 0x00000000eab00000)
  object space 77824K, 76% used [0x00000000c0000000,0x00000000c39f4370,0x00000000c4c00000)
 Metaspace       used 71625K, committed 72512K, reserved 1122304K
  class space    used 7063K, committed 7488K, reserved 1048576K
}
Event: 3284.487 GC heap after
{Heap after GC invocations=627 (full 20):
 PSYoungGen      total 5120K, used 1204K [0x00000000eab00000, 0x00000000eb280000, 0x0000000100000000)
  eden space 3584K, 0% used [0x00000000eab00000,0x00000000eab00000,0x00000000eae80000)
  from space 1536K, 78% used [0x00000000eb100000,0x00000000eb22d200,0x00000000eb280000)
  to   space 2048K, 0% used [0x00000000eae80000,0x00000000eae80000,0x00000000eb080000)
 ParOldGen       total 77824K, used 60590K [0x00000000c0000000, 0x00000000c4c00000, 0x00000000eab00000)
  object space 77824K, 77% used [0x00000000c0000000,0x00000000c3b2b850,0x00000000c4c00000)
 Metaspace       used 71625K, committed 72512K, reserved 1122304K
  class space    used 7063K, committed 7488K, reserved 1048576K
}

