# JRE version: OpenJDK Runtime Environment Temurin-17.0.4.1+1 (17.0.4.1+1) (build 17.0.4.1+1)
# Java VM: OpenJDK 64-Bit Server VM Temurin-17.0.4.1+1 (17.0.4.1+1, mixed mode, tiered, compressed oops, compressed class ptrs, parallel gc, windows-amd64)
GC Precious Log:
 CPUs: 4 total, 4 available
 Memory: 4095M
 Large Page Support: Disabled
 NUMA Support: Disabled
 Compressed Oops: Enabled (32-bit)
 Alignments: Space 512K, Generation 512K, Heap 2M
 Heap Min Capacity: 100M
 Heap Initial Capacity: 100M
 Heap Max Capacity: 1G
 Pre-touch: Disabled
 Parallel Workers: 4
Heap:
 PSYoungGen      total 5120K, used 1024K [0x00000000eab00000, 0x00000000eb300000, 0x0000000100000000)
  eden space 4096K, 0% used [0x00000000eab00000,0x00000000eab00000,0x00000000eaf00000)
  from space 1024K, 100% used [0x00000000eb200000,0x00000000eb300000,0x00000000eb300000)
  to   space 1536K, 0% used [0x00000000eb000000,0x00000000eb000000,0x00000000eb180000)
 ParOldGen       total 135168K, used 134689K [0x00000000c0000000, 0x00000000c8400000, 0x00000000eab00000)
  object space 135168K, 99% used [0x00000000c0000000,0x00000000c83885e8,0x00000000c8400000)
 Metaspace       used 80700K, committed 81664K, reserved 1130496K
  class space    used 7643K, committed 8064K, reserved 1048576K
GC Heap History (20 events):
Event: 6340.744 GC heap after
{Heap after GC invocations=13396 (full 288):
 PSYoungGen      total 6144K, used 2073K [0x00000000eab00000, 0x00000000eb480000, 0x0000000100000000)
  eden space 3584K, 0% used [0x00000000eab00000,0x00000000eab00000,0x00000000eae80000)
  from space 2560K, 80% used [0x00000000eae80000,0x00000000eb0865f0,0x00000000eb100000)
  to   space 3072K, 0% used [0x00000000eb180000,0x00000000eb180000,0x00000000eb480000)
 ParOldGen       total 135168K, used 123709K [0x00000000c0000000, 0x00000000c8400000, 0x00000000eab00000)
  object space 135168K, 91% used [0x00000000c0000000,0x00000000c78cf788,0x00000000c8400000)
 Metaspace       used 80700K, committed 81664K, reserved 1130496K
  class space    used 7643K, committed 8064K, reserved 1048576K
}
Event: 6340.765 GC heap before
{Heap before GC invocations=13397 (full 288):
 PSYoungGen      total 6144K, used 5657K [0x00000000eab00000, 0x00000000eb480000, 0x0000000100000000)
  eden space 3584K, 100% used [0x00000000eab00000,0x00000000eae80000,0x00000000eae80000)
  from space 2560K, 80% used [0x00000000eae80000,0x00000000eb0865f0,0x00000000eb100000)
  to   space 3072K, 0% used [0x00000000eb180000,0x00000000eb180000,0x00000000eb480000)
 ParOldGen       total 135168K, used 123709K [0x00000000c0000000, 0x00000000c8400000, 0x00000000eab00000)
  object space 135168K, 91% used [0x00000000c0000000,0x00000000c78cf788,0x00000000c8400000)
 Metaspace       used 80700K, committed 81664K, reserved 1130496K
  class space    used 7643K, committed 8064K, reserved 1048576K
}
Event: 6340.770 GC heap after
{Heap after GC invocations=13397 (full 288):
 PSYoungGen      total 6144K, used 3062K [0x00000000eab00000, 0x00000000eb680000, 0x0000000100000000)
  eden space 3072K, 0% used [0x00000000eab00000,0x00000000eab00000,0x00000000eae00000)
  from space 3072K, 99% used [0x00000000eb180000,0x00000000eb47da98,0x00000000eb480000)
  to   space 3584K, 0% used [0x00000000eae00000,0x00000000eae00000,0x00000000eb180000)
 ParOldGen       total 135168K, used 123978K [0x00000000c0000000, 0x00000000c8400000, 0x00000000eab00000)
  object space 135168K, 91% used [0x00000000c0000000,0x00000000c79129c8,0x00000000c8400000)
 Metaspace       used 80700K, committed 81664K, reserved 1130496K
  class space    used 7643K, committed 8064K, reserved 1048576K
}
Event: 6340.829 GC heap before
{Heap before GC invocations=13398 (full 288):
 PSYoungGen      total 6144K, used 6134K [0x00000000eab00000, 0x00000000eb680000, 0x0000000100000000)
  eden space 3072K, 100% used [0x00000000eab00000,0x00000000eae00000,0x00000000eae00000)
  from space 3072K, 99% used [0x00000000eb180000,0x00000000eb47da98,0x00000000eb480000)
  to   space 3584K, 0% used [0x00000000eae00000,0x00000000eae00000,0x00000000eb180000)
 ParOldGen       total 135168K, used 123978K [0x00000000c0000000, 0x00000000c8400000, 0x00000000eab00000)
  object space 135168K, 91% used [0x00000000c0000000,0x00000000c79129c8,0x00000000c8400000)
 Metaspace       used 80700K, committed 81664K, reserved 1130496K
  class space    used 7643K, committed 8064K, reserved 1048576K
}
Event: 6340.834 GC heap after
{Heap after GC invocations=13398 (full 288):
 PSYoungGen      total 6656K, used 3574K [0x00000000eab00000, 0x00000000eb700000, 0x0000000100000000)
  eden space 3072K, 0% used [0x00000000eab00000,0x00000000eab00000,0x00000000eae00000)
  from space 3584K, 99% used [0x00000000eae00000,0x00000000eb17da98,0x00000000eb180000)
  to   space 4608K, 0% used [0x00000000eb280000,0x00000000eb280000,0x00000000eb700000)
 ParOldGen       total 135168K, used 124344K [0x00000000c0000000, 0x00000000c8400000, 0x00000000eab00000)
  object space 135168K, 91% used [0x00000000c0000000,0x00000000c796e3f8,0x00000000c8400000)
 Metaspace       used 80700K, committed 81664K, reserved 1130496K
  class space    used 7643K, committed 8064K, reserved 1048576K
}
Event: 6340.858 GC heap before
{Heap before GC invocations=13399 (full 288):
 PSYoungGen      total 6656K, used 6646K [0x00000000eab00000, 0x00000000eb700000, 0x0000000100000000)
  eden space 3072K, 100% used [0x00000000eab00000,0x00000000eae00000,0x00000000eae00000)
  from space 3584K, 99% used [0x00000000eae00000,0x00000000eb17da98,0x00000000eb180000)
  to   space 4608K, 0% used [0x00000000eb280000,0x00000000eb280000,0x00000000eb700000)
 ParOldGen       total 135168K, used 124344K [0x00000000c0000000, 0x00000000c8400000, 0x00000000eab00000)
  object space 135168K, 91% used [0x00000000c0000000,0x00000000c796e3f8,0x00000000c8400000)
 Metaspace       used 80700K, committed 81664K, reserved 1130496K
  class space    used 7643K, committed 8064K, reserved 1048576K
}
Event: 6340.864 GC heap after
{Heap after GC invocations=13399 (full 288):
 PSYoungGen      total 7680K, used 3001K [0x00000000eab00000, 0x00000000eb600000, 0x0000000100000000)
  eden space 4096K, 0% used [0x00000000eab00000,0x00000000eab00000,0x00000000eaf00000)
  from space 3584K, 83% used [0x00000000eb280000,0x00000000eb56e480,0x00000000eb600000)
  to   space 3584K, 0% used [0x00000000eaf00000,0x00000000eaf00000,0x00000000eb280000)
 ParOldGen       total 135168K, used 126050K [0x00000000c0000000, 0x00000000c8400000, 0x00000000eab00000)
  object space 135168K, 93% used [0x00000000c0000000,0x00000000c7b189a0,0x00000000c8400000)
 Metaspace       used 80700K, committed 81664K, reserved 1130496K
  class space    used 7643K, committed 8064K, reserved 1048576K
}
Event: 6340.961 GC heap before
{Heap before GC invocations=13400 (full 288):
 PSYoungGen      total 7680K, used 7097K [0x00000000eab00000, 0x00000000eb600000, 0x0000000100000000)
  eden space 4096K, 100% used [0x00000000eab00000,0x00000000eaf00000,0x00000000eaf00000)
  from space 3584K, 83% used [0x00000000eb280000,0x00000000eb56e480,0x00000000eb600000)
  to   space 3584K, 0% used [0x00000000eaf00000,0x00000000eaf00000,0x00000000eb280000)
 ParOldGen       total 135168K, used 126050K [0x00000000c0000000, 0x00000000c8400000, 0x00000000eab00000)
  object space 135168K, 93% used [0x00000000c0000000,0x00000000c7b189a0,0x00000000c8400000)
 Metaspace       used 80700K, committed 81664K, reserved 1130496K
  class space    used 7643K, committed 8064K, reserved 1048576K
}
Event: 6340.967 GC heap after
{Heap after GC invocations=13400 (full 288):
 PSYoungGen      total 7680K, used 2298K [0x00000000eab00000, 0x00000000eb600000, 0x0000000100000000)
  eden space 4096K, 0% used [0x00000000eab00000,0x00000000eab00000,0x00000000eaf00000)
  from space 3584K, 64% used [0x00000000eaf00000,0x00000000eb13e850,0x00000000eb280000)
  to   space 3072K, 0% used [0x00000000eb300000,0x00000000eb300000,0x00000000eb600000)
 ParOldGen       total 135168K, used 127834K [0x00000000c0000000, 0x00000000c8400000, 0x00000000eab00000)
  object space 135168K, 94% used [0x00000000c0000000,0x00000000c7cd6a40,0x00000000c8400000)
 Metaspace       used 80700K, committed 81664K, reserved 1130496K
  class space    used 7643K, committed 8064K, reserved 1048576K
}
Event: 6341.057 GC heap before
{Heap before GC invocations=13401 (full 288):
 PSYoungGen      total 7680K, used 6394K [0x00000000eab00000, 0x00000000eb600000, 0x0000000100000000)
  eden space 4096K, 100% used [0x00000000eab00000,0x00000000eaf00000,0x00000000eaf00000)
  from space 3584K, 64% used [0x00000000eaf00000,0x00000000eb13e850,0x00000000eb280000)
  to   space 3072K, 0% used [0x00000000eb300000,0x00000000eb300000,0x00000000eb600000)
 ParOldGen       total 135168K, used 127834K [0x00000000c0000000, 0x00000000c8400000, 0x00000000eab00000)
  object space 135168K, 94% used [0x00000000c0000000,0x00000000c7cd6a40,0x00000000c8400000)
 Metaspace       used 80700K, committed 81664K, reserved 1130496K
  class space    used 7643K, committed 8064K, reserved 1048576K
}
Event: 6341.063 GC heap after
{Heap after GC invocations=13401 (full 288):
 PSYoungGen      total 5632K, used 1487K [0x00000000eab00000, 0x00000000eb480000, 0x0000000100000000)
  eden space 4096K, 0% used [0x00000000eab00000,0x00000000eab00000,0x00000000eaf00000)
  from space 1536K, 96% used [0x00000000eb300000,0x00000000eb473c88,0x00000000eb480000)
  to   space 2048K, 0% used [0x00000000eb080000,0x00000000eb080000,0x00000000eb280000)
 ParOldGen       total 135168K, used 130080K [0x00000000c0000000, 0x00000000c8400000, 0x00000000eab00000)
  object space 135168K, 96% used [0x00000000c0000000,0x00000000c7f08140,0x00000000c8400000)
 Metaspace       used 80700K, committed 81664K, reserved 1130496K
  class space    used 7643K, committed 8064K, reserved 1048576K
}
Event: 6341.108 GC heap before
{Heap before GC invocations=13402 (full 288):
 PSYoungGen      total 5632K, used 5583K [0x00000000eab00000, 0x00000000eb480000, 0x0000000100000000)
  eden space 4096K, 100% used [0x00000000eab00000,0x00000000eaf00000,0x00000000eaf00000)
  from space 1536K, 96% used [0x00000000eb300000,0x00000000eb473c88,0x00000000eb480000)
  to   space 2048K, 0% used [0x00000000eb080000,0x00000000eb080000,0x00000000eb280000)
 ParOldGen       total 135168K, used 130080K [0x00000000c0000000, 0x00000000c8400000, 0x00000000eab00000)
  object space 135168K, 96% used [0x00000000c0000000,0x00000000c7f08140,0x00000000c8400000)
 Metaspace       used 80700K, committed 81664K, reserved 1130496K
  class space    used 7643K, committed 8064K, reserved 1048576K
}
Event: 6341.112 GC heap after
{Heap after GC invocations=13402 (full 288):
 PSYoungGen      total 5120K, used 1024K [0x00000000eab00000, 0x00000000eb380000, 0x0000000100000000)
  eden space 4096K, 0% used [0x00000000eab00000,0x00000000eab00000,0x00000000eaf00000)
  from space 1024K, 100% used [0x00000000eb080000,0x00000000eb180000,0x00000000eb180000)
  to   space 1536K, 0% used [0x00000000eb200000,0x00000000eb200000,0x00000000eb380000)
 ParOldGen       total 135168K, used 131495K [0x00000000c0000000, 0x00000000c8400000, 0x00000000eab00000)
  object space 135168K, 97% used [0x00000000c0000000,0x00000000c8069ef0,0x00000000c8400000)
 Metaspace       used 80700K, committed 81664K, reserved 1130496K
  class space    used 7643K, committed 8064K, reserved 1048576K
}
Event: 6341.175 GC heap before
{Heap before GC invocations=13403 (full 288):
 PSYoungGen      total 5120K, used 5120K [0x00000000eab00000, 0x00000000eb380000, 0x0000000100000000)
  eden space 4096K, 100% used [0x00000000eab00000,0x00000000eaf00000,0x00000000eaf00000)
  from space 1024K, 100% used [0x00000000eb080000,0x00000000eb180000,0x00000000eb180000)
  to   space 1536K, 0% used [0x00000000eb200000,0x00000000eb200000,0x00000000eb380000)
 ParOldGen       total 135168K, used 131495K [0x00000000c0000000, 0x00000000c8400000, 0x00000000eab00000)
  object space 135168K, 97% used [0x00000000c0000000,0x00000000c8069ef0,0x00000000c8400000)
 Metaspace       used 80700K, committed 81664K, reserved 1130496K
  class space    used 7643K, committed 8064K, reserved 1048576K
}
Event: 6341.179 GC heap after
{Heap after GC invocations=13403 (full 288):
 PSYoungGen      total 5120K, used 992K [0x00000000eab00000, 0x00000000eb300000, 0x0000000100000000)
  eden space 4096K, 0% used [0x00000000eab00000,0x00000000eab00000,0x00000000eaf00000)
  from space 1024K, 96% used [0x00000000eb200000,0x00000000eb2f8000,0x00000000eb300000)
  to   space 1536K, 0% used [0x00000000eb000000,0x00000000eb000000,0x00000000eb180000)
 ParOldGen       total 135168K, used 132309K [0x00000000c0000000, 0x00000000c8400000, 0x00000000eab00000)
  object space 135168K, 97% used [0x00000000c0000000,0x00000000c8135420,0x00000000c8400000)
 Metaspace       used 80700K, committed 81664K, reserved 1130496K
  class space    used 7643K, committed 8064K, reserved 1048576K
}
Event: 6341.260 GC heap before
{Heap before GC invocations=13404 (full 288):
 PSYoungGen      total 5120K, used 5088K [0x00000000eab00000, 0x00000000eb300000, 0x0000000100000000)
  eden space 4096K, 100% used [0x00000000eab00000,0x00000000eaf00000,0x00000000eaf00000)
  from space 1024K, 96% used [0x00000000eb200000,0x00000000eb2f8000,0x00000000eb300000)
  to   space 1536K, 0% used [0x00000000eb000000,0x00000000eb000000,0x00000000eb180000)
 ParOldGen       total 135168K, used 132309K [0x00000000c0000000, 0x00000000c8400000, 0x00000000eab00000)
  object space 135168K, 97% used [0x00000000c0000000,0x00000000c8135420,0x00000000c8400000)
 Metaspace       used 80700K, committed 81664K, reserved 1130496K
  class space    used 7643K, committed 8064K, reserved 1048576K
}
Event: 6341.264 GC heap after
{Heap after GC invocations=13404 (full 288):
 PSYoungGen      total 5632K, used 1516K [0x00000000eab00000, 0x00000000eb500000, 0x0000000100000000)
  eden space 4096K, 0% used [0x00000000eab00000,0x00000000eab00000,0x00000000eaf00000)
  from space 1536K, 98% used [0x00000000eb000000,0x00000000eb17b378,0x00000000eb180000)
  to   space 3072K, 0% used [0x00000000eb200000,0x00000000eb200000,0x00000000eb500000)
 ParOldGen       total 135168K, used 133148K [0x00000000c0000000, 0x00000000c8400000, 0x00000000eab00000)
  object space 135168K, 98% used [0x00000000c0000000,0x00000000c8207238,0x00000000c8400000)
 Metaspace       used 80700K, committed 81664K, reserved 1130496K
  class space    used 7643K, committed 8064K, reserved 1048576K
}
Event: 6341.292 GC heap before
{Heap before GC invocations=13405 (full 288):
 PSYoungGen      total 5632K, used 5612K [0x00000000eab00000, 0x00000000eb500000, 0x0000000100000000)
  eden space 4096K, 100% used [0x00000000eab00000,0x00000000eaf00000,0x00000000eaf00000)
  from space 1536K, 98% used [0x00000000eb000000,0x00000000eb17b378,0x00000000eb180000)
  to   space 3072K, 0% used [0x00000000eb200000,0x00000000eb200000,0x00000000eb500000)
 ParOldGen       total 135168K, used 133148K [0x00000000c0000000, 0x00000000c8400000, 0x00000000eab00000)
  object space 135168K, 98% used [0x00000000c0000000,0x00000000c8207238,0x00000000c8400000)
 Metaspace       used 80700K, committed 81664K, reserved 1130496K
  class space    used 7643K, committed 8064K, reserved 1048576K
}
Event: 6341.297 GC heap after
{Heap after GC invocations=13405 (full 288):
 PSYoungGen      total 5120K, used 1024K [0x00000000eab00000, 0x00000000eb300000, 0x0000000100000000)
  eden space 4096K, 0% used [0x00000000eab00000,0x00000000eab00000,0x00000000eaf00000)
  from space 1024K, 100% used [0x00000000eb200000,0x00000000eb300000,0x00000000eb300000)
  to   space 1536K, 0% used [0x00000000eb000000,0x00000000eb000000,0x00000000eb180000)
 ParOldGen       total 135168K, used 134689K [0x00000000c0000000, 0x00000000c8400000, 0x00000000eab00000)
  object space 135168K, 99% used [0x00000000c0000000,0x00000000c83885e8,0x00000000c8400000)
 Metaspace       used 80700K, committed 81664K, reserved 1130496K
  class space    used 7643K, committed 8064K, reserved 1048576K
}
Event: 6341.297 GC heap before
{Heap before GC invocations=13406 (full 289):
 PSYoungGen      total 5120K, used 1024K [0x00000000eab00000, 0x00000000eb300000, 0x0000000100000000)
  eden space 4096K, 0% used [0x00000000eab00000,0x00000000eab00000,0x00000000eaf00000)
  from space 1024K, 100% used [0x00000000eb200000,0x00000000eb300000,0x00000000eb300000)
  to   space 1536K, 0% used [0x00000000eb000000,0x00000000eb000000,0x00000000eb180000)
 ParOldGen       total 135168K, used 134689K [0x00000000c0000000, 0x00000000c8400000, 0x00000000eab00000)
  object space 135168K, 99% used [0x00000000c0000000,0x00000000c83885e8,0x00000000c8400000)
 Metaspace       used 80700K, committed 81664K, reserved 1130496K
  class space    used 7643K, committed 8064K, reserved 1048576K
}

