# JRE version: Java(TM) SE Runtime Environment (8.0_202-b08) (build 1.8.0_202-b08)
# Java VM: Java HotSpot(TM) 64-Bit Server VM (25.202-b08 mixed mode windows-amd64 compressed oops)
Heap:
 PSYoungGen      total 137216K, used 91299K [0x0000000780000000, 0x0000000789000000, 0x00000007c0000000)
  eden space 128512K, 71% used [0x0000000780000000,0x0000000785928d50,0x0000000787d80000)
  from space 8704K, 0% used [0x0000000788680000,0x0000000788680000,0x0000000788f00000)
  to   space 9216K, 0% used [0x0000000787d80000,0x0000000787d80000,0x0000000788680000)
 ParOldGen       total 35840K, used 9647K [0x0000000700000000, 0x0000000702300000, 0x0000000780000000)
  object space 35840K, 26% used [0x0000000700000000,0x000000070096bca0,0x0000000702300000)
 Metaspace       used 28641K, capacity 29657K, committed 29824K, reserved 1075200K
  class space    used 4111K, capacity 4363K, committed 4480K, reserved 1048576K
GC Heap History (10 events):
Event: 3.596 GC heap before
{Heap before GC invocations=5 (full 0):
 PSYoungGen      total 35328K, used 35319K [0x0000000780000000, 0x0000000782500000, 0x00000007c0000000)
  eden space 32768K, 100% used [0x0000000780000000,0x0000000782000000,0x0000000782000000)
  from space 2560K, 99% used [0x0000000782280000,0x00000007824fdd20,0x0000000782500000)
  to   space 2560K, 0% used [0x0000000782000000,0x0000000782000000,0x0000000782280000)
 ParOldGen       total 44032K, used 2725K [0x0000000700000000, 0x0000000702b00000, 0x0000000780000000)
  object space 44032K, 6% used [0x0000000700000000,0x00000007002a96d0,0x0000000702b00000)
 Metaspace       used 10055K, capacity 10378K, committed 10496K, reserved 1058816K
  class space    used 1359K, capacity 1483K, committed 1536K, reserved 1048576K
Event: 3.612 GC heap after
Heap after GC invocations=5 (full 0):
 PSYoungGen      total 35328K, used 2532K [0x0000000780000000, 0x0000000784b00000, 0x00000007c0000000)
  eden space 32768K, 0% used [0x0000000780000000,0x0000000780000000,0x0000000782000000)
  from space 2560K, 98% used [0x0000000782000000,0x0000000782279378,0x0000000782280000)
  to   space 5632K, 0% used [0x0000000784580000,0x0000000784580000,0x0000000784b00000)
 ParOldGen       total 44032K, used 5559K [0x0000000700000000, 0x0000000702b00000, 0x0000000780000000)
  object space 44032K, 12% used [0x0000000700000000,0x000000070056df98,0x0000000702b00000)
 Metaspace       used 10055K, capacity 10378K, committed 10496K, reserved 1058816K
  class space    used 1359K, capacity 1483K, committed 1536K, reserved 1048576K
}
Event: 4.801 GC heap before
{Heap before GC invocations=6 (full 0):
 PSYoungGen      total 35328K, used 35300K [0x0000000780000000, 0x0000000784b00000, 0x00000007c0000000)
  eden space 32768K, 100% used [0x0000000780000000,0x0000000782000000,0x0000000782000000)
  from space 2560K, 98% used [0x0000000782000000,0x0000000782279378,0x0000000782280000)
  to   space 5632K, 0% used [0x0000000784580000,0x0000000784580000,0x0000000784b00000)
 ParOldGen       total 44032K, used 5559K [0x0000000700000000, 0x0000000702b00000, 0x0000000780000000)
  object space 44032K, 12% used [0x0000000700000000,0x000000070056df98,0x0000000702b00000)
 Metaspace       used 13967K, capacity 14382K, committed 14464K, reserved 1060864K
  class space    used 1945K, capacity 2099K, committed 2176K, reserved 1048576K
Event: 4.818 GC heap after
Heap after GC invocations=6 (full 0):
 PSYoungGen      total 70144K, used 5625K [0x0000000780000000, 0x0000000784d00000, 0x00000007c0000000)
  eden space 64512K, 0% used [0x0000000780000000,0x0000000780000000,0x0000000783f00000)
  from space 5632K, 99% used [0x0000000784580000,0x0000000784afe428,0x0000000784b00000)
  to   space 6656K, 0% used [0x0000000783f00000,0x0000000783f00000,0x0000000784580000)
 ParOldGen       total 44032K, used 6124K [0x0000000700000000, 0x0000000702b00000, 0x0000000780000000)
  object space 44032K, 13% used [0x0000000700000000,0x00000007005fb1f0,0x0000000702b00000)
 Metaspace       used 13967K, capacity 14382K, committed 14464K, reserved 1060864K
  class space    used 1945K, capacity 2099K, committed 2176K, reserved 1048576K
}
Event: 7.121 GC heap before
{Heap before GC invocations=7 (full 0):
 PSYoungGen      total 70144K, used 70130K [0x0000000780000000, 0x0000000784d00000, 0x00000007c0000000)
  eden space 64512K, 99% used [0x0000000780000000,0x0000000783efe740,0x0000000783f00000)
  from space 5632K, 99% used [0x0000000784580000,0x0000000784afe428,0x0000000784b00000)
  to   space 6656K, 0% used [0x0000000783f00000,0x0000000783f00000,0x0000000784580000)
 ParOldGen       total 44032K, used 6124K [0x0000000700000000, 0x0000000702b00000, 0x0000000780000000)
  object space 44032K, 13% used [0x0000000700000000,0x00000007005fb1f0,0x0000000702b00000)
 Metaspace       used 18362K, capacity 18950K, committed 19200K, reserved 1064960K
  class space    used 2622K, capacity 2799K, committed 2816K, reserved 1048576K
Event: 7.147 GC heap after
Heap after GC invocations=7 (full 0):
 PSYoungGen      total 71168K, used 6628K [0x0000000780000000, 0x0000000788f00000, 0x00000007c0000000)
  eden space 64512K, 0% used [0x0000000780000000,0x0000000780000000,0x0000000783f00000)
  from space 6656K, 99% used [0x0000000783f00000,0x0000000784579190,0x0000000784580000)
  to   space 8704K, 0% used [0x0000000788680000,0x0000000788680000,0x0000000788f00000)
 ParOldGen       total 44032K, used 8604K [0x0000000700000000, 0x0000000702b00000, 0x0000000780000000)
  object space 44032K, 19% used [0x0000000700000000,0x0000000700867318,0x0000000702b00000)
 Metaspace       used 18362K, capacity 18950K, committed 19200K, reserved 1064960K
  class space    used 2622K, capacity 2799K, committed 2816K, reserved 1048576K
}
Event: 8.366 GC heap before
{Heap before GC invocations=8 (full 0):
 PSYoungGen      total 71168K, used 36993K [0x0000000780000000, 0x0000000788f00000, 0x00000007c0000000)
  eden space 64512K, 47% used [0x0000000780000000,0x0000000781da72a8,0x0000000783f00000)
  from space 6656K, 99% used [0x0000000783f00000,0x0000000784579190,0x0000000784580000)
  to   space 8704K, 0% used [0x0000000788680000,0x0000000788680000,0x0000000788f00000)
 ParOldGen       total 44032K, used 8604K [0x0000000700000000, 0x0000000702b00000, 0x0000000780000000)
  object space 44032K, 19% used [0x0000000700000000,0x0000000700867318,0x0000000702b00000)
 Metaspace       used 20620K, capacity 21249K, committed 21296K, reserved 1067008K
  class space    used 2976K, capacity 3153K, committed 3200K, reserved 1048576K
Event: 8.385 GC heap after
Heap after GC invocations=8 (full 0):
 PSYoungGen      total 137216K, used 6746K [0x0000000780000000, 0x0000000789000000, 0x00000007c0000000)
  eden space 128512K, 0% used [0x0000000780000000,0x0000000780000000,0x0000000787d80000)
  from space 8704K, 77% used [0x0000000788680000,0x0000000788d16ae8,0x0000000788f00000)
  to   space 9216K, 0% used [0x0000000787d80000,0x0000000787d80000,0x0000000788680000)
 ParOldGen       total 44032K, used 9128K [0x0000000700000000, 0x0000000702b00000, 0x0000000780000000)
  object space 44032K, 20% used [0x0000000700000000,0x00000007008ea298,0x0000000702b00000)
 Metaspace       used 20620K, capacity 21249K, committed 21296K, reserved 1067008K
  class space    used 2976K, capacity 3153K, committed 3200K, reserved 1048576K
}
Event: 8.385 GC heap before
{Heap before GC invocations=9 (full 1):
 PSYoungGen      total 137216K, used 6746K [0x0000000780000000, 0x0000000789000000, 0x00000007c0000000)
  eden space 128512K, 0% used [0x0000000780000000,0x0000000780000000,0x0000000787d80000)
  from space 8704K, 77% used [0x0000000788680000,0x0000000788d16ae8,0x0000000788f00000)
  to   space 9216K, 0% used [0x0000000787d80000,0x0000000787d80000,0x0000000788680000)
 ParOldGen       total 44032K, used 9128K [0x0000000700000000, 0x0000000702b00000, 0x0000000780000000)
  object space 44032K, 20% used [0x0000000700000000,0x00000007008ea298,0x0000000702b00000)
 Metaspace       used 20620K, capacity 21249K, committed 21296K, reserved 1067008K
  class space    used 2976K, capacity 3153K, committed 3200K, reserved 1048576K
Event: 8.479 GC heap after
Heap after GC invocations=9 (full 1):
 PSYoungGen      total 137216K, used 0K [0x0000000780000000, 0x0000000789000000, 0x00000007c0000000)
  eden space 128512K, 0% used [0x0000000780000000,0x0000000780000000,0x0000000787d80000)
  from space 8704K, 0% used [0x0000000788680000,0x0000000788680000,0x0000000788f00000)
  to   space 9216K, 0% used [0x0000000787d80000,0x0000000787d80000,0x0000000788680000)
 ParOldGen       total 35840K, used 9647K [0x0000000700000000, 0x0000000702300000, 0x0000000780000000)
  object space 35840K, 26% used [0x0000000700000000,0x000000070096bca0,0x0000000702300000)
 Metaspace       used 20620K, capacity 21249K, committed 21296K, reserved 1067008K
  class space    used 2976K, capacity 3153K, committed 3200K, reserved 1048576K
}

