# JRE version: OpenJDK Runtime Environment Temurin-17.0.4.1+1 (17.0.4.1+1) (build 17.0.4.1+1)
# Java VM: OpenJDK 64-Bit Server VM Temurin-17.0.4.1+1 (17.0.4.1+1, mixed mode, tiered, compressed oops, compressed class ptrs, parallel gc, windows-amd64)
GC Precious Log:
 CPUs: 4 total, 4 available
 Memory: 4095M
 Large Page Support: Disabled
 NUMA Support: Disabled
 Compressed Oops: Enabled (32-bit)
 Alignments: Space 512K, Generation 512K, Heap 2M
 Heap Min Capacity: 100M
 Heap Initial Capacity: 100M
 Heap Max Capacity: 1G
 Pre-touch: Disabled
 Parallel Workers: 4
Heap:
 PSYoungGen      total 3072K, used 692K [0x00000000eab00000, 0x00000000eaf80000, 0x0000000100000000)
  eden space 2048K, 26% used [0x00000000eab00000,0x00000000eab853f0,0x00000000ead00000)
  from space 1024K, 15% used [0x00000000ead80000,0x00000000eada8000,0x00000000eae80000)
  to   space 512K, 0% used [0x00000000eaf00000,0x00000000eaf00000,0x00000000eaf80000)
 ParOldGen       total 75776K, used 68991K [0x00000000c0000000, 0x00000000c4a00000, 0x00000000eab00000)
  object space 75776K, 91% used [0x00000000c0000000,0x00000000c435ffc8,0x00000000c4a00000)
 Metaspace       used 65146K, committed 65984K, reserved 1114112K
  class space    used 6636K, committed 6976K, reserved 1048576K
GC Heap History (20 events):
Event: 3160.200 GC heap before
{Heap before GC invocations=107 (full 5):
 PSYoungGen      total 3072K, used 1946K [0x00000000eab00000, 0x00000000eaf80000, 0x0000000100000000)
  eden space 2048K, 88% used [0x00000000eab00000,0x00000000eacc6970,0x00000000ead00000)
  from space 1024K, 12% used [0x00000000ead80000,0x00000000eada0000,0x00000000eae80000)
  to   space 512K, 0% used [0x00000000eaf00000,0x00000000eaf00000,0x00000000eaf80000)
 ParOldGen       total 75776K, used 67590K [0x00000000c0000000, 0x00000000c4a00000, 0x00000000eab00000)
  object space 75776K, 89% used [0x00000000c0000000,0x00000000c4201b90,0x00000000c4a00000)
 Metaspace       used 64760K, committed 65664K, reserved 1114112K
  class space    used 6608K, committed 6976K, reserved 1048576K
}
Event: 3160.201 GC heap after
{Heap after GC invocations=107 (full 5):
 PSYoungGen      total 2560K, used 128K [0x00000000eab00000, 0x00000000eaf80000, 0x0000000100000000)
  eden space 2048K, 0% used [0x00000000eab00000,0x00000000eab00000,0x00000000ead00000)
  from space 512K, 25% used [0x00000000eaf00000,0x00000000eaf20000,0x00000000eaf80000)
  to   space 512K, 0% used [0x00000000eae80000,0x00000000eae80000,0x00000000eaf00000)
 ParOldGen       total 75776K, used 67622K [0x00000000c0000000, 0x00000000c4a00000, 0x00000000eab00000)
  object space 75776K, 89% used [0x00000000c0000000,0x00000000c4209b90,0x00000000c4a00000)
 Metaspace       used 64760K, committed 65664K, reserved 1114112K
  class space    used 6608K, committed 6976K, reserved 1048576K
}
Event: 3160.214 GC heap before
{Heap before GC invocations=108 (full 5):
 PSYoungGen      total 2560K, used 1926K [0x00000000eab00000, 0x00000000eaf80000, 0x0000000100000000)
  eden space 2048K, 87% used [0x00000000eab00000,0x00000000eacc1960,0x00000000ead00000)
  from space 512K, 25% used [0x00000000eaf00000,0x00000000eaf20000,0x00000000eaf80000)
  to   space 512K, 0% used [0x00000000eae80000,0x00000000eae80000,0x00000000eaf00000)
 ParOldGen       total 75776K, used 67622K [0x00000000c0000000, 0x00000000c4a00000, 0x00000000eab00000)
  object space 75776K, 89% used [0x00000000c0000000,0x00000000c4209b90,0x00000000c4a00000)
 Metaspace       used 64760K, committed 65664K, reserved 1114112K
  class space    used 6608K, committed 6976K, reserved 1048576K
}
Event: 3160.216 GC heap after
{Heap after GC invocations=108 (full 5):
 PSYoungGen      total 2560K, used 96K [0x00000000eab00000, 0x00000000eaf80000, 0x0000000100000000)
  eden space 2048K, 0% used [0x00000000eab00000,0x00000000eab00000,0x00000000ead00000)
  from space 512K, 18% used [0x00000000eae80000,0x00000000eae98000,0x00000000eaf00000)
  to   space 512K, 0% used [0x00000000eaf00000,0x00000000eaf00000,0x00000000eaf80000)
 ParOldGen       total 75776K, used 67646K [0x00000000c0000000, 0x00000000c4a00000, 0x00000000eab00000)
  object space 75776K, 89% used [0x00000000c0000000,0x00000000c420fb90,0x00000000c4a00000)
 Metaspace       used 64760K, committed 65664K, reserved 1114112K
  class space    used 6608K, committed 6976K, reserved 1048576K
}
Event: 3160.235 GC heap before
{Heap before GC invocations=109 (full 5):
 PSYoungGen      total 2560K, used 2144K [0x00000000eab00000, 0x00000000eaf80000, 0x0000000100000000)
  eden space 2048K, 100% used [0x00000000eab00000,0x00000000ead00000,0x00000000ead00000)
  from space 512K, 18% used [0x00000000eae80000,0x00000000eae98000,0x00000000eaf00000)
  to   space 512K, 0% used [0x00000000eaf00000,0x00000000eaf00000,0x00000000eaf80000)
 ParOldGen       total 75776K, used 67646K [0x00000000c0000000, 0x00000000c4a00000, 0x00000000eab00000)
  object space 75776K, 89% used [0x00000000c0000000,0x00000000c420fb90,0x00000000c4a00000)
 Metaspace       used 64761K, committed 65664K, reserved 1114112K
  class space    used 6608K, committed 6976K, reserved 1048576K
}
Event: 3160.237 GC heap after
{Heap after GC invocations=109 (full 5):
 PSYoungGen      total 2560K, used 218K [0x00000000eab00000, 0x00000000eaf80000, 0x0000000100000000)
  eden space 2048K, 0% used [0x00000000eab00000,0x00000000eab00000,0x00000000ead00000)
  from space 512K, 42% used [0x00000000eaf00000,0x00000000eaf36900,0x00000000eaf80000)
  to   space 512K, 0% used [0x00000000eae80000,0x00000000eae80000,0x00000000eaf00000)
 ParOldGen       total 75776K, used 67678K [0x00000000c0000000, 0x00000000c4a00000, 0x00000000eab00000)
  object space 75776K, 89% used [0x00000000c0000000,0x00000000c4217b90,0x00000000c4a00000)
 Metaspace       used 64761K, committed 65664K, reserved 1114112K
  class space    used 6608K, committed 6976K, reserved 1048576K
}
Event: 3160.355 GC heap before
{Heap before GC invocations=110 (full 5):
 PSYoungGen      total 2560K, used 2266K [0x00000000eab00000, 0x00000000eaf80000, 0x0000000100000000)
  eden space 2048K, 100% used [0x00000000eab00000,0x00000000ead00000,0x00000000ead00000)
  from space 512K, 42% used [0x00000000eaf00000,0x00000000eaf36900,0x00000000eaf80000)
  to   space 512K, 0% used [0x00000000eae80000,0x00000000eae80000,0x00000000eaf00000)
 ParOldGen       total 75776K, used 67678K [0x00000000c0000000, 0x00000000c4a00000, 0x00000000eab00000)
  object space 75776K, 89% used [0x00000000c0000000,0x00000000c4217b90,0x00000000c4a00000)
 Metaspace       used 64763K, committed 65664K, reserved 1114112K
  class space    used 6608K, committed 6976K, reserved 1048576K
}
Event: 3160.358 GC heap after
{Heap after GC invocations=110 (full 5):
 PSYoungGen      total 2560K, used 314K [0x00000000eab00000, 0x00000000eaf80000, 0x0000000100000000)
  eden space 2048K, 0% used [0x00000000eab00000,0x00000000eab00000,0x00000000ead00000)
  from space 512K, 61% used [0x00000000eae80000,0x00000000eaece900,0x00000000eaf00000)
  to   space 512K, 0% used [0x00000000eaf00000,0x00000000eaf00000,0x00000000eaf80000)
 ParOldGen       total 75776K, used 67702K [0x00000000c0000000, 0x00000000c4a00000, 0x00000000eab00000)
  object space 75776K, 89% used [0x00000000c0000000,0x00000000c421db90,0x00000000c4a00000)
 Metaspace       used 64763K, committed 65664K, reserved 1114112K
  class space    used 6608K, committed 6976K, reserved 1048576K
}
Event: 3160.461 GC heap before
{Heap before GC invocations=111 (full 5):
 PSYoungGen      total 2560K, used 2214K [0x00000000eab00000, 0x00000000eaf80000, 0x0000000100000000)
  eden space 2048K, 92% used [0x00000000eab00000,0x00000000eacdb200,0x00000000ead00000)
  from space 512K, 61% used [0x00000000eae80000,0x00000000eaece900,0x00000000eaf00000)
  to   space 512K, 0% used [0x00000000eaf00000,0x00000000eaf00000,0x00000000eaf80000)
 ParOldGen       total 75776K, used 67702K [0x00000000c0000000, 0x00000000c4a00000, 0x00000000eab00000)
  object space 75776K, 89% used [0x00000000c0000000,0x00000000c421db90,0x00000000c4a00000)
 Metaspace       used 64784K, committed 65664K, reserved 1114112K
  class space    used 6609K, committed 6976K, reserved 1048576K
}
Event: 3160.462 GC heap after
{Heap after GC invocations=111 (full 5):
 PSYoungGen      total 2560K, used 128K [0x00000000eab00000, 0x00000000eaf80000, 0x0000000100000000)
  eden space 2048K, 0% used [0x00000000eab00000,0x00000000eab00000,0x00000000ead00000)
  from space 512K, 25% used [0x00000000eaf00000,0x00000000eaf20000,0x00000000eaf80000)
  to   space 512K, 0% used [0x00000000eae80000,0x00000000eae80000,0x00000000eaf00000)
 ParOldGen       total 75776K, used 67726K [0x00000000c0000000, 0x00000000c4a00000, 0x00000000eab00000)
  object space 75776K, 89% used [0x00000000c0000000,0x00000000c4223b90,0x00000000c4a00000)
 Metaspace       used 64784K, committed 65664K, reserved 1114112K
  class space    used 6609K, committed 6976K, reserved 1048576K
}
Event: 3160.474 GC heap before
{Heap before GC invocations=112 (full 5):
 PSYoungGen      total 2560K, used 2044K [0x00000000eab00000, 0x00000000eaf80000, 0x0000000100000000)
  eden space 2048K, 93% used [0x00000000eab00000,0x00000000eacdf100,0x00000000ead00000)
  from space 512K, 25% used [0x00000000eaf00000,0x00000000eaf20000,0x00000000eaf80000)
  to   space 512K, 0% used [0x00000000eae80000,0x00000000eae80000,0x00000000eaf00000)
 ParOldGen       total 75776K, used 67726K [0x00000000c0000000, 0x00000000c4a00000, 0x00000000eab00000)
  object space 75776K, 89% used [0x00000000c0000000,0x00000000c4223b90,0x00000000c4a00000)
 Metaspace       used 64790K, committed 65664K, reserved 1114112K
  class space    used 6610K, committed 6976K, reserved 1048576K
}
Event: 3160.476 GC heap after
{Heap after GC invocations=112 (full 5):
 PSYoungGen      total 2560K, used 96K [0x00000000eab00000, 0x00000000eaf80000, 0x0000000100000000)
  eden space 2048K, 0% used [0x00000000eab00000,0x00000000eab00000,0x00000000ead00000)
  from space 512K, 18% used [0x00000000eae80000,0x00000000eae98000,0x00000000eaf00000)
  to   space 512K, 0% used [0x00000000eaf00000,0x00000000eaf00000,0x00000000eaf80000)
 ParOldGen       total 75776K, used 67742K [0x00000000c0000000, 0x00000000c4a00000, 0x00000000eab00000)
  object space 75776K, 89% used [0x00000000c0000000,0x00000000c4227b90,0x00000000c4a00000)
 Metaspace       used 64790K, committed 65664K, reserved 1114112K
  class space    used 6610K, committed 6976K, reserved 1048576K
}
Event: 3160.487 GC heap before
{Heap before GC invocations=113 (full 5):
 PSYoungGen      total 2560K, used 2024K [0x00000000eab00000, 0x00000000eaf80000, 0x0000000100000000)
  eden space 2048K, 94% used [0x00000000eab00000,0x00000000eace2380,0x00000000ead00000)
  from space 512K, 18% used [0x00000000eae80000,0x00000000eae98000,0x00000000eaf00000)
  to   space 512K, 0% used [0x00000000eaf00000,0x00000000eaf00000,0x00000000eaf80000)
 ParOldGen       total 75776K, used 67742K [0x00000000c0000000, 0x00000000c4a00000, 0x00000000eab00000)
  object space 75776K, 89% used [0x00000000c0000000,0x00000000c4227b90,0x00000000c4a00000)
 Metaspace       used 64790K, committed 65664K, reserved 1114112K
  class space    used 6610K, committed 6976K, reserved 1048576K
}
Event: 3160.488 GC heap after
{Heap after GC invocations=113 (full 5):
 PSYoungGen      total 2560K, used 128K [0x00000000eab00000, 0x00000000eaf80000, 0x0000000100000000)
  eden space 2048K, 0% used [0x00000000eab00000,0x00000000eab00000,0x00000000ead00000)
  from space 512K, 25% used [0x00000000eaf00000,0x00000000eaf20000,0x00000000eaf80000)
  to   space 512K, 0% used [0x00000000eae80000,0x00000000eae80000,0x00000000eaf00000)
 ParOldGen       total 75776K, used 67782K [0x00000000c0000000, 0x00000000c4a00000, 0x00000000eab00000)
  object space 75776K, 89% used [0x00000000c0000000,0x00000000c4231b90,0x00000000c4a00000)
 Metaspace       used 64790K, committed 65664K, reserved 1114112K
  class space    used 6610K, committed 6976K, reserved 1048576K
}
Event: 3160.519 GC heap before
{Heap before GC invocations=114 (full 5):
 PSYoungGen      total 2560K, used 2176K [0x00000000eab00000, 0x00000000eaf80000, 0x0000000100000000)
  eden space 2048K, 100% used [0x00000000eab00000,0x00000000ead00000,0x00000000ead00000)
  from space 512K, 25% used [0x00000000eaf00000,0x00000000eaf20000,0x00000000eaf80000)
  to   space 512K, 0% used [0x00000000eae80000,0x00000000eae80000,0x00000000eaf00000)
 ParOldGen       total 75776K, used 67782K [0x00000000c0000000, 0x00000000c4a00000, 0x00000000eab00000)
  object space 75776K, 89% used [0x00000000c0000000,0x00000000c4231b90,0x00000000c4a00000)
 Metaspace       used 64790K, committed 65664K, reserved 1114112K
  class space    used 6610K, committed 6976K, reserved 1048576K
}
Event: 3160.521 GC heap after
{Heap after GC invocations=114 (full 5):
 PSYoungGen      total 2560K, used 277K [0x00000000eab00000, 0x00000000eaf80000, 0x0000000100000000)
  eden space 2048K, 0% used [0x00000000eab00000,0x00000000eab00000,0x00000000ead00000)
  from space 512K, 54% used [0x00000000eae80000,0x00000000eaec57f8,0x00000000eaf00000)
  to   space 512K, 0% used [0x00000000eaf00000,0x00000000eaf00000,0x00000000eaf80000)
 ParOldGen       total 75776K, used 68577K [0x00000000c0000000, 0x00000000c4a00000, 0x00000000eab00000)
  object space 75776K, 90% used [0x00000000c0000000,0x00000000c42f84e0,0x00000000c4a00000)
 Metaspace       used 64790K, committed 65664K, reserved 1114112K
  class space    used 6610K, committed 6976K, reserved 1048576K
}
Event: 3160.581 GC heap before
{Heap before GC invocations=115 (full 5):
 PSYoungGen      total 2560K, used 2325K [0x00000000eab00000, 0x00000000eaf80000, 0x0000000100000000)
  eden space 2048K, 100% used [0x00000000eab00000,0x00000000ead00000,0x00000000ead00000)
  from space 512K, 54% used [0x00000000eae80000,0x00000000eaec57f8,0x00000000eaf00000)
  to   space 512K, 0% used [0x00000000eaf00000,0x00000000eaf00000,0x00000000eaf80000)
 ParOldGen       total 75776K, used 68577K [0x00000000c0000000, 0x00000000c4a00000, 0x00000000eab00000)
  object space 75776K, 90% used [0x00000000c0000000,0x00000000c42f84e0,0x00000000c4a00000)
 Metaspace       used 64832K, committed 65664K, reserved 1114112K
  class space    used 6614K, committed 6976K, reserved 1048576K
}
Event: 3160.582 GC heap after
{Heap after GC invocations=115 (full 5):
 PSYoungGen      total 2560K, used 512K [0x00000000eab00000, 0x00000000eaf80000, 0x0000000100000000)
  eden space 2048K, 0% used [0x00000000eab00000,0x00000000eab00000,0x00000000ead00000)
  from space 512K, 100% used [0x00000000eaf00000,0x00000000eaf80000,0x00000000eaf80000)
  to   space 1024K, 0% used [0x00000000ead80000,0x00000000ead80000,0x00000000eae80000)
 ParOldGen       total 75776K, used 68649K [0x00000000c0000000, 0x00000000c4a00000, 0x00000000eab00000)
  object space 75776K, 90% used [0x00000000c0000000,0x00000000c430a4e0,0x00000000c4a00000)
 Metaspace       used 64832K, committed 65664K, reserved 1114112K
  class space    used 6614K, committed 6976K, reserved 1048576K
}
Event: 3160.687 GC heap before
{Heap before GC invocations=116 (full 5):
 PSYoungGen      total 2560K, used 2553K [0x00000000eab00000, 0x00000000eaf80000, 0x0000000100000000)
  eden space 2048K, 99% used [0x00000000eab00000,0x00000000eacfe470,0x00000000ead00000)
  from space 512K, 100% used [0x00000000eaf00000,0x00000000eaf80000,0x00000000eaf80000)
  to   space 1024K, 0% used [0x00000000ead80000,0x00000000ead80000,0x00000000eae80000)
 ParOldGen       total 75776K, used 68649K [0x00000000c0000000, 0x00000000c4a00000, 0x00000000eab00000)
  object space 75776K, 90% used [0x00000000c0000000,0x00000000c430a4e0,0x00000000c4a00000)
 Metaspace       used 65041K, committed 65920K, reserved 1114112K
  class space    used 6624K, committed 6976K, reserved 1048576K
}
Event: 3160.688 GC heap after
{Heap after GC invocations=116 (full 5):
 PSYoungGen      total 3072K, used 160K [0x00000000eab00000, 0x00000000eaf80000, 0x0000000100000000)
  eden space 2048K, 0% used [0x00000000eab00000,0x00000000eab00000,0x00000000ead00000)
  from space 1024K, 15% used [0x00000000ead80000,0x00000000eada8000,0x00000000eae80000)
  to   space 512K, 0% used [0x00000000eaf00000,0x00000000eaf00000,0x00000000eaf80000)
 ParOldGen       total 75776K, used 68991K [0x00000000c0000000, 0x00000000c4a00000, 0x00000000eab00000)
  object space 75776K, 91% used [0x00000000c0000000,0x00000000c435ffc8,0x00000000c4a00000)
 Metaspace       used 65041K, committed 65920K, reserved 1114112K
  class space    used 6624K, committed 6976K, reserved 1048576K
}

