# JRE version: OpenJDK Runtime Environment Temurin-17.0.3+7 (17.0.3+7) (build 17.0.3+7)
# Java VM: OpenJDK 64-Bit Server VM Temurin-17.0.3+7 (17.0.3+7, mixed mode, tiered, compressed oops, compressed class ptrs, parallel gc, windows-amd64)
GC Precious Log:
 CPUs: 4 total, 4 available
 Memory: 4095M
 Large Page Support: Disabled
 NUMA Support: Disabled
 Compressed Oops: Enabled (32-bit)
 Alignments: Space 512K, Generation 512K, Heap 2M
 Heap Min Capacity: 100M
 Heap Initial Capacity: 100M
 Heap Max Capacity: 1G
 Pre-touch: Disabled
 Parallel Workers: 4
Heap:
 PSYoungGen      total 2560K, used 2560K [0x00000000eab00000, 0x00000000eb200000, 0x0000000100000000)
  eden space 2048K, 100% used [0x00000000eab00000,0x00000000ead00000,0x00000000ead00000)
  from space 512K, 100% used [0x00000000eae80000,0x00000000eaf00000,0x00000000eaf00000)
  to   space 1536K, 0% used [0x00000000ead00000,0x00000000ead00000,0x00000000eae80000)
 ParOldGen       total 212992K, used 191808K [0x00000000c0000000, 0x00000000cd000000, 0x00000000eab00000)
  object space 212992K, 90% used [0x00000000c0000000,0x00000000cbb503f0,0x00000000cd000000)
 Metaspace       used 88478K, committed 89536K, reserved 1130496K
  class space    used 9608K, committed 10048K, reserved 1048576K
GC Heap History (20 events):
Event: 3173.888 GC heap before
{Heap before GC invocations=4706 (full 99):
 PSYoungGen      total 3584K, used 3146K [0x00000000eab00000, 0x00000000eb000000, 0x0000000100000000)
  eden space 2560K, 100% used [0x00000000eab00000,0x00000000ead80000,0x00000000ead80000)
  from space 1024K, 57% used [0x00000000eaf00000,0x00000000eaf92910,0x00000000eb000000)
  to   space 1024K, 0% used [0x00000000eae00000,0x00000000eae00000,0x00000000eaf00000)
 ParOldGen       total 212992K, used 187673K [0x00000000c0000000, 0x00000000cd000000, 0x00000000eab00000)
  object space 212992K, 88% used [0x00000000c0000000,0x00000000cb7467c8,0x00000000cd000000)
 Metaspace       used 88477K, committed 89536K, reserved 1130496K
  class space    used 9608K, committed 10048K, reserved 1048576K
}
Event: 3173.892 GC heap after
{Heap after GC invocations=4706 (full 99):
 PSYoungGen      total 3584K, used 596K [0x00000000eab00000, 0x00000000eaf80000, 0x0000000100000000)
  eden space 2560K, 0% used [0x00000000eab00000,0x00000000eab00000,0x00000000ead80000)
  from space 1024K, 58% used [0x00000000eae00000,0x00000000eae95200,0x00000000eaf00000)
  to   space 512K, 0% used [0x00000000eaf00000,0x00000000eaf00000,0x00000000eaf80000)
 ParOldGen       total 212992K, used 188172K [0x00000000c0000000, 0x00000000cd000000, 0x00000000eab00000)
  object space 212992K, 88% used [0x00000000c0000000,0x00000000cb7c3348,0x00000000cd000000)
 Metaspace       used 88477K, committed 89536K, reserved 1130496K
  class space    used 9608K, committed 10048K, reserved 1048576K
}
Event: 3173.901 GC heap before
{Heap before GC invocations=4707 (full 99):
 PSYoungGen      total 3584K, used 3156K [0x00000000eab00000, 0x00000000eaf80000, 0x0000000100000000)
  eden space 2560K, 100% used [0x00000000eab00000,0x00000000ead80000,0x00000000ead80000)
  from space 1024K, 58% used [0x00000000eae00000,0x00000000eae95200,0x00000000eaf00000)
  to   space 512K, 0% used [0x00000000eaf00000,0x00000000eaf00000,0x00000000eaf80000)
 ParOldGen       total 212992K, used 188172K [0x00000000c0000000, 0x00000000cd000000, 0x00000000eab00000)
  object space 212992K, 88% used [0x00000000c0000000,0x00000000cb7c3348,0x00000000cd000000)
 Metaspace       used 88477K, committed 89536K, reserved 1130496K
  class space    used 9608K, committed 10048K, reserved 1048576K
}
Event: 3173.905 GC heap after
{Heap after GC invocations=4707 (full 99):
 PSYoungGen      total 3072K, used 483K [0x00000000eab00000, 0x00000000eaf80000, 0x0000000100000000)
  eden space 2560K, 0% used [0x00000000eab00000,0x00000000eab00000,0x00000000ead80000)
  from space 512K, 94% used [0x00000000eaf00000,0x00000000eaf78d00,0x00000000eaf80000)
  to   space 1024K, 0% used [0x00000000ead80000,0x00000000ead80000,0x00000000eae80000)
 ParOldGen       total 212992K, used 188737K [0x00000000c0000000, 0x00000000cd000000, 0x00000000eab00000)
  object space 212992K, 88% used [0x00000000c0000000,0x00000000cb850638,0x00000000cd000000)
 Metaspace       used 88477K, committed 89536K, reserved 1130496K
  class space    used 9608K, committed 10048K, reserved 1048576K
}
Event: 3173.913 GC heap before
{Heap before GC invocations=4708 (full 99):
 PSYoungGen      total 3072K, used 3043K [0x00000000eab00000, 0x00000000eaf80000, 0x0000000100000000)
  eden space 2560K, 100% used [0x00000000eab00000,0x00000000ead80000,0x00000000ead80000)
  from space 512K, 94% used [0x00000000eaf00000,0x00000000eaf78d00,0x00000000eaf80000)
  to   space 1024K, 0% used [0x00000000ead80000,0x00000000ead80000,0x00000000eae80000)
 ParOldGen       total 212992K, used 188737K [0x00000000c0000000, 0x00000000cd000000, 0x00000000eab00000)
  object space 212992K, 88% used [0x00000000c0000000,0x00000000cb850638,0x00000000cd000000)
 Metaspace       used 88477K, committed 89536K, reserved 1130496K
  class space    used 9608K, committed 10048K, reserved 1048576K
}
Event: 3173.917 GC heap after
{Heap after GC invocations=4708 (full 99):
 PSYoungGen      total 3584K, used 544K [0x00000000eab00000, 0x00000000eaf80000, 0x0000000100000000)
  eden space 2560K, 0% used [0x00000000eab00000,0x00000000eab00000,0x00000000ead80000)
  from space 1024K, 53% used [0x00000000ead80000,0x00000000eae08000,0x00000000eae80000)
  to   space 1024K, 0% used [0x00000000eae80000,0x00000000eae80000,0x00000000eaf80000)
 ParOldGen       total 212992K, used 189098K [0x00000000c0000000, 0x00000000cd000000, 0x00000000eab00000)
  object space 212992K, 88% used [0x00000000c0000000,0x00000000cb8aaa38,0x00000000cd000000)
 Metaspace       used 88477K, committed 89536K, reserved 1130496K
  class space    used 9608K, committed 10048K, reserved 1048576K
}
Event: 3173.923 GC heap before
{Heap before GC invocations=4709 (full 99):
 PSYoungGen      total 3584K, used 3104K [0x00000000eab00000, 0x00000000eaf80000, 0x0000000100000000)
  eden space 2560K, 100% used [0x00000000eab00000,0x00000000ead80000,0x00000000ead80000)
  from space 1024K, 53% used [0x00000000ead80000,0x00000000eae08000,0x00000000eae80000)
  to   space 1024K, 0% used [0x00000000eae80000,0x00000000eae80000,0x00000000eaf80000)
 ParOldGen       total 212992K, used 189098K [0x00000000c0000000, 0x00000000cd000000, 0x00000000eab00000)
  object space 212992K, 88% used [0x00000000c0000000,0x00000000cb8aaa38,0x00000000cd000000)
 Metaspace       used 88477K, committed 89536K, reserved 1130496K
  class space    used 9608K, committed 10048K, reserved 1048576K
}
Event: 3173.927 GC heap after
{Heap after GC invocations=4709 (full 99):
 PSYoungGen      total 3584K, used 498K [0x00000000eab00000, 0x00000000eb000000, 0x0000000100000000)
  eden space 2560K, 0% used [0x00000000eab00000,0x00000000eab00000,0x00000000ead80000)
  from space 1024K, 48% used [0x00000000eae80000,0x00000000eaefc800,0x00000000eaf80000)
  to   space 1024K, 0% used [0x00000000ead80000,0x00000000ead80000,0x00000000eae80000)
 ParOldGen       total 212992K, used 189602K [0x00000000c0000000, 0x00000000cd000000, 0x00000000eab00000)
  object space 212992K, 89% used [0x00000000c0000000,0x00000000cb928a50,0x00000000cd000000)
 Metaspace       used 88477K, committed 89536K, reserved 1130496K
  class space    used 9608K, committed 10048K, reserved 1048576K
}
Event: 3173.933 GC heap before
{Heap before GC invocations=4710 (full 99):
 PSYoungGen      total 3584K, used 3058K [0x00000000eab00000, 0x00000000eb000000, 0x0000000100000000)
  eden space 2560K, 100% used [0x00000000eab00000,0x00000000ead80000,0x00000000ead80000)
  from space 1024K, 48% used [0x00000000eae80000,0x00000000eaefc800,0x00000000eaf80000)
  to   space 1024K, 0% used [0x00000000ead80000,0x00000000ead80000,0x00000000eae80000)
 ParOldGen       total 212992K, used 189602K [0x00000000c0000000, 0x00000000cd000000, 0x00000000eab00000)
  object space 212992K, 89% used [0x00000000c0000000,0x00000000cb928a50,0x00000000cd000000)
 Metaspace       used 88477K, committed 89536K, reserved 1130496K
  class space    used 9608K, committed 10048K, reserved 1048576K
}
Event: 3173.936 GC heap after
{Heap after GC invocations=4710 (full 99):
 PSYoungGen      total 3584K, used 160K [0x00000000eab00000, 0x00000000eaf00000, 0x0000000100000000)
  eden space 2560K, 0% used [0x00000000eab00000,0x00000000eab00000,0x00000000ead80000)
  from space 1024K, 15% used [0x00000000ead80000,0x00000000eada8000,0x00000000eae80000)
  to   space 512K, 0% used [0x00000000eae80000,0x00000000eae80000,0x00000000eaf00000)
 ParOldGen       total 212992K, used 189980K [0x00000000c0000000, 0x00000000cd000000, 0x00000000eab00000)
  object space 212992K, 89% used [0x00000000c0000000,0x00000000cb987250,0x00000000cd000000)
 Metaspace       used 88477K, committed 89536K, reserved 1130496K
  class space    used 9608K, committed 10048K, reserved 1048576K
}
Event: 3173.946 GC heap before
{Heap before GC invocations=4711 (full 99):
 PSYoungGen      total 3584K, used 2720K [0x00000000eab00000, 0x00000000eaf00000, 0x0000000100000000)
  eden space 2560K, 100% used [0x00000000eab00000,0x00000000ead80000,0x00000000ead80000)
  from space 1024K, 15% used [0x00000000ead80000,0x00000000eada8000,0x00000000eae80000)
  to   space 512K, 0% used [0x00000000eae80000,0x00000000eae80000,0x00000000eaf00000)
 ParOldGen       total 212992K, used 189980K [0x00000000c0000000, 0x00000000cd000000, 0x00000000eab00000)
  object space 212992K, 89% used [0x00000000c0000000,0x00000000cb987250,0x00000000cd000000)
 Metaspace       used 88477K, committed 89536K, reserved 1130496K
  class space    used 9608K, committed 10048K, reserved 1048576K
}
Event: 3173.951 GC heap after
{Heap after GC invocations=4711 (full 99):
 PSYoungGen      total 2560K, used 486K [0x00000000eab00000, 0x00000000eb100000, 0x0000000100000000)
  eden space 2048K, 0% used [0x00000000eab00000,0x00000000eab00000,0x00000000ead00000)
  from space 512K, 94% used [0x00000000eae80000,0x00000000eaef98b0,0x00000000eaf00000)
  to   space 1536K, 0% used [0x00000000ead00000,0x00000000ead00000,0x00000000eae80000)
 ParOldGen       total 212992K, used 190628K [0x00000000c0000000, 0x00000000cd000000, 0x00000000eab00000)
  object space 212992K, 89% used [0x00000000c0000000,0x00000000cba29250,0x00000000cd000000)
 Metaspace       used 88477K, committed 89536K, reserved 1130496K
  class space    used 9608K, committed 10048K, reserved 1048576K
}
Event: 3173.956 GC heap before
{Heap before GC invocations=4712 (full 99):
 PSYoungGen      total 2560K, used 2534K [0x00000000eab00000, 0x00000000eb100000, 0x0000000100000000)
  eden space 2048K, 100% used [0x00000000eab00000,0x00000000ead00000,0x00000000ead00000)
  from space 512K, 94% used [0x00000000eae80000,0x00000000eaef98b0,0x00000000eaf00000)
  to   space 1536K, 0% used [0x00000000ead00000,0x00000000ead00000,0x00000000eae80000)
 ParOldGen       total 212992K, used 190628K [0x00000000c0000000, 0x00000000cd000000, 0x00000000eab00000)
  object space 212992K, 89% used [0x00000000c0000000,0x00000000cba29250,0x00000000cd000000)
 Metaspace       used 88477K, committed 89536K, reserved 1130496K
  class space    used 9608K, committed 10048K, reserved 1048576K
}
Event: 3173.959 GC heap after
{Heap after GC invocations=4712 (full 99):
 PSYoungGen      total 3584K, used 325K [0x00000000eab00000, 0x00000000eaf80000, 0x0000000100000000)
  eden space 2048K, 0% used [0x00000000eab00000,0x00000000eab00000,0x00000000ead00000)
  from space 1536K, 21% used [0x00000000ead00000,0x00000000ead516c0,0x00000000eae80000)
  to   space 1024K, 0% used [0x00000000eae80000,0x00000000eae80000,0x00000000eaf80000)
 ParOldGen       total 212992K, used 191130K [0x00000000c0000000, 0x00000000cd000000, 0x00000000eab00000)
  object space 212992K, 89% used [0x00000000c0000000,0x00000000cbaa6b00,0x00000000cd000000)
 Metaspace       used 88477K, committed 89536K, reserved 1130496K
  class space    used 9608K, committed 10048K, reserved 1048576K
}
Event: 3173.965 GC heap before
{Heap before GC invocations=4713 (full 99):
 PSYoungGen      total 3584K, used 2373K [0x00000000eab00000, 0x00000000eaf80000, 0x0000000100000000)
  eden space 2048K, 99% used [0x00000000eab00000,0x00000000eacfffe8,0x00000000ead00000)
  from space 1536K, 21% used [0x00000000ead00000,0x00000000ead516c0,0x00000000eae80000)
  to   space 1024K, 0% used [0x00000000eae80000,0x00000000eae80000,0x00000000eaf80000)
 ParOldGen       total 212992K, used 191130K [0x00000000c0000000, 0x00000000cd000000, 0x00000000eab00000)
  object space 212992K, 89% used [0x00000000c0000000,0x00000000cbaa6b00,0x00000000cd000000)
 Metaspace       used 88477K, committed 89536K, reserved 1130496K
  class space    used 9608K, committed 10048K, reserved 1048576K
}
Event: 3173.968 GC heap after
{Heap after GC invocations=4713 (full 99):
 PSYoungGen      total 3072K, used 128K [0x00000000eab00000, 0x00000000eaf00000, 0x0000000100000000)
  eden space 2560K, 0% used [0x00000000eab00000,0x00000000eab00000,0x00000000ead80000)
  from space 512K, 25% used [0x00000000eae80000,0x00000000eaea0000,0x00000000eaf00000)
  to   space 512K, 0% used [0x00000000eae00000,0x00000000eae00000,0x00000000eae80000)
 ParOldGen       total 212992K, used 191376K [0x00000000c0000000, 0x00000000cd000000, 0x00000000eab00000)
  object space 212992K, 89% used [0x00000000c0000000,0x00000000cbae41c0,0x00000000cd000000)
 Metaspace       used 88477K, committed 89536K, reserved 1130496K
  class space    used 9608K, committed 10048K, reserved 1048576K
}
Event: 3173.980 GC heap before
{Heap before GC invocations=4714 (full 99):
 PSYoungGen      total 3072K, used 2688K [0x00000000eab00000, 0x00000000eaf00000, 0x0000000100000000)
  eden space 2560K, 100% used [0x00000000eab00000,0x00000000ead80000,0x00000000ead80000)
  from space 512K, 25% used [0x00000000eae80000,0x00000000eaea0000,0x00000000eaf00000)
  to   space 512K, 0% used [0x00000000eae00000,0x00000000eae00000,0x00000000eae80000)
 ParOldGen       total 212992K, used 191376K [0x00000000c0000000, 0x00000000cd000000, 0x00000000eab00000)
  object space 212992K, 89% used [0x00000000c0000000,0x00000000cbae41c0,0x00000000cd000000)
 Metaspace       used 88477K, committed 89536K, reserved 1130496K
  class space    used 9608K, committed 10048K, reserved 1048576K
}
Event: 3173.982 GC heap after
{Heap after GC invocations=4714 (full 99):
 PSYoungGen      total 3584K, used 32K [0x00000000eab00000, 0x00000000eaf00000, 0x0000000100000000)
  eden space 3072K, 0% used [0x00000000eab00000,0x00000000eab00000,0x00000000eae00000)
  from space 512K, 6% used [0x00000000eae00000,0x00000000eae08000,0x00000000eae80000)
  to   space 512K, 0% used [0x00000000eae80000,0x00000000eae80000,0x00000000eaf00000)
 ParOldGen       total 212992K, used 191440K [0x00000000c0000000, 0x00000000cd000000, 0x00000000eab00000)
  object space 212992K, 89% used [0x00000000c0000000,0x00000000cbaf41c0,0x00000000cd000000)
 Metaspace       used 88477K, committed 89536K, reserved 1130496K
  class space    used 9608K, committed 10048K, reserved 1048576K
}
Event: 3174.014 GC heap before
{Heap before GC invocations=4715 (full 99):
 PSYoungGen      total 3584K, used 3104K [0x00000000eab00000, 0x00000000eaf00000, 0x0000000100000000)
  eden space 3072K, 100% used [0x00000000eab00000,0x00000000eae00000,0x00000000eae00000)
  from space 512K, 6% used [0x00000000eae00000,0x00000000eae08000,0x00000000eae80000)
  to   space 512K, 0% used [0x00000000eae80000,0x00000000eae80000,0x00000000eaf00000)
 ParOldGen       total 212992K, used 191440K [0x00000000c0000000, 0x00000000cd000000, 0x00000000eab00000)
  object space 212992K, 89% used [0x00000000c0000000,0x00000000cbaf41c0,0x00000000cd000000)
 Metaspace       used 88478K, committed 89536K, reserved 1130496K
  class space    used 9608K, committed 10048K, reserved 1048576K
}
Event: 3174.018 GC heap after
{Heap after GC invocations=4715 (full 99):
 PSYoungGen      total 2560K, used 512K [0x00000000eab00000, 0x00000000eb200000, 0x0000000100000000)
  eden space 2048K, 0% used [0x00000000eab00000,0x00000000eab00000,0x00000000ead00000)
  from space 512K, 100% used [0x00000000eae80000,0x00000000eaf00000,0x00000000eaf00000)
  to   space 1536K, 0% used [0x00000000ead00000,0x00000000ead00000,0x00000000eae80000)
 ParOldGen       total 212992K, used 191808K [0x00000000c0000000, 0x00000000cd000000, 0x00000000eab00000)
  object space 212992K, 90% used [0x00000000c0000000,0x00000000cbb503f0,0x00000000cd000000)
 Metaspace       used 88478K, committed 89536K, reserved 1130496K
  class space    used 9608K, committed 10048K, reserved 1048576K
}

