# JRE version: Java(TM) SE Runtime Environment (8.0_202-b08) (build 1.8.0_202-b08)
# Java VM: Java HotSpot(TM) 64-Bit Server VM (25.202-b08 mixed mode windows-amd64 compressed oops)
Heap:
 PSYoungGen      total 125952K, used 87382K [0x0000000780000000, 0x0000000788f80000, 0x00000007c0000000)
  eden space 113664K, 76% used [0x0000000780000000,0x00000007855558c0,0x0000000786f00000)
  from space 12288K, 0% used [0x0000000787d00000,0x0000000787d00000,0x0000000788900000)
  to   space 14336K, 0% used [0x0000000786f00000,0x0000000786f00000,0x0000000787d00000)
 ParOldGen       total 82944K, used 30150K [0x0000000700000000, 0x0000000705100000, 0x0000000780000000)
  object space 82944K, 36% used [0x0000000700000000,0x0000000701d71a80,0x0000000705100000)
 Metaspace       used 57220K, capacity 61275K, committed 61312K, reserved 1101824K
  class space    used 8103K, capacity 8812K, committed 8832K, reserved 1048576K
GC Heap History (10 events):
Event: 21.415 GC heap before
{Heap before GC invocations=21 (full 2):
 PSYoungGen      total 96256K, used 96241K [0x0000000780000000, 0x0000000786780000, 0x00000007c0000000)
  eden space 88576K, 100% used [0x0000000780000000,0x0000000785680000,0x0000000785680000)
  from space 7680K, 99% used [0x0000000785f00000,0x000000078667c768,0x0000000786680000)
  to   space 8704K, 0% used [0x0000000785680000,0x0000000785680000,0x0000000785f00000)
 ParOldGen       total 54784K, used 18060K [0x0000000700000000, 0x0000000703580000, 0x0000000780000000)
  object space 54784K, 32% used [0x0000000700000000,0x00000007011a3288,0x0000000703580000)
 Metaspace       used 48299K, capacity 50779K, committed 50944K, reserved 1093632K
  class space    used 6814K, capacity 7300K, committed 7424K, reserved 1048576K
Event: 21.439 GC heap after
Heap after GC invocations=21 (full 2):
 PSYoungGen      total 97280K, used 7319K [0x0000000780000000, 0x0000000787800000, 0x00000007c0000000)
  eden space 88576K, 0% used [0x0000000780000000,0x0000000780000000,0x0000000785680000)
  from space 8704K, 84% used [0x0000000785680000,0x0000000785da5d00,0x0000000785f00000)
  to   space 9728K, 0% used [0x0000000786e80000,0x0000000786e80000,0x0000000787800000)
 ParOldGen       total 54784K, used 23905K [0x0000000700000000, 0x0000000703580000, 0x0000000780000000)
  object space 54784K, 43% used [0x0000000700000000,0x00000007017587c8,0x0000000703580000)
 Metaspace       used 48299K, capacity 50779K, committed 50944K, reserved 1093632K
  class space    used 6814K, capacity 7300K, committed 7424K, reserved 1048576K
}
Event: 27.168 GC heap before
{Heap before GC invocations=22 (full 2):
 PSYoungGen      total 97280K, used 94706K [0x0000000780000000, 0x0000000787800000, 0x00000007c0000000)
  eden space 88576K, 98% used [0x0000000780000000,0x0000000785556db8,0x0000000785680000)
  from space 8704K, 84% used [0x0000000785680000,0x0000000785da5d00,0x0000000785f00000)
  to   space 9728K, 0% used [0x0000000786e80000,0x0000000786e80000,0x0000000787800000)
 ParOldGen       total 54784K, used 23905K [0x0000000700000000, 0x0000000703580000, 0x0000000780000000)
  object space 54784K, 43% used [0x0000000700000000,0x00000007017587c8,0x0000000703580000)
 Metaspace       used 50932K, capacity 53591K, committed 53888K, reserved 1095680K
  class space    used 7190K, capacity 7692K, committed 7808K, reserved 1048576K
Event: 27.184 GC heap after
Heap after GC invocations=22 (full 2):
 PSYoungGen      total 111616K, used 9675K [0x0000000780000000, 0x0000000787980000, 0x00000007c0000000)
  eden space 101888K, 0% used [0x0000000780000000,0x0000000780000000,0x0000000786380000)
  from space 9728K, 99% used [0x0000000786e80000,0x00000007877f2ea8,0x0000000787800000)
  to   space 11264K, 0% used [0x0000000786380000,0x0000000786380000,0x0000000786e80000)
 ParOldGen       total 54784K, used 23913K [0x0000000700000000, 0x0000000703580000, 0x0000000780000000)
  object space 54784K, 43% used [0x0000000700000000,0x000000070175a7c8,0x0000000703580000)
 Metaspace       used 50932K, capacity 53591K, committed 53888K, reserved 1095680K
  class space    used 7190K, capacity 7692K, committed 7808K, reserved 1048576K
}
Event: 34.295 GC heap before
{Heap before GC invocations=23 (full 2):
 PSYoungGen      total 111616K, used 109713K [0x0000000780000000, 0x0000000787980000, 0x00000007c0000000)
  eden space 101888K, 98% used [0x0000000780000000,0x00000007861b18e8,0x0000000786380000)
  from space 9728K, 99% used [0x0000000786e80000,0x00000007877f2ea8,0x0000000787800000)
  to   space 11264K, 0% used [0x0000000786380000,0x0000000786380000,0x0000000786e80000)
 ParOldGen       total 54784K, used 23913K [0x0000000700000000, 0x0000000703580000, 0x0000000780000000)
  object space 54784K, 43% used [0x0000000700000000,0x000000070175a7c8,0x0000000703580000)
 Metaspace       used 53283K, capacity 56421K, committed 56576K, reserved 1097728K
  class space    used 7488K, capacity 8087K, committed 8192K, reserved 1048576K
Event: 34.315 GC heap after
Heap after GC invocations=23 (full 2):
 PSYoungGen      total 113152K, used 10630K [0x0000000780000000, 0x0000000788900000, 0x00000007c0000000)
  eden space 101888K, 0% used [0x0000000780000000,0x0000000780000000,0x0000000786380000)
  from space 11264K, 94% used [0x0000000786380000,0x0000000786de1b10,0x0000000786e80000)
  to   space 12288K, 0% used [0x0000000787d00000,0x0000000787d00000,0x0000000788900000)
 ParOldGen       total 54784K, used 23985K [0x0000000700000000, 0x0000000703580000, 0x0000000780000000)
  object space 54784K, 43% used [0x0000000700000000,0x000000070176c7d8,0x0000000703580000)
 Metaspace       used 53283K, capacity 56421K, committed 56576K, reserved 1097728K
  class space    used 7488K, capacity 8087K, committed 8192K, reserved 1048576K
}
Event: 36.324 GC heap before
{Heap before GC invocations=24 (full 2):
 PSYoungGen      total 113152K, used 76640K [0x0000000780000000, 0x0000000788900000, 0x00000007c0000000)
  eden space 101888K, 64% used [0x0000000780000000,0x00000007840767d0,0x0000000786380000)
  from space 11264K, 94% used [0x0000000786380000,0x0000000786de1b10,0x0000000786e80000)
  to   space 12288K, 0% used [0x0000000787d00000,0x0000000787d00000,0x0000000788900000)
 ParOldGen       total 54784K, used 23985K [0x0000000700000000, 0x0000000703580000, 0x0000000780000000)
  object space 54784K, 43% used [0x0000000700000000,0x000000070176c7d8,0x0000000703580000)
 Metaspace       used 55471K, capacity 59001K, committed 59096K, reserved 1099776K
  class space    used 7792K, capacity 8415K, committed 8448K, reserved 1048576K
Event: 36.351 GC heap after
Heap after GC invocations=24 (full 2):
 PSYoungGen      total 125952K, used 11937K [0x0000000780000000, 0x0000000788f80000, 0x00000007c0000000)
  eden space 113664K, 0% used [0x0000000780000000,0x0000000780000000,0x0000000786f00000)
  from space 12288K, 97% used [0x0000000787d00000,0x00000007888a8538,0x0000000788900000)
  to   space 14336K, 0% used [0x0000000786f00000,0x0000000786f00000,0x0000000787d00000)
 ParOldGen       total 54784K, used 23993K [0x0000000700000000, 0x0000000703580000, 0x0000000780000000)
  object space 54784K, 43% used [0x0000000700000000,0x000000070176e7d8,0x0000000703580000)
 Metaspace       used 55471K, capacity 59001K, committed 59096K, reserved 1099776K
  class space    used 7792K, capacity 8415K, committed 8448K, reserved 1048576K
}
Event: 36.351 GC heap before
{Heap before GC invocations=25 (full 3):
 PSYoungGen      total 125952K, used 11937K [0x0000000780000000, 0x0000000788f80000, 0x00000007c0000000)
  eden space 113664K, 0% used [0x0000000780000000,0x0000000780000000,0x0000000786f00000)
  from space 12288K, 97% used [0x0000000787d00000,0x00000007888a8538,0x0000000788900000)
  to   space 14336K, 0% used [0x0000000786f00000,0x0000000786f00000,0x0000000787d00000)
 ParOldGen       total 54784K, used 23993K [0x0000000700000000, 0x0000000703580000, 0x0000000780000000)
  object space 54784K, 43% used [0x0000000700000000,0x000000070176e7d8,0x0000000703580000)
 Metaspace       used 55471K, capacity 59001K, committed 59096K, reserved 1099776K
  class space    used 7792K, capacity 8415K, committed 8448K, reserved 1048576K
Event: 36.672 GC heap after
Heap after GC invocations=25 (full 3):
 PSYoungGen      total 125952K, used 0K [0x0000000780000000, 0x0000000788f80000, 0x00000007c0000000)
  eden space 113664K, 0% used [0x0000000780000000,0x0000000780000000,0x0000000786f00000)
  from space 12288K, 0% used [0x0000000787d00000,0x0000000787d00000,0x0000000788900000)
  to   space 14336K, 0% used [0x0000000786f00000,0x0000000786f00000,0x0000000787d00000)
 ParOldGen       total 82944K, used 30150K [0x0000000700000000, 0x0000000705100000, 0x0000000780000000)
  object space 82944K, 36% used [0x0000000700000000,0x0000000701d71a80,0x0000000705100000)
 Metaspace       used 55441K, capacity 58899K, committed 59096K, reserved 1099776K
  class space    used 7782K, capacity 8398K, committed 8448K, reserved 1048576K
}

