# JRE version: OpenJDK Runtime Environment Temurin-17.0.3+7 (17.0.3+7) (build 17.0.3+7)
# Java VM: OpenJDK 64-Bit Server VM Temurin-17.0.3+7 (17.0.3+7, mixed mode, tiered, compressed oops, compressed class ptrs, parallel gc, windows-amd64)
GC Precious Log:
 CPUs: 4 total, 4 available
 Memory: 4095M
 Large Page Support: Disabled
 NUMA Support: Disabled
 Compressed Oops: Enabled (32-bit)
 Alignments: Space 512K, Generation 512K, Heap 2M
 Heap Min Capacity: 100M
 Heap Initial Capacity: 100M
 Heap Max Capacity: 1G
 Pre-touch: Disabled
 Parallel Workers: 4
Heap:
 PSYoungGen      total 20480K, used 2257K [0x00000000eab00000, 0x00000000ec380000, 0x0000000100000000)
  eden space 17920K, 0% used [0x00000000eab00000,0x00000000eab00000,0x00000000ebc80000)
  from space 2560K, 88% used [0x00000000ebc80000,0x00000000ebeb4558,0x00000000ebf00000)
  to   space 2560K, 0% used [0x00000000ec100000,0x00000000ec100000,0x00000000ec380000)
 ParOldGen       total 236544K, used 234545K [0x00000000c0000000, 0x00000000ce700000, 0x00000000eab00000)
  object space 236544K, 99% used [0x00000000c0000000,0x00000000ce50c490,0x00000000ce700000)
 Metaspace       used 77836K, committed 78848K, reserved 1122304K
  class space    used 7515K, committed 7936K, reserved 1048576K
GC Heap History (20 events):
Event: 1377.575 GC heap after
{Heap after GC invocations=5355 (full 114):
 PSYoungGen      total 21504K, used 3759K [0x00000000eab00000, 0x00000000ec480000, 0x0000000100000000)
  eden space 17408K, 0% used [0x00000000eab00000,0x00000000eab00000,0x00000000ebc00000)
  from space 4096K, 91% used [0x00000000ec080000,0x00000000ec42bcc8,0x00000000ec480000)
  to   space 4096K, 0% used [0x00000000ebc80000,0x00000000ebc80000,0x00000000ec080000)
 ParOldGen       total 236544K, used 221127K [0x00000000c0000000, 0x00000000ce700000, 0x00000000eab00000)
  object space 236544K, 93% used [0x00000000c0000000,0x00000000cd7f1fc0,0x00000000ce700000)
 Metaspace       used 77836K, committed 78848K, reserved 1122304K
  class space    used 7515K, committed 7936K, reserved 1048576K
}
Event: 1377.667 GC heap before
{Heap before GC invocations=5356 (full 114):
 PSYoungGen      total 21504K, used 20951K [0x00000000eab00000, 0x00000000ec480000, 0x0000000100000000)
  eden space 17408K, 98% used [0x00000000eab00000,0x00000000ebbca218,0x00000000ebc00000)
  from space 4096K, 91% used [0x00000000ec080000,0x00000000ec42bcc8,0x00000000ec480000)
  to   space 4096K, 0% used [0x00000000ebc80000,0x00000000ebc80000,0x00000000ec080000)
 ParOldGen       total 236544K, used 221127K [0x00000000c0000000, 0x00000000ce700000, 0x00000000eab00000)
  object space 236544K, 93% used [0x00000000c0000000,0x00000000cd7f1fc0,0x00000000ce700000)
 Metaspace       used 77836K, committed 78848K, reserved 1122304K
  class space    used 7515K, committed 7936K, reserved 1048576K
}
Event: 1377.675 GC heap after
{Heap after GC invocations=5356 (full 114):
 PSYoungGen      total 19968K, used 2336K [0x00000000eab00000, 0x00000000ec200000, 0x0000000100000000)
  eden space 17408K, 0% used [0x00000000eab00000,0x00000000eab00000,0x00000000ebc00000)
  from space 2560K, 91% used [0x00000000ebc80000,0x00000000ebec8000,0x00000000ebf00000)
  to   space 3072K, 0% used [0x00000000ebf00000,0x00000000ebf00000,0x00000000ec200000)
 ParOldGen       total 236544K, used 221488K [0x00000000c0000000, 0x00000000ce700000, 0x00000000eab00000)
  object space 236544K, 93% used [0x00000000c0000000,0x00000000cd84c270,0x00000000ce700000)
 Metaspace       used 77836K, committed 78848K, reserved 1122304K
  class space    used 7515K, committed 7936K, reserved 1048576K
}
Event: 1377.747 GC heap before
{Heap before GC invocations=5357 (full 114):
 PSYoungGen      total 19968K, used 19744K [0x00000000eab00000, 0x00000000ec200000, 0x0000000100000000)
  eden space 17408K, 100% used [0x00000000eab00000,0x00000000ebc00000,0x00000000ebc00000)
  from space 2560K, 91% used [0x00000000ebc80000,0x00000000ebec8000,0x00000000ebf00000)
  to   space 3072K, 0% used [0x00000000ebf00000,0x00000000ebf00000,0x00000000ec200000)
 ParOldGen       total 236544K, used 221488K [0x00000000c0000000, 0x00000000ce700000, 0x00000000eab00000)
  object space 236544K, 93% used [0x00000000c0000000,0x00000000cd84c270,0x00000000ce700000)
 Metaspace       used 77836K, committed 78848K, reserved 1122304K
  class space    used 7515K, committed 7936K, reserved 1048576K
}
Event: 1377.755 GC heap after
{Heap after GC invocations=5357 (full 114):
 PSYoungGen      total 18944K, used 3057K [0x00000000eab00000, 0x00000000ec500000, 0x0000000100000000)
  eden space 15872K, 0% used [0x00000000eab00000,0x00000000eab00000,0x00000000eba80000)
  from space 3072K, 99% used [0x00000000ebf00000,0x00000000ec1fc558,0x00000000ec200000)
  to   space 4608K, 0% used [0x00000000eba80000,0x00000000eba80000,0x00000000ebf00000)
 ParOldGen       total 236544K, used 222344K [0x00000000c0000000, 0x00000000ce700000, 0x00000000eab00000)
  object space 236544K, 93% used [0x00000000c0000000,0x00000000cd922020,0x00000000ce700000)
 Metaspace       used 77836K, committed 78848K, reserved 1122304K
  class space    used 7515K, committed 7936K, reserved 1048576K
}
Event: 1377.820 GC heap before
{Heap before GC invocations=5358 (full 114):
 PSYoungGen      total 18944K, used 18688K [0x00000000eab00000, 0x00000000ec500000, 0x0000000100000000)
  eden space 15872K, 98% used [0x00000000eab00000,0x00000000eba43ae0,0x00000000eba80000)
  from space 3072K, 99% used [0x00000000ebf00000,0x00000000ec1fc558,0x00000000ec200000)
  to   space 4608K, 0% used [0x00000000eba80000,0x00000000eba80000,0x00000000ebf00000)
 ParOldGen       total 236544K, used 222344K [0x00000000c0000000, 0x00000000ce700000, 0x00000000eab00000)
  object space 236544K, 93% used [0x00000000c0000000,0x00000000cd922020,0x00000000ce700000)
 Metaspace       used 77836K, committed 78848K, reserved 1122304K
  class space    used 7515K, committed 7936K, reserved 1048576K
}
Event: 1377.827 GC heap after
{Heap after GC invocations=5358 (full 114):
 PSYoungGen      total 18432K, used 2193K [0x00000000eab00000, 0x00000000ec080000, 0x0000000100000000)
  eden space 15872K, 0% used [0x00000000eab00000,0x00000000eab00000,0x00000000eba80000)
  from space 2560K, 85% used [0x00000000eba80000,0x00000000ebca4558,0x00000000ebd00000)
  to   space 3072K, 0% used [0x00000000ebd80000,0x00000000ebd80000,0x00000000ec080000)
 ParOldGen       total 236544K, used 223372K [0x00000000c0000000, 0x00000000ce700000, 0x00000000eab00000)
  object space 236544K, 94% used [0x00000000c0000000,0x00000000cda23308,0x00000000ce700000)
 Metaspace       used 77836K, committed 78848K, reserved 1122304K
  class space    used 7515K, committed 7936K, reserved 1048576K
}
Event: 1377.920 GC heap before
{Heap before GC invocations=5359 (full 114):
 PSYoungGen      total 18432K, used 18065K [0x00000000eab00000, 0x00000000ec080000, 0x0000000100000000)
  eden space 15872K, 100% used [0x00000000eab00000,0x00000000eba80000,0x00000000eba80000)
  from space 2560K, 85% used [0x00000000eba80000,0x00000000ebca4558,0x00000000ebd00000)
  to   space 3072K, 0% used [0x00000000ebd80000,0x00000000ebd80000,0x00000000ec080000)
 ParOldGen       total 236544K, used 223372K [0x00000000c0000000, 0x00000000ce700000, 0x00000000eab00000)
  object space 236544K, 94% used [0x00000000c0000000,0x00000000cda23308,0x00000000ce700000)
 Metaspace       used 77836K, committed 78848K, reserved 1122304K
  class space    used 7515K, committed 7936K, reserved 1048576K
}
Event: 1377.927 GC heap after
{Heap after GC invocations=5359 (full 114):
 PSYoungGen      total 18432K, used 2289K [0x00000000eab00000, 0x00000000ec000000, 0x0000000100000000)
  eden space 15872K, 0% used [0x00000000eab00000,0x00000000eab00000,0x00000000eba80000)
  from space 2560K, 89% used [0x00000000ebd80000,0x00000000ebfbc558,0x00000000ec000000)
  to   space 2560K, 0% used [0x00000000eba80000,0x00000000eba80000,0x00000000ebd00000)
 ParOldGen       total 236544K, used 224594K [0x00000000c0000000, 0x00000000ce700000, 0x00000000eab00000)
  object space 236544K, 94% used [0x00000000c0000000,0x00000000cdb54a50,0x00000000ce700000)
 Metaspace       used 77836K, committed 78848K, reserved 1122304K
  class space    used 7515K, committed 7936K, reserved 1048576K
}
Event: 1377.961 GC heap before
{Heap before GC invocations=5360 (full 114):
 PSYoungGen      total 18432K, used 17266K [0x00000000eab00000, 0x00000000ec000000, 0x0000000100000000)
  eden space 15872K, 94% used [0x00000000eab00000,0x00000000eb9a04a8,0x00000000eba80000)
  from space 2560K, 89% used [0x00000000ebd80000,0x00000000ebfbc558,0x00000000ec000000)
  to   space 2560K, 0% used [0x00000000eba80000,0x00000000eba80000,0x00000000ebd00000)
 ParOldGen       total 236544K, used 224594K [0x00000000c0000000, 0x00000000ce700000, 0x00000000eab00000)
  object space 236544K, 94% used [0x00000000c0000000,0x00000000cdb54a50,0x00000000ce700000)
 Metaspace       used 77836K, committed 78848K, reserved 1122304K
  class space    used 7515K, committed 7936K, reserved 1048576K
}
Event: 1377.966 GC heap after
{Heap after GC invocations=5360 (full 114):
 PSYoungGen      total 18432K, used 2205K [0x00000000eab00000, 0x00000000ebf80000, 0x0000000100000000)
  eden space 15872K, 0% used [0x00000000eab00000,0x00000000eab00000,0x00000000eba80000)
  from space 2560K, 86% used [0x00000000eba80000,0x00000000ebca7748,0x00000000ebd00000)
  to   space 2560K, 0% used [0x00000000ebd00000,0x00000000ebd00000,0x00000000ebf80000)
 ParOldGen       total 236544K, used 224594K [0x00000000c0000000, 0x00000000ce700000, 0x00000000eab00000)
  object space 236544K, 94% used [0x00000000c0000000,0x00000000cdb54a50,0x00000000ce700000)
 Metaspace       used 77836K, committed 78848K, reserved 1122304K
  class space    used 7515K, committed 7936K, reserved 1048576K
}
Event: 1378.047 GC heap before
{Heap before GC invocations=5361 (full 114):
 PSYoungGen      total 18432K, used 18077K [0x00000000eab00000, 0x00000000ebf80000, 0x0000000100000000)
  eden space 15872K, 100% used [0x00000000eab00000,0x00000000eba80000,0x00000000eba80000)
  from space 2560K, 86% used [0x00000000eba80000,0x00000000ebca7748,0x00000000ebd00000)
  to   space 2560K, 0% used [0x00000000ebd00000,0x00000000ebd00000,0x00000000ebf80000)
 ParOldGen       total 236544K, used 224594K [0x00000000c0000000, 0x00000000ce700000, 0x00000000eab00000)
  object space 236544K, 94% used [0x00000000c0000000,0x00000000cdb54a50,0x00000000ce700000)
 Metaspace       used 77836K, committed 78848K, reserved 1122304K
  class space    used 7515K, committed 7936K, reserved 1048576K
}
Event: 1378.055 GC heap after
{Heap after GC invocations=5361 (full 114):
 PSYoungGen      total 18432K, used 2321K [0x00000000eab00000, 0x00000000ebf80000, 0x0000000100000000)
  eden space 15872K, 0% used [0x00000000eab00000,0x00000000eab00000,0x00000000eba80000)
  from space 2560K, 90% used [0x00000000ebd00000,0x00000000ebf44558,0x00000000ebf80000)
  to   space 2560K, 0% used [0x00000000eba80000,0x00000000eba80000,0x00000000ebd00000)
 ParOldGen       total 236544K, used 228308K [0x00000000c0000000, 0x00000000ce700000, 0x00000000eab00000)
  object space 236544K, 96% used [0x00000000c0000000,0x00000000cdef5028,0x00000000ce700000)
 Metaspace       used 77836K, committed 78848K, reserved 1122304K
  class space    used 7515K, committed 7936K, reserved 1048576K
}
Event: 1378.097 GC heap before
{Heap before GC invocations=5362 (full 114):
 PSYoungGen      total 18432K, used 17855K [0x00000000eab00000, 0x00000000ebf80000, 0x0000000100000000)
  eden space 15872K, 97% used [0x00000000eab00000,0x00000000eba2ba30,0x00000000eba80000)
  from space 2560K, 90% used [0x00000000ebd00000,0x00000000ebf44558,0x00000000ebf80000)
  to   space 2560K, 0% used [0x00000000eba80000,0x00000000eba80000,0x00000000ebd00000)
 ParOldGen       total 236544K, used 228308K [0x00000000c0000000, 0x00000000ce700000, 0x00000000eab00000)
  object space 236544K, 96% used [0x00000000c0000000,0x00000000cdef5028,0x00000000ce700000)
 Metaspace       used 77836K, committed 78848K, reserved 1122304K
  class space    used 7515K, committed 7936K, reserved 1048576K
}
Event: 1378.103 GC heap after
{Heap after GC invocations=5362 (full 114):
 PSYoungGen      total 18432K, used 2205K [0x00000000eab00000, 0x00000000ec180000, 0x0000000100000000)
  eden space 15872K, 0% used [0x00000000eab00000,0x00000000eab00000,0x00000000eba80000)
  from space 2560K, 86% used [0x00000000eba80000,0x00000000ebca7748,0x00000000ebd00000)
  to   space 2560K, 0% used [0x00000000ebf00000,0x00000000ebf00000,0x00000000ec180000)
 ParOldGen       total 236544K, used 229489K [0x00000000c0000000, 0x00000000ce700000, 0x00000000eab00000)
  object space 236544K, 97% used [0x00000000c0000000,0x00000000ce01c770,0x00000000ce700000)
 Metaspace       used 77836K, committed 78848K, reserved 1122304K
  class space    used 7515K, committed 7936K, reserved 1048576K
}
Event: 1378.151 GC heap before
{Heap before GC invocations=5363 (full 114):
 PSYoungGen      total 18432K, used 17922K [0x00000000eab00000, 0x00000000ec180000, 0x0000000100000000)
  eden space 15872K, 99% used [0x00000000eab00000,0x00000000eba59218,0x00000000eba80000)
  from space 2560K, 86% used [0x00000000eba80000,0x00000000ebca7748,0x00000000ebd00000)
  to   space 2560K, 0% used [0x00000000ebf00000,0x00000000ebf00000,0x00000000ec180000)
 ParOldGen       total 236544K, used 229489K [0x00000000c0000000, 0x00000000ce700000, 0x00000000eab00000)
  object space 236544K, 97% used [0x00000000c0000000,0x00000000ce01c770,0x00000000ce700000)
 Metaspace       used 77836K, committed 78848K, reserved 1122304K
  class space    used 7515K, committed 7936K, reserved 1048576K
}
Event: 1378.158 GC heap after
{Heap after GC invocations=5363 (full 114):
 PSYoungGen      total 20480K, used 2141K [0x00000000eab00000, 0x00000000ec180000, 0x0000000100000000)
  eden space 17920K, 0% used [0x00000000eab00000,0x00000000eab00000,0x00000000ebc80000)
  from space 2560K, 83% used [0x00000000ebf00000,0x00000000ec117748,0x00000000ec180000)
  to   space 2560K, 0% used [0x00000000ebc80000,0x00000000ebc80000,0x00000000ebf00000)
 ParOldGen       total 236544K, used 230799K [0x00000000c0000000, 0x00000000ce700000, 0x00000000eab00000)
  object space 236544K, 97% used [0x00000000c0000000,0x00000000ce163eb8,0x00000000ce700000)
 Metaspace       used 77836K, committed 78848K, reserved 1122304K
  class space    used 7515K, committed 7936K, reserved 1048576K
}
Event: 1378.216 GC heap before
{Heap before GC invocations=5364 (full 114):
 PSYoungGen      total 20480K, used 20026K [0x00000000eab00000, 0x00000000ec180000, 0x0000000100000000)
  eden space 17920K, 99% used [0x00000000eab00000,0x00000000ebc77400,0x00000000ebc80000)
  from space 2560K, 83% used [0x00000000ebf00000,0x00000000ec117748,0x00000000ec180000)
  to   space 2560K, 0% used [0x00000000ebc80000,0x00000000ebc80000,0x00000000ebf00000)
 ParOldGen       total 236544K, used 230799K [0x00000000c0000000, 0x00000000ce700000, 0x00000000eab00000)
  object space 236544K, 97% used [0x00000000c0000000,0x00000000ce163eb8,0x00000000ce700000)
 Metaspace       used 77836K, committed 78848K, reserved 1122304K
  class space    used 7515K, committed 7936K, reserved 1048576K
}
Event: 1378.224 GC heap after
{Heap after GC invocations=5364 (full 114):
 PSYoungGen      total 20480K, used 2257K [0x00000000eab00000, 0x00000000ec380000, 0x0000000100000000)
  eden space 17920K, 0% used [0x00000000eab00000,0x00000000eab00000,0x00000000ebc80000)
  from space 2560K, 88% used [0x00000000ebc80000,0x00000000ebeb4558,0x00000000ebf00000)
  to   space 2560K, 0% used [0x00000000ec100000,0x00000000ec100000,0x00000000ec380000)
 ParOldGen       total 236544K, used 234545K [0x00000000c0000000, 0x00000000ce700000, 0x00000000eab00000)
  object space 236544K, 99% used [0x00000000c0000000,0x00000000ce50c490,0x00000000ce700000)
 Metaspace       used 77836K, committed 78848K, reserved 1122304K
  class space    used 7515K, committed 7936K, reserved 1048576K
}
Event: 1378.224 GC heap before
{Heap before GC invocations=5365 (full 115):
 PSYoungGen      total 20480K, used 2257K [0x00000000eab00000, 0x00000000ec380000, 0x0000000100000000)
  eden space 17920K, 0% used [0x00000000eab00000,0x00000000eab00000,0x00000000ebc80000)
  from space 2560K, 88% used [0x00000000ebc80000,0x00000000ebeb4558,0x00000000ebf00000)
  to   space 2560K, 0% used [0x00000000ec100000,0x00000000ec100000,0x00000000ec380000)
 ParOldGen       total 236544K, used 234545K [0x00000000c0000000, 0x00000000ce700000, 0x00000000eab00000)
  object space 236544K, 99% used [0x00000000c0000000,0x00000000ce50c490,0x00000000ce700000)
 Metaspace       used 77836K, committed 78848K, reserved 1122304K
  class space    used 7515K, committed 7936K, reserved 1048576K
}

