# JRE version: OpenJDK Runtime Environment Temurin-17.0.4.1+1 (17.0.4.1+1) (build 17.0.4.1+1)
# Java VM: OpenJDK 64-Bit Server VM Temurin-17.0.4.1+1 (17.0.4.1+1, mixed mode, tiered, compressed oops, compressed class ptrs, parallel gc, windows-amd64)
GC Precious Log:
 CPUs: 4 total, 4 available
 Memory: 4095M
 Large Page Support: Disabled
 NUMA Support: Disabled
 Compressed Oops: Enabled (32-bit)
 Alignments: Space 512K, Generation 512K, Heap 2M
 Heap Min Capacity: 100M
 Heap Initial Capacity: 100M
 Heap Max Capacity: 1G
 Pre-touch: Disabled
 Parallel Workers: 4
Heap:
 PSYoungGen      total 1536K, used 1142K [0x00000000eab00000, 0x00000000eaf80000, 0x0000000100000000)
  eden space 1024K, 99% used [0x00000000eab00000,0x00000000eabfd800,0x00000000eac00000)
  from space 512K, 25% used [0x00000000eae80000,0x00000000eaea0000,0x00000000eaf00000)
  to   space 512K, 0% used [0x00000000eaf00000,0x00000000eaf00000,0x00000000eaf80000)
 ParOldGen       total 68096K, used 64771K [0x00000000c0000000, 0x00000000c4280000, 0x00000000eab00000)
  object space 68096K, 95% used [0x00000000c0000000,0x00000000c3f40c60,0x00000000c4280000)
 Metaspace       used 69552K, committed 70400K, reserved 1114112K
  class space    used 7005K, committed 7360K, reserved 1048576K
GC Heap History (20 events):
Event: 3225.770 GC heap before
{Heap before GC invocations=315 (full 13):
 PSYoungGen      total 1536K, used 1152K [0x00000000eab00000, 0x00000000eaf80000, 0x0000000100000000)
  eden space 1024K, 100% used [0x00000000eab00000,0x00000000eac00000,0x00000000eac00000)
  from space 512K, 25% used [0x00000000eae80000,0x00000000eaea0000,0x00000000eaf00000)
  to   space 512K, 0% used [0x00000000eaf00000,0x00000000eaf00000,0x00000000eaf80000)
 ParOldGen       total 68096K, used 64707K [0x00000000c0000000, 0x00000000c4280000, 0x00000000eab00000)
  object space 68096K, 95% used [0x00000000c0000000,0x00000000c3f30c60,0x00000000c4280000)
 Metaspace       used 69445K, committed 70272K, reserved 1114112K
  class space    used 7005K, committed 7360K, reserved 1048576K
}
Event: 3225.771 GC heap after
{Heap after GC invocations=315 (full 13):
 PSYoungGen      total 1536K, used 128K [0x00000000eab00000, 0x00000000eaf80000, 0x0000000100000000)
  eden space 1024K, 0% used [0x00000000eab00000,0x00000000eab00000,0x00000000eac00000)
  from space 512K, 25% used [0x00000000eaf00000,0x00000000eaf20000,0x00000000eaf80000)
  to   space 512K, 0% used [0x00000000eae80000,0x00000000eae80000,0x00000000eaf00000)
 ParOldGen       total 68096K, used 64739K [0x00000000c0000000, 0x00000000c4280000, 0x00000000eab00000)
  object space 68096K, 95% used [0x00000000c0000000,0x00000000c3f38c60,0x00000000c4280000)
 Metaspace       used 69445K, committed 70272K, reserved 1114112K
  class space    used 7005K, committed 7360K, reserved 1048576K
}
Event: 3226.171 GC heap before
{Heap before GC invocations=316 (full 13):
 PSYoungGen      total 1536K, used 1152K [0x00000000eab00000, 0x00000000eaf80000, 0x0000000100000000)
  eden space 1024K, 100% used [0x00000000eab00000,0x00000000eac00000,0x00000000eac00000)
  from space 512K, 25% used [0x00000000eaf00000,0x00000000eaf20000,0x00000000eaf80000)
  to   space 512K, 0% used [0x00000000eae80000,0x00000000eae80000,0x00000000eaf00000)
 ParOldGen       total 68096K, used 64739K [0x00000000c0000000, 0x00000000c4280000, 0x00000000eab00000)
  object space 68096K, 95% used [0x00000000c0000000,0x00000000c3f38c60,0x00000000c4280000)
 Metaspace       used 69445K, committed 70272K, reserved 1114112K
  class space    used 7005K, committed 7360K, reserved 1048576K
}
Event: 3226.172 GC heap after
{Heap after GC invocations=316 (full 13):
 PSYoungGen      total 1536K, used 128K [0x00000000eab00000, 0x00000000eaf80000, 0x0000000100000000)
  eden space 1024K, 0% used [0x00000000eab00000,0x00000000eab00000,0x00000000eac00000)
  from space 512K, 25% used [0x00000000eae80000,0x00000000eaea0000,0x00000000eaf00000)
  to   space 512K, 0% used [0x00000000eaf00000,0x00000000eaf00000,0x00000000eaf80000)
 ParOldGen       total 68096K, used 64739K [0x00000000c0000000, 0x00000000c4280000, 0x00000000eab00000)
  object space 68096K, 95% used [0x00000000c0000000,0x00000000c3f38c60,0x00000000c4280000)
 Metaspace       used 69445K, committed 70272K, reserved 1114112K
  class space    used 7005K, committed 7360K, reserved 1048576K
}
Event: 3226.509 GC heap before
{Heap before GC invocations=317 (full 13):
 PSYoungGen      total 1536K, used 1152K [0x00000000eab00000, 0x00000000eaf80000, 0x0000000100000000)
  eden space 1024K, 100% used [0x00000000eab00000,0x00000000eac00000,0x00000000eac00000)
  from space 512K, 25% used [0x00000000eae80000,0x00000000eaea0000,0x00000000eaf00000)
  to   space 512K, 0% used [0x00000000eaf00000,0x00000000eaf00000,0x00000000eaf80000)
 ParOldGen       total 68096K, used 64739K [0x00000000c0000000, 0x00000000c4280000, 0x00000000eab00000)
  object space 68096K, 95% used [0x00000000c0000000,0x00000000c3f38c60,0x00000000c4280000)
 Metaspace       used 69479K, committed 70336K, reserved 1114112K
  class space    used 7005K, committed 7360K, reserved 1048576K
}
Event: 3226.510 GC heap after
{Heap after GC invocations=317 (full 13):
 PSYoungGen      total 1536K, used 128K [0x00000000eab00000, 0x00000000eaf80000, 0x0000000100000000)
  eden space 1024K, 0% used [0x00000000eab00000,0x00000000eab00000,0x00000000eac00000)
  from space 512K, 25% used [0x00000000eaf00000,0x00000000eaf20000,0x00000000eaf80000)
  to   space 512K, 0% used [0x00000000eae80000,0x00000000eae80000,0x00000000eaf00000)
 ParOldGen       total 68096K, used 64747K [0x00000000c0000000, 0x00000000c4280000, 0x00000000eab00000)
  object space 68096K, 95% used [0x00000000c0000000,0x00000000c3f3ac60,0x00000000c4280000)
 Metaspace       used 69479K, committed 70336K, reserved 1114112K
  class space    used 7005K, committed 7360K, reserved 1048576K
}
Event: 3226.873 GC heap before
{Heap before GC invocations=318 (full 13):
 PSYoungGen      total 1536K, used 1152K [0x00000000eab00000, 0x00000000eaf80000, 0x0000000100000000)
  eden space 1024K, 100% used [0x00000000eab00000,0x00000000eac00000,0x00000000eac00000)
  from space 512K, 25% used [0x00000000eaf00000,0x00000000eaf20000,0x00000000eaf80000)
  to   space 512K, 0% used [0x00000000eae80000,0x00000000eae80000,0x00000000eaf00000)
 ParOldGen       total 68096K, used 64747K [0x00000000c0000000, 0x00000000c4280000, 0x00000000eab00000)
  object space 68096K, 95% used [0x00000000c0000000,0x00000000c3f3ac60,0x00000000c4280000)
 Metaspace       used 69492K, committed 70336K, reserved 1114112K
  class space    used 7005K, committed 7360K, reserved 1048576K
}
Event: 3226.874 GC heap after
{Heap after GC invocations=318 (full 13):
 PSYoungGen      total 1536K, used 128K [0x00000000eab00000, 0x00000000eaf80000, 0x0000000100000000)
  eden space 1024K, 0% used [0x00000000eab00000,0x00000000eab00000,0x00000000eac00000)
  from space 512K, 25% used [0x00000000eae80000,0x00000000eaea0000,0x00000000eaf00000)
  to   space 512K, 0% used [0x00000000eaf00000,0x00000000eaf00000,0x00000000eaf80000)
 ParOldGen       total 68096K, used 64755K [0x00000000c0000000, 0x00000000c4280000, 0x00000000eab00000)
  object space 68096K, 95% used [0x00000000c0000000,0x00000000c3f3cc60,0x00000000c4280000)
 Metaspace       used 69492K, committed 70336K, reserved 1114112K
  class space    used 7005K, committed 7360K, reserved 1048576K
}
Event: 3227.314 GC heap before
{Heap before GC invocations=319 (full 13):
 PSYoungGen      total 1536K, used 1152K [0x00000000eab00000, 0x00000000eaf80000, 0x0000000100000000)
  eden space 1024K, 100% used [0x00000000eab00000,0x00000000eac00000,0x00000000eac00000)
  from space 512K, 25% used [0x00000000eae80000,0x00000000eaea0000,0x00000000eaf00000)
  to   space 512K, 0% used [0x00000000eaf00000,0x00000000eaf00000,0x00000000eaf80000)
 ParOldGen       total 68096K, used 64755K [0x00000000c0000000, 0x00000000c4280000, 0x00000000eab00000)
  object space 68096K, 95% used [0x00000000c0000000,0x00000000c3f3cc60,0x00000000c4280000)
 Metaspace       used 69504K, committed 70400K, reserved 1114112K
  class space    used 7005K, committed 7360K, reserved 1048576K
}
Event: 3227.314 GC heap after
{Heap after GC invocations=319 (full 13):
 PSYoungGen      total 1536K, used 128K [0x00000000eab00000, 0x00000000eaf80000, 0x0000000100000000)
  eden space 1024K, 0% used [0x00000000eab00000,0x00000000eab00000,0x00000000eac00000)
  from space 512K, 25% used [0x00000000eaf00000,0x00000000eaf20000,0x00000000eaf80000)
  to   space 512K, 0% used [0x00000000eae80000,0x00000000eae80000,0x00000000eaf00000)
 ParOldGen       total 68096K, used 64763K [0x00000000c0000000, 0x00000000c4280000, 0x00000000eab00000)
  object space 68096K, 95% used [0x00000000c0000000,0x00000000c3f3ec60,0x00000000c4280000)
 Metaspace       used 69504K, committed 70400K, reserved 1114112K
  class space    used 7005K, committed 7360K, reserved 1048576K
}
Event: 3227.686 GC heap before
{Heap before GC invocations=320 (full 13):
 PSYoungGen      total 1536K, used 1152K [0x00000000eab00000, 0x00000000eaf80000, 0x0000000100000000)
  eden space 1024K, 100% used [0x00000000eab00000,0x00000000eac00000,0x00000000eac00000)
  from space 512K, 25% used [0x00000000eaf00000,0x00000000eaf20000,0x00000000eaf80000)
  to   space 512K, 0% used [0x00000000eae80000,0x00000000eae80000,0x00000000eaf00000)
 ParOldGen       total 68096K, used 64763K [0x00000000c0000000, 0x00000000c4280000, 0x00000000eab00000)
  object space 68096K, 95% used [0x00000000c0000000,0x00000000c3f3ec60,0x00000000c4280000)
 Metaspace       used 69527K, committed 70400K, reserved 1114112K
  class space    used 7005K, committed 7360K, reserved 1048576K
}
Event: 3227.694 GC heap after
{Heap after GC invocations=320 (full 13):
 PSYoungGen      total 1536K, used 128K [0x00000000eab00000, 0x00000000eaf80000, 0x0000000100000000)
  eden space 1024K, 0% used [0x00000000eab00000,0x00000000eab00000,0x00000000eac00000)
  from space 512K, 25% used [0x00000000eae80000,0x00000000eaea0000,0x00000000eaf00000)
  to   space 512K, 0% used [0x00000000eaf00000,0x00000000eaf00000,0x00000000eaf80000)
 ParOldGen       total 68096K, used 64771K [0x00000000c0000000, 0x00000000c4280000, 0x00000000eab00000)
  object space 68096K, 95% used [0x00000000c0000000,0x00000000c3f40c60,0x00000000c4280000)
 Metaspace       used 69527K, committed 70400K, reserved 1114112K
  class space    used 7005K, committed 7360K, reserved 1048576K
}
Event: 3227.950 GC heap before
{Heap before GC invocations=321 (full 13):
 PSYoungGen      total 1536K, used 1152K [0x00000000eab00000, 0x00000000eaf80000, 0x0000000100000000)
  eden space 1024K, 100% used [0x00000000eab00000,0x00000000eac00000,0x00000000eac00000)
  from space 512K, 25% used [0x00000000eae80000,0x00000000eaea0000,0x00000000eaf00000)
  to   space 512K, 0% used [0x00000000eaf00000,0x00000000eaf00000,0x00000000eaf80000)
 ParOldGen       total 68096K, used 64771K [0x00000000c0000000, 0x00000000c4280000, 0x00000000eab00000)
  object space 68096K, 95% used [0x00000000c0000000,0x00000000c3f40c60,0x00000000c4280000)
 Metaspace       used 69538K, committed 70400K, reserved 1114112K
  class space    used 7005K, committed 7360K, reserved 1048576K
}
Event: 3227.951 GC heap after
{Heap after GC invocations=321 (full 13):
 PSYoungGen      total 1536K, used 128K [0x00000000eab00000, 0x00000000eaf80000, 0x0000000100000000)
  eden space 1024K, 0% used [0x00000000eab00000,0x00000000eab00000,0x00000000eac00000)
  from space 512K, 25% used [0x00000000eaf00000,0x00000000eaf20000,0x00000000eaf80000)
  to   space 512K, 0% used [0x00000000eae80000,0x00000000eae80000,0x00000000eaf00000)
 ParOldGen       total 68096K, used 64771K [0x00000000c0000000, 0x00000000c4280000, 0x00000000eab00000)
  object space 68096K, 95% used [0x00000000c0000000,0x00000000c3f40c60,0x00000000c4280000)
 Metaspace       used 69538K, committed 70400K, reserved 1114112K
  class space    used 7005K, committed 7360K, reserved 1048576K
}
Event: 3228.166 GC heap before
{Heap before GC invocations=322 (full 13):
 PSYoungGen      total 1536K, used 1152K [0x00000000eab00000, 0x00000000eaf80000, 0x0000000100000000)
  eden space 1024K, 100% used [0x00000000eab00000,0x00000000eac00000,0x00000000eac00000)
  from space 512K, 25% used [0x00000000eaf00000,0x00000000eaf20000,0x00000000eaf80000)
  to   space 512K, 0% used [0x00000000eae80000,0x00000000eae80000,0x00000000eaf00000)
 ParOldGen       total 68096K, used 64771K [0x00000000c0000000, 0x00000000c4280000, 0x00000000eab00000)
  object space 68096K, 95% used [0x00000000c0000000,0x00000000c3f40c60,0x00000000c4280000)
 Metaspace       used 69549K, committed 70400K, reserved 1114112K
  class space    used 7005K, committed 7360K, reserved 1048576K
}
Event: 3228.167 GC heap after
{Heap after GC invocations=322 (full 13):
 PSYoungGen      total 1536K, used 128K [0x00000000eab00000, 0x00000000eaf80000, 0x0000000100000000)
  eden space 1024K, 0% used [0x00000000eab00000,0x00000000eab00000,0x00000000eac00000)
  from space 512K, 25% used [0x00000000eae80000,0x00000000eaea0000,0x00000000eaf00000)
  to   space 512K, 0% used [0x00000000eaf00000,0x00000000eaf00000,0x00000000eaf80000)
 ParOldGen       total 68096K, used 64771K [0x00000000c0000000, 0x00000000c4280000, 0x00000000eab00000)
  object space 68096K, 95% used [0x00000000c0000000,0x00000000c3f40c60,0x00000000c4280000)
 Metaspace       used 69549K, committed 70400K, reserved 1114112K
  class space    used 7005K, committed 7360K, reserved 1048576K
}
Event: 3228.485 GC heap before
{Heap before GC invocations=323 (full 13):
 PSYoungGen      total 1536K, used 1152K [0x00000000eab00000, 0x00000000eaf80000, 0x0000000100000000)
  eden space 1024K, 100% used [0x00000000eab00000,0x00000000eac00000,0x00000000eac00000)
  from space 512K, 25% used [0x00000000eae80000,0x00000000eaea0000,0x00000000eaf00000)
  to   space 512K, 0% used [0x00000000eaf00000,0x00000000eaf00000,0x00000000eaf80000)
 ParOldGen       total 68096K, used 64771K [0x00000000c0000000, 0x00000000c4280000, 0x00000000eab00000)
  object space 68096K, 95% used [0x00000000c0000000,0x00000000c3f40c60,0x00000000c4280000)
 Metaspace       used 69550K, committed 70400K, reserved 1114112K
  class space    used 7005K, committed 7360K, reserved 1048576K
}
Event: 3228.486 GC heap after
{Heap after GC invocations=323 (full 13):
 PSYoungGen      total 1536K, used 128K [0x00000000eab00000, 0x00000000eaf80000, 0x0000000100000000)
  eden space 1024K, 0% used [0x00000000eab00000,0x00000000eab00000,0x00000000eac00000)
  from space 512K, 25% used [0x00000000eaf00000,0x00000000eaf20000,0x00000000eaf80000)
  to   space 512K, 0% used [0x00000000eae80000,0x00000000eae80000,0x00000000eaf00000)
 ParOldGen       total 68096K, used 64771K [0x00000000c0000000, 0x00000000c4280000, 0x00000000eab00000)
  object space 68096K, 95% used [0x00000000c0000000,0x00000000c3f40c60,0x00000000c4280000)
 Metaspace       used 69550K, committed 70400K, reserved 1114112K
  class space    used 7005K, committed 7360K, reserved 1048576K
}
Event: 3228.743 GC heap before
{Heap before GC invocations=324 (full 13):
 PSYoungGen      total 1536K, used 1152K [0x00000000eab00000, 0x00000000eaf80000, 0x0000000100000000)
  eden space 1024K, 100% used [0x00000000eab00000,0x00000000eac00000,0x00000000eac00000)
  from space 512K, 25% used [0x00000000eaf00000,0x00000000eaf20000,0x00000000eaf80000)
  to   space 512K, 0% used [0x00000000eae80000,0x00000000eae80000,0x00000000eaf00000)
 ParOldGen       total 68096K, used 64771K [0x00000000c0000000, 0x00000000c4280000, 0x00000000eab00000)
  object space 68096K, 95% used [0x00000000c0000000,0x00000000c3f40c60,0x00000000c4280000)
 Metaspace       used 69551K, committed 70400K, reserved 1114112K
  class space    used 7005K, committed 7360K, reserved 1048576K
}
Event: 3228.744 GC heap after
{Heap after GC invocations=324 (full 13):
 PSYoungGen      total 1536K, used 128K [0x00000000eab00000, 0x00000000eaf80000, 0x0000000100000000)
  eden space 1024K, 0% used [0x00000000eab00000,0x00000000eab00000,0x00000000eac00000)
  from space 512K, 25% used [0x00000000eae80000,0x00000000eaea0000,0x00000000eaf00000)
  to   space 512K, 0% used [0x00000000eaf00000,0x00000000eaf00000,0x00000000eaf80000)
 ParOldGen       total 68096K, used 64771K [0x00000000c0000000, 0x00000000c4280000, 0x00000000eab00000)
  object space 68096K, 95% used [0x00000000c0000000,0x00000000c3f40c60,0x00000000c4280000)
 Metaspace       used 69551K, committed 70400K, reserved 1114112K
  class space    used 7005K, committed 7360K, reserved 1048576K
}

