# JRE version: OpenJDK Runtime Environment Temurin-17.0.3+7 (17.0.3+7) (build 17.0.3+7)
# Java VM: OpenJDK 64-Bit Server VM Temurin-17.0.3+7 (17.0.3+7, mixed mode, tiered, compressed oops, compressed class ptrs, parallel gc, windows-amd64)
GC Precious Log:
 CPUs: 4 total, 4 available
 Memory: 4095M
 Large Page Support: Disabled
 NUMA Support: Disabled
 Compressed Oops: Enabled (32-bit)
 Alignments: Space 512K, Generation 512K, Heap 2M
 Heap Min Capacity: 100M
 Heap Initial Capacity: 100M
 Heap Max Capacity: 1G
 Pre-touch: Disabled
 Parallel Workers: 4
Heap:
 PSYoungGen      total 3584K, used 512K [0x00000000eab00000, 0x00000000eb500000, 0x0000000100000000)
  eden space 3072K, 0% used [0x00000000eab00000,0x00000000eab00000,0x00000000eae00000)
  from space 512K, 100% used [0x00000000eaf80000,0x00000000eb000000,0x00000000eb000000)
  to   space 3584K, 0% used [0x00000000eb180000,0x00000000eb180000,0x00000000eb500000)
 ParOldGen       total 238592K, used 236091K [0x00000000c0000000, 0x00000000ce900000, 0x00000000eab00000)
  object space 238592K, 98% used [0x00000000c0000000,0x00000000ce68ee58,0x00000000ce900000)
 Metaspace       used 86528K, committed 87424K, reserved 1130496K
  class space    used 8179K, committed 8576K, reserved 1048576K
GC Heap History (20 events):
Event: 22663.187 GC heap after
{Heap after GC invocations=20597 (full 327):
 PSYoungGen      total 4096K, used 940K [0x00000000eab00000, 0x00000000eb000000, 0x0000000100000000)
  eden space 3072K, 0% used [0x00000000eab00000,0x00000000eab00000,0x00000000eae00000)
  from space 1024K, 91% used [0x00000000eaf00000,0x00000000eafeb170,0x00000000eb000000)
  to   space 1024K, 0% used [0x00000000eae00000,0x00000000eae00000,0x00000000eaf00000)
 ParOldGen       total 238592K, used 229011K [0x00000000c0000000, 0x00000000ce900000, 0x00000000eab00000)
  object space 238592K, 95% used [0x00000000c0000000,0x00000000cdfa4cb8,0x00000000ce900000)
 Metaspace       used 86528K, committed 87424K, reserved 1130496K
  class space    used 8179K, committed 8576K, reserved 1048576K
}
Event: 22663.233 GC heap before
{Heap before GC invocations=20598 (full 327):
 PSYoungGen      total 4096K, used 4012K [0x00000000eab00000, 0x00000000eb000000, 0x0000000100000000)
  eden space 3072K, 100% used [0x00000000eab00000,0x00000000eae00000,0x00000000eae00000)
  from space 1024K, 91% used [0x00000000eaf00000,0x00000000eafeb170,0x00000000eb000000)
  to   space 1024K, 0% used [0x00000000eae00000,0x00000000eae00000,0x00000000eaf00000)
 ParOldGen       total 238592K, used 229011K [0x00000000c0000000, 0x00000000ce900000, 0x00000000eab00000)
  object space 238592K, 95% used [0x00000000c0000000,0x00000000cdfa4cb8,0x00000000ce900000)
 Metaspace       used 86528K, committed 87424K, reserved 1130496K
  class space    used 8179K, committed 8576K, reserved 1048576K
}
Event: 22663.238 GC heap after
{Heap after GC invocations=20598 (full 327):
 PSYoungGen      total 4096K, used 644K [0x00000000eab00000, 0x00000000eb000000, 0x0000000100000000)
  eden space 3072K, 0% used [0x00000000eab00000,0x00000000eab00000,0x00000000eae00000)
  from space 1024K, 62% used [0x00000000eae00000,0x00000000eaea1210,0x00000000eaf00000)
  to   space 1024K, 0% used [0x00000000eaf00000,0x00000000eaf00000,0x00000000eb000000)
 ParOldGen       total 238592K, used 229881K [0x00000000c0000000, 0x00000000ce900000, 0x00000000eab00000)
  object space 238592K, 96% used [0x00000000c0000000,0x00000000ce07e748,0x00000000ce900000)
 Metaspace       used 86528K, committed 87424K, reserved 1130496K
  class space    used 8179K, committed 8576K, reserved 1048576K
}
Event: 22663.271 GC heap before
{Heap before GC invocations=20599 (full 327):
 PSYoungGen      total 4096K, used 3716K [0x00000000eab00000, 0x00000000eb000000, 0x0000000100000000)
  eden space 3072K, 100% used [0x00000000eab00000,0x00000000eae00000,0x00000000eae00000)
  from space 1024K, 62% used [0x00000000eae00000,0x00000000eaea1210,0x00000000eaf00000)
  to   space 1024K, 0% used [0x00000000eaf00000,0x00000000eaf00000,0x00000000eb000000)
 ParOldGen       total 238592K, used 229881K [0x00000000c0000000, 0x00000000ce900000, 0x00000000eab00000)
  object space 238592K, 96% used [0x00000000c0000000,0x00000000ce07e748,0x00000000ce900000)
 Metaspace       used 86528K, committed 87424K, reserved 1130496K
  class space    used 8179K, committed 8576K, reserved 1048576K
}
Event: 22663.276 GC heap after
{Heap after GC invocations=20599 (full 327):
 PSYoungGen      total 3584K, used 404K [0x00000000eab00000, 0x00000000eaf80000, 0x0000000100000000)
  eden space 3072K, 0% used [0x00000000eab00000,0x00000000eab00000,0x00000000eae00000)
  from space 512K, 79% used [0x00000000eaf00000,0x00000000eaf65200,0x00000000eaf80000)
  to   space 512K, 0% used [0x00000000eae80000,0x00000000eae80000,0x00000000eaf00000)
 ParOldGen       total 238592K, used 230478K [0x00000000c0000000, 0x00000000ce900000, 0x00000000eab00000)
  object space 238592K, 96% used [0x00000000c0000000,0x00000000ce113968,0x00000000ce900000)
 Metaspace       used 86528K, committed 87424K, reserved 1130496K
  class space    used 8179K, committed 8576K, reserved 1048576K
}
Event: 22663.299 GC heap before
{Heap before GC invocations=20600 (full 327):
 PSYoungGen      total 3584K, used 3463K [0x00000000eab00000, 0x00000000eaf80000, 0x0000000100000000)
  eden space 3072K, 99% used [0x00000000eab00000,0x00000000eadfcc60,0x00000000eae00000)
  from space 512K, 79% used [0x00000000eaf00000,0x00000000eaf65200,0x00000000eaf80000)
  to   space 512K, 0% used [0x00000000eae80000,0x00000000eae80000,0x00000000eaf00000)
 ParOldGen       total 238592K, used 230478K [0x00000000c0000000, 0x00000000ce900000, 0x00000000eab00000)
  object space 238592K, 96% used [0x00000000c0000000,0x00000000ce113968,0x00000000ce900000)
 Metaspace       used 86528K, committed 87424K, reserved 1130496K
  class space    used 8179K, committed 8576K, reserved 1048576K
}
Event: 22663.302 GC heap after
{Heap after GC invocations=20600 (full 327):
 PSYoungGen      total 3584K, used 96K [0x00000000eab00000, 0x00000000eaf80000, 0x0000000100000000)
  eden space 3072K, 0% used [0x00000000eab00000,0x00000000eab00000,0x00000000eae00000)
  from space 512K, 18% used [0x00000000eae80000,0x00000000eae98000,0x00000000eaf00000)
  to   space 512K, 0% used [0x00000000eaf00000,0x00000000eaf00000,0x00000000eaf80000)
 ParOldGen       total 238592K, used 230774K [0x00000000c0000000, 0x00000000ce900000, 0x00000000eab00000)
  object space 238592K, 96% used [0x00000000c0000000,0x00000000ce15d968,0x00000000ce900000)
 Metaspace       used 86528K, committed 87424K, reserved 1130496K
  class space    used 8179K, committed 8576K, reserved 1048576K
}
Event: 22663.345 GC heap before
{Heap before GC invocations=20601 (full 327):
 PSYoungGen      total 3584K, used 3168K [0x00000000eab00000, 0x00000000eaf80000, 0x0000000100000000)
  eden space 3072K, 100% used [0x00000000eab00000,0x00000000eae00000,0x00000000eae00000)
  from space 512K, 18% used [0x00000000eae80000,0x00000000eae98000,0x00000000eaf00000)
  to   space 512K, 0% used [0x00000000eaf00000,0x00000000eaf00000,0x00000000eaf80000)
 ParOldGen       total 238592K, used 230774K [0x00000000c0000000, 0x00000000ce900000, 0x00000000eab00000)
  object space 238592K, 96% used [0x00000000c0000000,0x00000000ce15d968,0x00000000ce900000)
 Metaspace       used 86528K, committed 87424K, reserved 1130496K
  class space    used 8179K, committed 8576K, reserved 1048576K
}
Event: 22663.349 GC heap after
{Heap after GC invocations=20601 (full 327):
 PSYoungGen      total 3584K, used 324K [0x00000000eab00000, 0x00000000eaf80000, 0x0000000100000000)
  eden space 3072K, 0% used [0x00000000eab00000,0x00000000eab00000,0x00000000eae00000)
  from space 512K, 63% used [0x00000000eaf00000,0x00000000eaf51210,0x00000000eaf80000)
  to   space 512K, 0% used [0x00000000eae80000,0x00000000eae80000,0x00000000eaf00000)
 ParOldGen       total 238592K, used 230782K [0x00000000c0000000, 0x00000000ce900000, 0x00000000eab00000)
  object space 238592K, 96% used [0x00000000c0000000,0x00000000ce15f968,0x00000000ce900000)
 Metaspace       used 86528K, committed 87424K, reserved 1130496K
  class space    used 8179K, committed 8576K, reserved 1048576K
}
Event: 22663.390 GC heap before
{Heap before GC invocations=20602 (full 327):
 PSYoungGen      total 3584K, used 3396K [0x00000000eab00000, 0x00000000eaf80000, 0x0000000100000000)
  eden space 3072K, 100% used [0x00000000eab00000,0x00000000eae00000,0x00000000eae00000)
  from space 512K, 63% used [0x00000000eaf00000,0x00000000eaf51210,0x00000000eaf80000)
  to   space 512K, 0% used [0x00000000eae80000,0x00000000eae80000,0x00000000eaf00000)
 ParOldGen       total 238592K, used 230782K [0x00000000c0000000, 0x00000000ce900000, 0x00000000eab00000)
  object space 238592K, 96% used [0x00000000c0000000,0x00000000ce15f968,0x00000000ce900000)
 Metaspace       used 86528K, committed 87424K, reserved 1130496K
  class space    used 8179K, committed 8576K, reserved 1048576K
}
Event: 22663.396 GC heap after
{Heap after GC invocations=20602 (full 327):
 PSYoungGen      total 3584K, used 490K [0x00000000eab00000, 0x00000000eb200000, 0x0000000100000000)
  eden space 3072K, 0% used [0x00000000eab00000,0x00000000eab00000,0x00000000eae00000)
  from space 512K, 95% used [0x00000000eae80000,0x00000000eaefa910,0x00000000eaf00000)
  to   space 2048K, 0% used [0x00000000eb000000,0x00000000eb000000,0x00000000eb200000)
 ParOldGen       total 238592K, used 231720K [0x00000000c0000000, 0x00000000ce900000, 0x00000000eab00000)
  object space 238592K, 97% used [0x00000000c0000000,0x00000000ce24a388,0x00000000ce900000)
 Metaspace       used 86528K, committed 87424K, reserved 1130496K
  class space    used 8179K, committed 8576K, reserved 1048576K
}
Event: 22663.435 GC heap before
{Heap before GC invocations=20603 (full 327):
 PSYoungGen      total 3584K, used 3562K [0x00000000eab00000, 0x00000000eb200000, 0x0000000100000000)
  eden space 3072K, 100% used [0x00000000eab00000,0x00000000eae00000,0x00000000eae00000)
  from space 512K, 95% used [0x00000000eae80000,0x00000000eaefa910,0x00000000eaf00000)
  to   space 2048K, 0% used [0x00000000eb000000,0x00000000eb000000,0x00000000eb200000)
 ParOldGen       total 238592K, used 231720K [0x00000000c0000000, 0x00000000ce900000, 0x00000000eab00000)
  object space 238592K, 97% used [0x00000000c0000000,0x00000000ce24a388,0x00000000ce900000)
 Metaspace       used 86528K, committed 87424K, reserved 1130496K
  class space    used 8179K, committed 8576K, reserved 1048576K
}
Event: 22663.439 GC heap after
{Heap after GC invocations=20603 (full 327):
 PSYoungGen      total 3584K, used 404K [0x00000000eab00000, 0x00000000eb080000, 0x0000000100000000)
  eden space 3072K, 0% used [0x00000000eab00000,0x00000000eab00000,0x00000000eae00000)
  from space 512K, 79% used [0x00000000eb000000,0x00000000eb065200,0x00000000eb080000)
  to   space 1024K, 0% used [0x00000000eae80000,0x00000000eae80000,0x00000000eaf80000)
 ParOldGen       total 238592K, used 232219K [0x00000000c0000000, 0x00000000ce900000, 0x00000000eab00000)
  object space 238592K, 97% used [0x00000000c0000000,0x00000000ce2c6da8,0x00000000ce900000)
 Metaspace       used 86528K, committed 87424K, reserved 1130496K
  class space    used 8179K, committed 8576K, reserved 1048576K
}
Event: 22663.482 GC heap before
{Heap before GC invocations=20604 (full 327):
 PSYoungGen      total 3584K, used 3463K [0x00000000eab00000, 0x00000000eb080000, 0x0000000100000000)
  eden space 3072K, 99% used [0x00000000eab00000,0x00000000eadfcbc0,0x00000000eae00000)
  from space 512K, 79% used [0x00000000eb000000,0x00000000eb065200,0x00000000eb080000)
  to   space 1024K, 0% used [0x00000000eae80000,0x00000000eae80000,0x00000000eaf80000)
 ParOldGen       total 238592K, used 232219K [0x00000000c0000000, 0x00000000ce900000, 0x00000000eab00000)
  object space 238592K, 97% used [0x00000000c0000000,0x00000000ce2c6da8,0x00000000ce900000)
 Metaspace       used 86528K, committed 87424K, reserved 1130496K
  class space    used 8179K, committed 8576K, reserved 1048576K
}
Event: 22663.486 GC heap after
{Heap after GC invocations=20604 (full 327):
 PSYoungGen      total 4096K, used 320K [0x00000000eab00000, 0x00000000eb080000, 0x0000000100000000)
  eden space 3072K, 0% used [0x00000000eab00000,0x00000000eab00000,0x00000000eae00000)
  from space 1024K, 31% used [0x00000000eae80000,0x00000000eaed0000,0x00000000eaf80000)
  to   space 512K, 0% used [0x00000000eb000000,0x00000000eb000000,0x00000000eb080000)
 ParOldGen       total 238592K, used 232575K [0x00000000c0000000, 0x00000000ce900000, 0x00000000eab00000)
  object space 238592K, 97% used [0x00000000c0000000,0x00000000ce31ffc8,0x00000000ce900000)
 Metaspace       used 86528K, committed 87424K, reserved 1130496K
  class space    used 8179K, committed 8576K, reserved 1048576K
}
Event: 22663.589 GC heap before
{Heap before GC invocations=20605 (full 327):
 PSYoungGen      total 4096K, used 3032K [0x00000000eab00000, 0x00000000eb080000, 0x0000000100000000)
  eden space 3072K, 88% used [0x00000000eab00000,0x00000000eada6178,0x00000000eae00000)
  from space 1024K, 31% used [0x00000000eae80000,0x00000000eaed0000,0x00000000eaf80000)
  to   space 512K, 0% used [0x00000000eb000000,0x00000000eb000000,0x00000000eb080000)
 ParOldGen       total 238592K, used 232575K [0x00000000c0000000, 0x00000000ce900000, 0x00000000eab00000)
  object space 238592K, 97% used [0x00000000c0000000,0x00000000ce31ffc8,0x00000000ce900000)
 Metaspace       used 86528K, committed 87424K, reserved 1130496K
  class space    used 8179K, committed 8576K, reserved 1048576K
}
Event: 22663.596 GC heap after
{Heap after GC invocations=20605 (full 327):
 PSYoungGen      total 3584K, used 160K [0x00000000eab00000, 0x00000000eb080000, 0x0000000100000000)
  eden space 3072K, 0% used [0x00000000eab00000,0x00000000eab00000,0x00000000eae00000)
  from space 512K, 31% used [0x00000000eb000000,0x00000000eb028000,0x00000000eb080000)
  to   space 512K, 0% used [0x00000000eaf80000,0x00000000eaf80000,0x00000000eb000000)
 ParOldGen       total 238592K, used 233545K [0x00000000c0000000, 0x00000000ce900000, 0x00000000eab00000)
  object space 238592K, 97% used [0x00000000c0000000,0x00000000ce412710,0x00000000ce900000)
 Metaspace       used 86528K, committed 87424K, reserved 1130496K
  class space    used 8179K, committed 8576K, reserved 1048576K
}
Event: 22663.615 GC heap before
{Heap before GC invocations=20606 (full 327):
 PSYoungGen      total 3584K, used 3232K [0x00000000eab00000, 0x00000000eb080000, 0x0000000100000000)
  eden space 3072K, 100% used [0x00000000eab00000,0x00000000eae00000,0x00000000eae00000)
  from space 512K, 31% used [0x00000000eb000000,0x00000000eb028000,0x00000000eb080000)
  to   space 512K, 0% used [0x00000000eaf80000,0x00000000eaf80000,0x00000000eb000000)
 ParOldGen       total 238592K, used 233545K [0x00000000c0000000, 0x00000000ce900000, 0x00000000eab00000)
  object space 238592K, 97% used [0x00000000c0000000,0x00000000ce412710,0x00000000ce900000)
 Metaspace       used 86528K, committed 87424K, reserved 1130496K
  class space    used 8179K, committed 8576K, reserved 1048576K
}
Event: 22663.626 GC heap after
{Heap after GC invocations=20606 (full 327):
 PSYoungGen      total 3584K, used 512K [0x00000000eab00000, 0x00000000eb500000, 0x0000000100000000)
  eden space 3072K, 0% used [0x00000000eab00000,0x00000000eab00000,0x00000000eae00000)
  from space 512K, 100% used [0x00000000eaf80000,0x00000000eb000000,0x00000000eb000000)
  to   space 3584K, 0% used [0x00000000eb180000,0x00000000eb180000,0x00000000eb500000)
 ParOldGen       total 238592K, used 236091K [0x00000000c0000000, 0x00000000ce900000, 0x00000000eab00000)
  object space 238592K, 98% used [0x00000000c0000000,0x00000000ce68ee58,0x00000000ce900000)
 Metaspace       used 86528K, committed 87424K, reserved 1130496K
  class space    used 8179K, committed 8576K, reserved 1048576K
}
Event: 22663.626 GC heap before
{Heap before GC invocations=20607 (full 328):
 PSYoungGen      total 3584K, used 512K [0x00000000eab00000, 0x00000000eb500000, 0x0000000100000000)
  eden space 3072K, 0% used [0x00000000eab00000,0x00000000eab00000,0x00000000eae00000)
  from space 512K, 100% used [0x00000000eaf80000,0x00000000eb000000,0x00000000eb000000)
  to   space 3584K, 0% used [0x00000000eb180000,0x00000000eb180000,0x00000000eb500000)
 ParOldGen       total 238592K, used 236091K [0x00000000c0000000, 0x00000000ce900000, 0x00000000eab00000)
  object space 238592K, 98% used [0x00000000c0000000,0x00000000ce68ee58,0x00000000ce900000)
 Metaspace       used 86528K, committed 87424K, reserved 1130496K
  class space    used 8179K, committed 8576K, reserved 1048576K
}

