# JRE version: OpenJDK Runtime Environment Temurin-17.0.3+7 (17.0.3+7) (build 17.0.3+7)
# Java VM: OpenJDK 64-Bit Server VM Temurin-17.0.3+7 (17.0.3+7, mixed mode, tiered, compressed oops, compressed class ptrs, parallel gc, windows-amd64)
GC Precious Log:
 CPUs: 4 total, 4 available
 Memory: 4095M
 Large Page Support: Disabled
 NUMA Support: Disabled
 Compressed Oops: Enabled (32-bit)
 Alignments: Space 512K, Generation 512K, Heap 2M
 Heap Min Capacity: 100M
 Heap Initial Capacity: 100M
 Heap Max Capacity: 1G
 Pre-touch: Disabled
 Parallel Workers: 4
Heap:
 PSYoungGen      total 4608K, used 3904K [0x00000000eab00000, 0x00000000eb100000, 0x0000000100000000)
  eden space 3072K, 100% used [0x00000000eab00000,0x00000000eae00000,0x00000000eae00000)
  from space 1536K, 54% used [0x00000000eae00000,0x00000000eaed0000,0x00000000eaf80000)
  to   space 1024K, 0% used [0x00000000eb000000,0x00000000eb000000,0x00000000eb100000)
 ParOldGen       total 82432K, used 49480K [0x00000000c0000000, 0x00000000c5080000, 0x00000000eab00000)
  object space 82432K, 60% used [0x00000000c0000000,0x00000000c3052390,0x00000000c5080000)
 Metaspace       used 68588K, committed 69440K, reserved 1114112K
  class space    used 6935K, committed 7296K, reserved 1048576K
GC Heap History (20 events):
Event: 116.992 GC heap before
{Heap before GC invocations=305 (full 14):
 PSYoungGen      total 3584K, used 3584K [0x00000000eab00000, 0x00000000eb380000, 0x0000000100000000)
  eden space 2560K, 100% used [0x00000000eab00000,0x00000000ead80000,0x00000000ead80000)
  from space 1024K, 100% used [0x00000000eb080000,0x00000000eb180000,0x00000000eb180000)
  to   space 2048K, 0% used [0x00000000eb180000,0x00000000eb180000,0x00000000eb380000)
 ParOldGen       total 96256K, used 86132K [0x00000000c0000000, 0x00000000c5e00000, 0x00000000eab00000)
  object space 96256K, 89% used [0x00000000c0000000,0x00000000c541d3b8,0x00000000c5e00000)
 Metaspace       used 68523K, committed 69376K, reserved 1114112K
  class space    used 6929K, committed 7296K, reserved 1048576K
}
Event: 117.000 GC heap after
{Heap after GC invocations=305 (full 14):
 PSYoungGen      total 3072K, used 474K [0x00000000eab00000, 0x00000000eb200000, 0x0000000100000000)
  eden space 2560K, 0% used [0x00000000eab00000,0x00000000eab00000,0x00000000ead80000)
  from space 512K, 92% used [0x00000000eb180000,0x00000000eb1f6900,0x00000000eb200000)
  to   space 1536K, 0% used [0x00000000eaf00000,0x00000000eaf00000,0x00000000eb080000)
 ParOldGen       total 96256K, used 87185K [0x00000000c0000000, 0x00000000c5e00000, 0x00000000eab00000)
  object space 96256K, 90% used [0x00000000c0000000,0x00000000c5524618,0x00000000c5e00000)
 Metaspace       used 68523K, committed 69376K, reserved 1114112K
  class space    used 6929K, committed 7296K, reserved 1048576K
}
Event: 117.028 GC heap before
{Heap before GC invocations=306 (full 14):
 PSYoungGen      total 3072K, used 3034K [0x00000000eab00000, 0x00000000eb200000, 0x0000000100000000)
  eden space 2560K, 100% used [0x00000000eab00000,0x00000000ead80000,0x00000000ead80000)
  from space 512K, 92% used [0x00000000eb180000,0x00000000eb1f6900,0x00000000eb200000)
  to   space 1536K, 0% used [0x00000000eaf00000,0x00000000eaf00000,0x00000000eb080000)
 ParOldGen       total 96256K, used 89043K [0x00000000c0000000, 0x00000000c5e00000, 0x00000000eab00000)
  object space 96256K, 92% used [0x00000000c0000000,0x00000000c56f4f30,0x00000000c5e00000)
 Metaspace       used 68571K, committed 69440K, reserved 1114112K
  class space    used 6935K, committed 7296K, reserved 1048576K
}
Event: 117.033 GC heap after
{Heap after GC invocations=306 (full 14):
 PSYoungGen      total 4096K, used 1008K [0x00000000eab00000, 0x00000000eb200000, 0x0000000100000000)
  eden space 2560K, 0% used [0x00000000eab00000,0x00000000eab00000,0x00000000ead80000)
  from space 1536K, 65% used [0x00000000eaf00000,0x00000000eaffc1d0,0x00000000eb080000)
  to   space 1536K, 0% used [0x00000000eb080000,0x00000000eb080000,0x00000000eb200000)
 ParOldGen       total 96256K, used 89464K [0x00000000c0000000, 0x00000000c5e00000, 0x00000000eab00000)
  object space 96256K, 92% used [0x00000000c0000000,0x00000000c575e150,0x00000000c5e00000)
 Metaspace       used 68571K, committed 69440K, reserved 1114112K
  class space    used 6935K, committed 7296K, reserved 1048576K
}
Event: 117.065 GC heap before
{Heap before GC invocations=307 (full 14):
 PSYoungGen      total 4096K, used 3568K [0x00000000eab00000, 0x00000000eb200000, 0x0000000100000000)
  eden space 2560K, 100% used [0x00000000eab00000,0x00000000ead80000,0x00000000ead80000)
  from space 1536K, 65% used [0x00000000eaf00000,0x00000000eaffc1d0,0x00000000eb080000)
  to   space 1536K, 0% used [0x00000000eb080000,0x00000000eb080000,0x00000000eb200000)
 ParOldGen       total 96256K, used 89464K [0x00000000c0000000, 0x00000000c5e00000, 0x00000000eab00000)
  object space 96256K, 92% used [0x00000000c0000000,0x00000000c575e150,0x00000000c5e00000)
 Metaspace       used 68572K, committed 69440K, reserved 1114112K
  class space    used 6935K, committed 7296K, reserved 1048576K
}
Event: 117.069 GC heap after
{Heap after GC invocations=307 (full 14):
 PSYoungGen      total 3584K, used 947K [0x00000000eab00000, 0x00000000eb180000, 0x0000000100000000)
  eden space 2560K, 0% used [0x00000000eab00000,0x00000000eab00000,0x00000000ead80000)
  from space 1024K, 92% used [0x00000000eb080000,0x00000000eb16cf08,0x00000000eb180000)
  to   space 1024K, 0% used [0x00000000eaf80000,0x00000000eaf80000,0x00000000eb080000)
 ParOldGen       total 96256K, used 90455K [0x00000000c0000000, 0x00000000c5e00000, 0x00000000eab00000)
  object space 96256K, 93% used [0x00000000c0000000,0x00000000c5855cb8,0x00000000c5e00000)
 Metaspace       used 68572K, committed 69440K, reserved 1114112K
  class space    used 6935K, committed 7296K, reserved 1048576K
}
Event: 117.109 GC heap before
{Heap before GC invocations=308 (full 14):
 PSYoungGen      total 3584K, used 2989K [0x00000000eab00000, 0x00000000eb180000, 0x0000000100000000)
  eden space 2560K, 79% used [0x00000000eab00000,0x00000000eacfe558,0x00000000ead80000)
  from space 1024K, 92% used [0x00000000eb080000,0x00000000eb16cf08,0x00000000eb180000)
  to   space 1024K, 0% used [0x00000000eaf80000,0x00000000eaf80000,0x00000000eb080000)
 ParOldGen       total 96256K, used 90455K [0x00000000c0000000, 0x00000000c5e00000, 0x00000000eab00000)
  object space 96256K, 93% used [0x00000000c0000000,0x00000000c5855cb8,0x00000000c5e00000)
 Metaspace       used 68572K, committed 69440K, reserved 1114112K
  class space    used 6935K, committed 7296K, reserved 1048576K
}
Event: 117.113 GC heap after
{Heap after GC invocations=308 (full 14):
 PSYoungGen      total 3584K, used 1020K [0x00000000eab00000, 0x00000000eb280000, 0x0000000100000000)
  eden space 2560K, 0% used [0x00000000eab00000,0x00000000eab00000,0x00000000ead80000)
  from space 1024K, 99% used [0x00000000eaf80000,0x00000000eb07f318,0x00000000eb080000)
  to   space 2048K, 0% used [0x00000000eb080000,0x00000000eb080000,0x00000000eb280000)
 ParOldGen       total 96256K, used 91691K [0x00000000c0000000, 0x00000000c5e00000, 0x00000000eab00000)
  object space 96256K, 95% used [0x00000000c0000000,0x00000000c598acd0,0x00000000c5e00000)
 Metaspace       used 68572K, committed 69440K, reserved 1114112K
  class space    used 6935K, committed 7296K, reserved 1048576K
}
Event: 117.149 GC heap before
{Heap before GC invocations=309 (full 14):
 PSYoungGen      total 3584K, used 3580K [0x00000000eab00000, 0x00000000eb280000, 0x0000000100000000)
  eden space 2560K, 99% used [0x00000000eab00000,0x00000000ead7fff8,0x00000000ead80000)
  from space 1024K, 99% used [0x00000000eaf80000,0x00000000eb07f318,0x00000000eb080000)
  to   space 2048K, 0% used [0x00000000eb080000,0x00000000eb080000,0x00000000eb280000)
 ParOldGen       total 96256K, used 91691K [0x00000000c0000000, 0x00000000c5e00000, 0x00000000eab00000)
  object space 96256K, 95% used [0x00000000c0000000,0x00000000c598acd0,0x00000000c5e00000)
 Metaspace       used 68576K, committed 69440K, reserved 1114112K
  class space    used 6935K, committed 7296K, reserved 1048576K
}
Event: 117.154 GC heap after
{Heap after GC invocations=309 (full 14):
 PSYoungGen      total 4096K, used 2041K [0x00000000eab00000, 0x00000000eb480000, 0x0000000100000000)
  eden space 2048K, 0% used [0x00000000eab00000,0x00000000eab00000,0x00000000ead00000)
  from space 2048K, 99% used [0x00000000eb080000,0x00000000eb27e4b0,0x00000000eb280000)
  to   space 3584K, 0% used [0x00000000ead00000,0x00000000ead00000,0x00000000eb080000)
 ParOldGen       total 96256K, used 92826K [0x00000000c0000000, 0x00000000c5e00000, 0x00000000eab00000)
  object space 96256K, 96% used [0x00000000c0000000,0x00000000c5aa6800,0x00000000c5e00000)
 Metaspace       used 68576K, committed 69440K, reserved 1114112K
  class space    used 6935K, committed 7296K, reserved 1048576K
}
Event: 117.167 GC heap before
{Heap before GC invocations=310 (full 14):
 PSYoungGen      total 4096K, used 4089K [0x00000000eab00000, 0x00000000eb480000, 0x0000000100000000)
  eden space 2048K, 100% used [0x00000000eab00000,0x00000000ead00000,0x00000000ead00000)
  from space 2048K, 99% used [0x00000000eb080000,0x00000000eb27e4b0,0x00000000eb280000)
  to   space 3584K, 0% used [0x00000000ead00000,0x00000000ead00000,0x00000000eb080000)
 ParOldGen       total 96256K, used 92826K [0x00000000c0000000, 0x00000000c5e00000, 0x00000000eab00000)
  object space 96256K, 96% used [0x00000000c0000000,0x00000000c5aa6800,0x00000000c5e00000)
 Metaspace       used 68576K, committed 69440K, reserved 1114112K
  class space    used 6935K, committed 7296K, reserved 1048576K
}
Event: 117.173 GC heap after
{Heap after GC invocations=310 (full 14):
 PSYoungGen      total 5632K, used 2270K [0x00000000eab00000, 0x00000000eb380000, 0x0000000100000000)
  eden space 2048K, 0% used [0x00000000eab00000,0x00000000eab00000,0x00000000ead00000)
  from space 3584K, 63% used [0x00000000ead00000,0x00000000eaf379b8,0x00000000eb080000)
  to   space 3072K, 0% used [0x00000000eb080000,0x00000000eb080000,0x00000000eb380000)
 ParOldGen       total 96256K, used 94121K [0x00000000c0000000, 0x00000000c5e00000, 0x00000000eab00000)
  object space 96256K, 97% used [0x00000000c0000000,0x00000000c5bea5a8,0x00000000c5e00000)
 Metaspace       used 68576K, committed 69440K, reserved 1114112K
  class space    used 6935K, committed 7296K, reserved 1048576K
}
Event: 117.178 GC heap before
{Heap before GC invocations=311 (full 14):
 PSYoungGen      total 5632K, used 4318K [0x00000000eab00000, 0x00000000eb380000, 0x0000000100000000)
  eden space 2048K, 100% used [0x00000000eab00000,0x00000000ead00000,0x00000000ead00000)
  from space 3584K, 63% used [0x00000000ead00000,0x00000000eaf379b8,0x00000000eb080000)
  to   space 3072K, 0% used [0x00000000eb080000,0x00000000eb080000,0x00000000eb380000)
 ParOldGen       total 96256K, used 94121K [0x00000000c0000000, 0x00000000c5e00000, 0x00000000eab00000)
  object space 96256K, 97% used [0x00000000c0000000,0x00000000c5bea5a8,0x00000000c5e00000)
 Metaspace       used 68576K, committed 69440K, reserved 1114112K
  class space    used 6935K, committed 7296K, reserved 1048576K
}
Event: 117.182 GC heap after
{Heap after GC invocations=311 (full 14):
 PSYoungGen      total 3072K, used 288K [0x00000000eab00000, 0x00000000eb100000, 0x0000000100000000)
  eden space 2560K, 0% used [0x00000000eab00000,0x00000000eab00000,0x00000000ead80000)
  from space 512K, 56% used [0x00000000eb080000,0x00000000eb0c8000,0x00000000eb100000)
  to   space 1536K, 0% used [0x00000000eae00000,0x00000000eae00000,0x00000000eaf80000)
 ParOldGen       total 96256K, used 95430K [0x00000000c0000000, 0x00000000c5e00000, 0x00000000eab00000)
  object space 96256K, 99% used [0x00000000c0000000,0x00000000c5d319a0,0x00000000c5e00000)
 Metaspace       used 68576K, committed 69440K, reserved 1114112K
  class space    used 6935K, committed 7296K, reserved 1048576K
}
Event: 117.182 GC heap before
{Heap before GC invocations=312 (full 15):
 PSYoungGen      total 3072K, used 288K [0x00000000eab00000, 0x00000000eb100000, 0x0000000100000000)
  eden space 2560K, 0% used [0x00000000eab00000,0x00000000eab00000,0x00000000ead80000)
  from space 512K, 56% used [0x00000000eb080000,0x00000000eb0c8000,0x00000000eb100000)
  to   space 1536K, 0% used [0x00000000eae00000,0x00000000eae00000,0x00000000eaf80000)
 ParOldGen       total 96256K, used 95430K [0x00000000c0000000, 0x00000000c5e00000, 0x00000000eab00000)
  object space 96256K, 99% used [0x00000000c0000000,0x00000000c5d319a0,0x00000000c5e00000)
 Metaspace       used 68576K, committed 69440K, reserved 1114112K
  class space    used 6935K, committed 7296K, reserved 1048576K
}
Event: 117.319 GC heap after
{Heap after GC invocations=312 (full 15):
 PSYoungGen      total 4608K, used 0K [0x00000000eab00000, 0x00000000eb100000, 0x0000000100000000)
  eden space 3072K, 0% used [0x00000000eab00000,0x00000000eab00000,0x00000000eae00000)
  from space 1536K, 0% used [0x00000000eae00000,0x00000000eae00000,0x00000000eaf80000)
  to   space 1536K, 0% used [0x00000000eaf80000,0x00000000eaf80000,0x00000000eb100000)
 ParOldGen       total 82432K, used 48616K [0x00000000c0000000, 0x00000000c5080000, 0x00000000eab00000)
  object space 82432K, 58% used [0x00000000c0000000,0x00000000c2f7a390,0x00000000c5080000)
 Metaspace       used 68576K, committed 69440K, reserved 1114112K
  class space    used 6935K, committed 7296K, reserved 1048576K
}
Event: 117.351 GC heap before
{Heap before GC invocations=313 (full 15):
 PSYoungGen      total 4608K, used 3072K [0x00000000eab00000, 0x00000000eb100000, 0x0000000100000000)
  eden space 3072K, 100% used [0x00000000eab00000,0x00000000eae00000,0x00000000eae00000)
  from space 1536K, 0% used [0x00000000eae00000,0x00000000eae00000,0x00000000eaf80000)
  to   space 1536K, 0% used [0x00000000eaf80000,0x00000000eaf80000,0x00000000eb100000)
 ParOldGen       total 82432K, used 48616K [0x00000000c0000000, 0x00000000c5080000, 0x00000000eab00000)
  object space 82432K, 58% used [0x00000000c0000000,0x00000000c2f7a390,0x00000000c5080000)
 Metaspace       used 68578K, committed 69440K, reserved 1114112K
  class space    used 6935K, committed 7296K, reserved 1048576K
}
Event: 117.355 GC heap after
{Heap after GC invocations=313 (full 15):
 PSYoungGen      total 4608K, used 928K [0x00000000eab00000, 0x00000000eb200000, 0x0000000100000000)
  eden space 3072K, 0% used [0x00000000eab00000,0x00000000eab00000,0x00000000eae00000)
  from space 1536K, 60% used [0x00000000eaf80000,0x00000000eb068000,0x00000000eb100000)
  to   space 1536K, 0% used [0x00000000eae00000,0x00000000eae00000,0x00000000eaf80000)
 ParOldGen       total 82432K, used 48616K [0x00000000c0000000, 0x00000000c5080000, 0x00000000eab00000)
  object space 82432K, 58% used [0x00000000c0000000,0x00000000c2f7a390,0x00000000c5080000)
 Metaspace       used 68578K, committed 69440K, reserved 1114112K
  class space    used 6935K, committed 7296K, reserved 1048576K
}
Event: 117.367 GC heap before
{Heap before GC invocations=314 (full 15):
 PSYoungGen      total 4608K, used 4000K [0x00000000eab00000, 0x00000000eb200000, 0x0000000100000000)
  eden space 3072K, 100% used [0x00000000eab00000,0x00000000eae00000,0x00000000eae00000)
  from space 1536K, 60% used [0x00000000eaf80000,0x00000000eb068000,0x00000000eb100000)
  to   space 1536K, 0% used [0x00000000eae00000,0x00000000eae00000,0x00000000eaf80000)
 ParOldGen       total 82432K, used 48616K [0x00000000c0000000, 0x00000000c5080000, 0x00000000eab00000)
  object space 82432K, 58% used [0x00000000c0000000,0x00000000c2f7a390,0x00000000c5080000)
 Metaspace       used 68579K, committed 69440K, reserved 1114112K
  class space    used 6935K, committed 7296K, reserved 1048576K
}
Event: 117.373 GC heap after
{Heap after GC invocations=314 (full 15):
 PSYoungGen      total 4608K, used 832K [0x00000000eab00000, 0x00000000eb100000, 0x0000000100000000)
  eden space 3072K, 0% used [0x00000000eab00000,0x00000000eab00000,0x00000000eae00000)
  from space 1536K, 54% used [0x00000000eae00000,0x00000000eaed0000,0x00000000eaf80000)
  to   space 1024K, 0% used [0x00000000eb000000,0x00000000eb000000,0x00000000eb100000)
 ParOldGen       total 82432K, used 49480K [0x00000000c0000000, 0x00000000c5080000, 0x00000000eab00000)
  object space 82432K, 60% used [0x00000000c0000000,0x00000000c3052390,0x00000000c5080000)
 Metaspace       used 68579K, committed 69440K, reserved 1114112K
  class space    used 6935K, committed 7296K, reserved 1048576K
}

